04-10 06:44:49 model_name: cnn_features_1d
04-10 06:44:49 data_name: CWRU
04-10 06:44:49 data_dir: /home/workspace/UDA_Bearing_Fault_Diagnosis/Data/CWRU/
04-10 06:44:49 transfer_task: [[2], [0]]
04-10 06:44:49 normlizetype: mean-std
04-10 06:44:49 cuda_device: 0
04-10 06:44:49 checkpoint_dir: ./checkpoint
04-10 06:44:49 pretrained: False
04-10 06:44:49 batch_size: 64
04-10 06:44:49 num_workers: 0
04-10 06:44:49 bottleneck: True
04-10 06:44:49 bottleneck_num: 256
04-10 06:44:49 last_batch: False
04-10 06:44:49 distance_metric: False
04-10 06:44:49 distance_loss: MK-MMD
04-10 06:44:49 trade_off_distance: Step
04-10 06:44:49 lam_distance: 1
04-10 06:44:49 domain_adversarial: True
04-10 06:44:49 adversarial_loss: CDA+E
04-10 06:44:49 hidden_size: 1024
04-10 06:44:49 trade_off_adversarial: Step
04-10 06:44:49 lam_adversarial: 1
04-10 06:44:49 opt: adam
04-10 06:44:49 lr: 0.001
04-10 06:44:49 momentum: 0.9
04-10 06:44:49 weight_decay: 1e-05
04-10 06:44:49 lr_scheduler: step
04-10 06:44:49 gamma: 0.1
04-10 06:44:49 steps: 150, 250
04-10 06:44:49 middle_epoch: 50
04-10 06:44:49 max_epoch: 300
04-10 06:44:49 print_step: 50
04-10 06:44:49 using 1 gpus
04-10 06:44:53 -----Epoch 0/299-----
04-10 06:44:53 current lr: [0.001, 0.001, 0.001, 0.001]
04-10 06:44:53 Epoch: 0 [0/1231], Train Loss: 2.4951 Train Acc: 0.0781,1416.9 examples/sec 0.05 sec/batch
04-10 06:44:53 Epoch: 0 source_train-Loss: 1.8615 source_train-Acc: 0.3664, Cost 0.2 sec
04-10 06:44:53 Epoch: 0 source_val-Loss: 1.4918 source_val-Acc: 0.4740, Cost 0.0 sec
04-10 06:44:53 Epoch: 0 target_val-Loss: 1.7763 target_val-Acc: 0.3640, Cost 0.0 sec
04-10 06:44:53 -----Epoch 1/299-----
04-10 06:44:53 current lr: [0.001, 0.001, 0.001, 0.001]
04-10 06:44:53 Epoch: 1 source_train-Loss: 1.2508 source_train-Acc: 0.5329, Cost 0.1 sec
04-10 06:44:53 Epoch: 1 source_val-Loss: 0.8719 source_val-Acc: 0.7273, Cost 0.0 sec
04-10 06:44:53 Epoch: 1 target_val-Loss: 1.1722 target_val-Acc: 0.6513, Cost 0.0 sec
04-10 06:44:53 -----Epoch 2/299-----
04-10 06:44:53 current lr: [0.001, 0.001, 0.001, 0.001]
04-10 06:44:53 Epoch: 2 [640/1231], Train Loss: 1.3972 Train Acc: 0.5064,9036.7 examples/sec 0.01 sec/batch
04-10 06:44:53 Epoch: 2 source_train-Loss: 0.8709 source_train-Acc: 0.6669, Cost 0.1 sec
04-10 06:44:53 Epoch: 2 source_val-Loss: 0.4807 source_val-Acc: 0.8929, Cost 0.0 sec
04-10 06:44:53 Epoch: 2 target_val-Loss: 0.6509 target_val-Acc: 0.7931, Cost 0.0 sec
04-10 06:44:53 -----Epoch 3/299-----
04-10 06:44:53 current lr: [0.001, 0.001, 0.001, 0.001]
04-10 06:44:53 Epoch: 3 source_train-Loss: 0.6002 source_train-Acc: 0.7669, Cost 0.1 sec
04-10 06:44:53 Epoch: 3 source_val-Loss: 0.2953 source_val-Acc: 0.9416, Cost 0.0 sec
04-10 06:44:53 Epoch: 3 target_val-Loss: 0.4973 target_val-Acc: 0.8161, Cost 0.0 sec
04-10 06:44:53 -----Epoch 4/299-----
04-10 06:44:53 current lr: [0.001, 0.001, 0.001, 0.001]
04-10 06:44:53 Epoch: 4 source_train-Loss: 0.3836 source_train-Acc: 0.8513, Cost 0.1 sec
04-10 06:44:53 Epoch: 4 source_val-Loss: 0.1749 source_val-Acc: 0.9481, Cost 0.0 sec
04-10 06:44:53 Epoch: 4 target_val-Loss: 0.3691 target_val-Acc: 0.8276, Cost 0.0 sec
04-10 06:44:53 -----Epoch 5/299-----
04-10 06:44:53 current lr: [0.001, 0.001, 0.001, 0.001]
04-10 06:44:53 Epoch: 5 [0/1231], Train Loss: 0.5378 Train Acc: 0.7864,9076.4 examples/sec 0.01 sec/batch
04-10 06:44:53 Epoch: 5 source_train-Loss: 0.3578 source_train-Acc: 0.8749, Cost 0.1 sec
04-10 06:44:53 Epoch: 5 source_val-Loss: 0.0965 source_val-Acc: 0.9773, Cost 0.0 sec
04-10 06:44:53 Epoch: 5 target_val-Loss: 0.2156 target_val-Acc: 0.9272, Cost 0.0 sec
04-10 06:44:53 -----Epoch 6/299-----
04-10 06:44:53 current lr: [0.001, 0.001, 0.001, 0.001]
04-10 06:44:53 Epoch: 6 source_train-Loss: 0.2737 source_train-Acc: 0.9066, Cost 0.1 sec
04-10 06:44:54 Epoch: 6 source_val-Loss: 0.1253 source_val-Acc: 0.9578, Cost 0.0 sec
04-10 06:44:54 Epoch: 6 target_val-Loss: 0.3739 target_val-Acc: 0.8736, Cost 0.0 sec
04-10 06:44:54 -----Epoch 7/299-----
04-10 06:44:54 current lr: [0.001, 0.001, 0.001, 0.001]
04-10 06:44:54 Epoch: 7 [640/1231], Train Loss: 0.2836 Train Acc: 0.9023,9758.6 examples/sec 0.01 sec/batch
04-10 06:44:54 Epoch: 7 source_train-Loss: 0.1718 source_train-Acc: 0.9439, Cost 0.1 sec
04-10 06:44:54 Epoch: 7 source_val-Loss: 0.0630 source_val-Acc: 0.9805, Cost 0.0 sec
04-10 06:44:54 Epoch: 7 target_val-Loss: 0.3459 target_val-Acc: 0.8736, Cost 0.0 sec
04-10 06:44:54 -----Epoch 8/299-----
04-10 06:44:54 current lr: [0.001, 0.001, 0.001, 0.001]
04-10 06:44:54 Epoch: 8 source_train-Loss: 0.1485 source_train-Acc: 0.9496, Cost 0.1 sec
04-10 06:44:54 Epoch: 8 source_val-Loss: 0.1001 source_val-Acc: 0.9773, Cost 0.0 sec
04-10 06:44:54 Epoch: 8 target_val-Loss: 0.3641 target_val-Acc: 0.8621, Cost 0.0 sec
04-10 06:44:54 -----Epoch 9/299-----
04-10 06:44:54 current lr: [0.001, 0.001, 0.001, 0.001]
04-10 06:44:54 Epoch: 9 source_train-Loss: 0.1423 source_train-Acc: 0.9545, Cost 0.1 sec
04-10 06:44:54 Epoch: 9 source_val-Loss: 0.0261 source_val-Acc: 0.9903, Cost 0.0 sec
04-10 06:44:54 Epoch: 9 target_val-Loss: 0.1049 target_val-Acc: 0.9732, Cost 0.0 sec
04-10 06:44:54 -----Epoch 10/299-----
04-10 06:44:54 current lr: [0.001, 0.001, 0.001, 0.001]
04-10 06:44:54 Epoch: 10 [0/1231], Train Loss: 0.1485 Train Acc: 0.9512,8185.9 examples/sec 0.01 sec/batch
04-10 06:44:54 Epoch: 10 source_train-Loss: 0.1315 source_train-Acc: 0.9537, Cost 0.1 sec
04-10 06:44:54 Epoch: 10 source_val-Loss: 0.0283 source_val-Acc: 0.9968, Cost 0.0 sec
04-10 06:44:54 Epoch: 10 target_val-Loss: 0.1172 target_val-Acc: 0.9655, Cost 0.0 sec
04-10 06:44:54 -----Epoch 11/299-----
04-10 06:44:54 current lr: [0.001, 0.001, 0.001, 0.001]
04-10 06:44:54 Epoch: 11 source_train-Loss: 0.0934 source_train-Acc: 0.9716, Cost 0.1 sec
04-10 06:44:54 Epoch: 11 source_val-Loss: 0.0695 source_val-Acc: 0.9805, Cost 0.0 sec
04-10 06:44:54 Epoch: 11 target_val-Loss: 0.2228 target_val-Acc: 0.9349, Cost 0.0 sec
04-10 06:44:54 -----Epoch 12/299-----
04-10 06:44:54 current lr: [0.001, 0.001, 0.001, 0.001]
04-10 06:44:54 Epoch: 12 [640/1231], Train Loss: 0.0994 Train Acc: 0.9674,9455.6 examples/sec 0.01 sec/batch
04-10 06:44:54 Epoch: 12 source_train-Loss: 0.0505 source_train-Acc: 0.9829, Cost 0.1 sec
04-10 06:44:54 Epoch: 12 source_val-Loss: 0.0346 source_val-Acc: 0.9903, Cost 0.0 sec
04-10 06:44:54 Epoch: 12 target_val-Loss: 0.1465 target_val-Acc: 0.9579, Cost 0.0 sec
04-10 06:44:54 -----Epoch 13/299-----
04-10 06:44:54 current lr: [0.001, 0.001, 0.001, 0.001]
04-10 06:44:54 Epoch: 13 source_train-Loss: 0.0426 source_train-Acc: 0.9862, Cost 0.1 sec
04-10 06:44:54 Epoch: 13 source_val-Loss: 0.0409 source_val-Acc: 0.9903, Cost 0.0 sec
04-10 06:44:54 Epoch: 13 target_val-Loss: 0.1953 target_val-Acc: 0.9579, Cost 0.0 sec
04-10 06:44:54 -----Epoch 14/299-----
04-10 06:44:54 current lr: [0.001, 0.001, 0.001, 0.001]
04-10 06:44:55 Epoch: 14 source_train-Loss: 0.0429 source_train-Acc: 0.9878, Cost 0.1 sec
04-10 06:44:55 Epoch: 14 source_val-Loss: 0.0142 source_val-Acc: 0.9968, Cost 0.0 sec
04-10 06:44:55 Epoch: 14 target_val-Loss: 0.0947 target_val-Acc: 0.9770, Cost 0.0 sec
04-10 06:44:55 -----Epoch 15/299-----
04-10 06:44:55 current lr: [0.001, 0.001, 0.001, 0.001]
04-10 06:44:55 Epoch: 15 [0/1231], Train Loss: 0.0430 Train Acc: 0.9862,8765.2 examples/sec 0.01 sec/batch
04-10 06:44:55 Epoch: 15 source_train-Loss: 0.0380 source_train-Acc: 0.9886, Cost 0.1 sec
04-10 06:44:55 Epoch: 15 source_val-Loss: 0.0310 source_val-Acc: 0.9968, Cost 0.0 sec
04-10 06:44:55 Epoch: 15 target_val-Loss: 0.1580 target_val-Acc: 0.9617, Cost 0.0 sec
04-10 06:44:55 -----Epoch 16/299-----
04-10 06:44:55 current lr: [0.001, 0.001, 0.001, 0.001]
04-10 06:44:55 Epoch: 16 source_train-Loss: 0.0538 source_train-Acc: 0.9838, Cost 0.1 sec
04-10 06:44:55 Epoch: 16 source_val-Loss: 0.0503 source_val-Acc: 0.9935, Cost 0.0 sec
04-10 06:44:55 Epoch: 16 target_val-Loss: 0.2236 target_val-Acc: 0.9579, Cost 0.0 sec
04-10 06:44:55 -----Epoch 17/299-----
04-10 06:44:55 current lr: [0.001, 0.001, 0.001, 0.001]
04-10 06:44:55 Epoch: 17 [640/1231], Train Loss: 0.0460 Train Acc: 0.9861,9942.2 examples/sec 0.01 sec/batch
04-10 06:44:55 Epoch: 17 source_train-Loss: 0.0419 source_train-Acc: 0.9870, Cost 0.1 sec
04-10 06:44:55 Epoch: 17 source_val-Loss: 0.0121 source_val-Acc: 0.9968, Cost 0.0 sec
04-10 06:44:55 Epoch: 17 target_val-Loss: 0.1135 target_val-Acc: 0.9693, Cost 0.0 sec
04-10 06:44:55 -----Epoch 18/299-----
04-10 06:44:55 current lr: [0.001, 0.001, 0.001, 0.001]
04-10 06:44:55 Epoch: 18 source_train-Loss: 0.0255 source_train-Acc: 0.9943, Cost 0.1 sec
04-10 06:44:55 Epoch: 18 source_val-Loss: 0.0122 source_val-Acc: 0.9968, Cost 0.0 sec
04-10 06:44:55 Epoch: 18 target_val-Loss: 0.0709 target_val-Acc: 0.9923, Cost 0.0 sec
04-10 06:44:55 -----Epoch 19/299-----
04-10 06:44:55 current lr: [0.001, 0.001, 0.001, 0.001]
04-10 06:44:55 Epoch: 19 source_train-Loss: 0.0384 source_train-Acc: 0.9886, Cost 0.1 sec
04-10 06:44:55 Epoch: 19 source_val-Loss: 0.0095 source_val-Acc: 0.9968, Cost 0.0 sec
04-10 06:44:55 Epoch: 19 target_val-Loss: 0.0870 target_val-Acc: 0.9770, Cost 0.0 sec
04-10 06:44:55 -----Epoch 20/299-----
04-10 06:44:55 current lr: [0.001, 0.001, 0.001, 0.001]
04-10 06:44:55 Epoch: 20 [0/1231], Train Loss: 0.0322 Train Acc: 0.9912,8895.3 examples/sec 0.01 sec/batch
04-10 06:44:55 Epoch: 20 source_train-Loss: 0.0247 source_train-Acc: 0.9919, Cost 0.1 sec
04-10 06:44:55 Epoch: 20 source_val-Loss: 0.0369 source_val-Acc: 0.9903, Cost 0.0 sec
04-10 06:44:55 Epoch: 20 target_val-Loss: 0.1838 target_val-Acc: 0.9387, Cost 0.0 sec
04-10 06:44:55 -----Epoch 21/299-----
04-10 06:44:55 current lr: [0.001, 0.001, 0.001, 0.001]
04-10 06:44:56 Epoch: 21 source_train-Loss: 0.0341 source_train-Acc: 0.9903, Cost 0.1 sec
04-10 06:44:56 Epoch: 21 source_val-Loss: 0.0097 source_val-Acc: 0.9968, Cost 0.0 sec
04-10 06:44:56 Epoch: 21 target_val-Loss: 0.0833 target_val-Acc: 0.9770, Cost 0.0 sec
04-10 06:44:56 -----Epoch 22/299-----
04-10 06:44:56 current lr: [0.001, 0.001, 0.001, 0.001]
04-10 06:44:56 Epoch: 22 [640/1231], Train Loss: 0.0299 Train Acc: 0.9913,9239.6 examples/sec 0.01 sec/batch
04-10 06:44:56 Epoch: 22 source_train-Loss: 0.0226 source_train-Acc: 0.9943, Cost 0.1 sec
04-10 06:44:56 Epoch: 22 source_val-Loss: 0.0088 source_val-Acc: 0.9968, Cost 0.0 sec
04-10 06:44:56 Epoch: 22 target_val-Loss: 0.1578 target_val-Acc: 0.9579, Cost 0.0 sec
04-10 06:44:56 -----Epoch 23/299-----
04-10 06:44:56 current lr: [0.001, 0.001, 0.001, 0.001]
04-10 06:44:56 Epoch: 23 source_train-Loss: 0.0183 source_train-Acc: 0.9935, Cost 0.1 sec
04-10 06:44:56 Epoch: 23 source_val-Loss: 0.0022 source_val-Acc: 1.0000, Cost 0.0 sec
04-10 06:44:56 Epoch: 23 target_val-Loss: 0.0906 target_val-Acc: 0.9808, Cost 0.0 sec
04-10 06:44:56 -----Epoch 24/299-----
04-10 06:44:56 current lr: [0.001, 0.001, 0.001, 0.001]
04-10 06:44:56 Epoch: 24 source_train-Loss: 0.0207 source_train-Acc: 0.9927, Cost 0.1 sec
04-10 06:44:56 Epoch: 24 source_val-Loss: 0.0087 source_val-Acc: 0.9968, Cost 0.0 sec
04-10 06:44:56 Epoch: 24 target_val-Loss: 0.1065 target_val-Acc: 0.9847, Cost 0.0 sec
04-10 06:44:56 -----Epoch 25/299-----
04-10 06:44:56 current lr: [0.001, 0.001, 0.001, 0.001]
04-10 06:44:56 Epoch: 25 [0/1231], Train Loss: 0.0182 Train Acc: 0.9938,8730.5 examples/sec 0.01 sec/batch
04-10 06:44:56 Epoch: 25 source_train-Loss: 0.0222 source_train-Acc: 0.9927, Cost 0.1 sec
04-10 06:44:56 Epoch: 25 source_val-Loss: 0.0061 source_val-Acc: 1.0000, Cost 0.0 sec
04-10 06:44:56 Epoch: 25 target_val-Loss: 0.1382 target_val-Acc: 0.9502, Cost 0.0 sec
04-10 06:44:56 -----Epoch 26/299-----
04-10 06:44:56 current lr: [0.001, 0.001, 0.001, 0.001]
04-10 06:44:56 Epoch: 26 source_train-Loss: 0.0255 source_train-Acc: 0.9903, Cost 0.1 sec
04-10 06:44:56 Epoch: 26 source_val-Loss: 0.0214 source_val-Acc: 0.9903, Cost 0.0 sec
04-10 06:44:56 Epoch: 26 target_val-Loss: 0.1810 target_val-Acc: 0.9579, Cost 0.0 sec
04-10 06:44:56 -----Epoch 27/299-----
04-10 06:44:56 current lr: [0.001, 0.001, 0.001, 0.001]
04-10 06:44:56 Epoch: 27 [640/1231], Train Loss: 0.0229 Train Acc: 0.9916,10022.8 examples/sec 0.01 sec/batch
04-10 06:44:56 Epoch: 27 source_train-Loss: 0.0308 source_train-Acc: 0.9878, Cost 0.1 sec
04-10 06:44:56 Epoch: 27 source_val-Loss: 0.0171 source_val-Acc: 0.9968, Cost 0.0 sec
04-10 06:44:56 Epoch: 27 target_val-Loss: 0.1064 target_val-Acc: 0.9655, Cost 0.0 sec
04-10 06:44:56 -----Epoch 28/299-----
04-10 06:44:56 current lr: [0.001, 0.001, 0.001, 0.001]
04-10 06:44:56 Epoch: 28 source_train-Loss: 0.0189 source_train-Acc: 0.9935, Cost 0.1 sec
04-10 06:44:56 Epoch: 28 source_val-Loss: 0.0152 source_val-Acc: 0.9903, Cost 0.0 sec
04-10 06:44:56 Epoch: 28 target_val-Loss: 0.2006 target_val-Acc: 0.9464, Cost 0.0 sec
04-10 06:44:56 -----Epoch 29/299-----
04-10 06:44:56 current lr: [0.001, 0.001, 0.001, 0.001]
04-10 06:44:57 Epoch: 29 source_train-Loss: 0.0302 source_train-Acc: 0.9903, Cost 0.1 sec
04-10 06:44:57 Epoch: 29 source_val-Loss: 0.0062 source_val-Acc: 1.0000, Cost 0.0 sec
04-10 06:44:57 Epoch: 29 target_val-Loss: 0.0895 target_val-Acc: 0.9808, Cost 0.0 sec
04-10 06:44:57 -----Epoch 30/299-----
04-10 06:44:57 current lr: [0.001, 0.001, 0.001, 0.001]
04-10 06:44:57 Epoch: 30 [0/1231], Train Loss: 0.0286 Train Acc: 0.9898,8996.2 examples/sec 0.01 sec/batch
04-10 06:44:57 Epoch: 30 source_train-Loss: 0.0189 source_train-Acc: 0.9935, Cost 0.1 sec
04-10 06:44:57 Epoch: 30 source_val-Loss: 0.0231 source_val-Acc: 0.9968, Cost 0.0 sec
04-10 06:44:57 Epoch: 30 target_val-Loss: 0.1099 target_val-Acc: 0.9693, Cost 0.0 sec
04-10 06:44:57 -----Epoch 31/299-----
04-10 06:44:57 current lr: [0.001, 0.001, 0.001, 0.001]
04-10 06:44:57 Epoch: 31 source_train-Loss: 0.0249 source_train-Acc: 0.9903, Cost 0.1 sec
04-10 06:44:57 Epoch: 31 source_val-Loss: 0.0452 source_val-Acc: 0.9870, Cost 0.0 sec
04-10 06:44:57 Epoch: 31 target_val-Loss: 0.4109 target_val-Acc: 0.9195, Cost 0.0 sec
04-10 06:44:57 -----Epoch 32/299-----
04-10 06:44:57 current lr: [0.001, 0.001, 0.001, 0.001]
04-10 06:44:57 Epoch: 32 [640/1231], Train Loss: 0.0207 Train Acc: 0.9932,10031.6 examples/sec 0.01 sec/batch
04-10 06:44:57 Epoch: 32 source_train-Loss: 0.0185 source_train-Acc: 0.9935, Cost 0.1 sec
04-10 06:44:57 Epoch: 32 source_val-Loss: 0.0392 source_val-Acc: 0.9935, Cost 0.0 sec
04-10 06:44:57 Epoch: 32 target_val-Loss: 0.1569 target_val-Acc: 0.9617, Cost 0.0 sec
04-10 06:44:57 -----Epoch 33/299-----
04-10 06:44:57 current lr: [0.001, 0.001, 0.001, 0.001]
04-10 06:44:57 Epoch: 33 source_train-Loss: 0.0121 source_train-Acc: 0.9976, Cost 0.1 sec
04-10 06:44:57 Epoch: 33 source_val-Loss: 0.0009 source_val-Acc: 1.0000, Cost 0.0 sec
04-10 06:44:57 Epoch: 33 target_val-Loss: 0.1104 target_val-Acc: 0.9808, Cost 0.0 sec
04-10 06:44:57 -----Epoch 34/299-----
04-10 06:44:57 current lr: [0.001, 0.001, 0.001, 0.001]
04-10 06:44:57 Epoch: 34 source_train-Loss: 0.0126 source_train-Acc: 0.9968, Cost 0.1 sec
04-10 06:44:57 Epoch: 34 source_val-Loss: 0.0133 source_val-Acc: 0.9935, Cost 0.0 sec
04-10 06:44:57 Epoch: 34 target_val-Loss: 0.0968 target_val-Acc: 0.9732, Cost 0.0 sec
04-10 06:44:57 -----Epoch 35/299-----
04-10 06:44:57 current lr: [0.001, 0.001, 0.001, 0.001]
04-10 06:44:57 Epoch: 35 [0/1231], Train Loss: 0.0138 Train Acc: 0.9954,9166.5 examples/sec 0.01 sec/batch
04-10 06:44:57 Epoch: 35 source_train-Loss: 0.0167 source_train-Acc: 0.9935, Cost 0.1 sec
04-10 06:44:57 Epoch: 35 source_val-Loss: 0.0561 source_val-Acc: 0.9870, Cost 0.0 sec
04-10 06:44:57 Epoch: 35 target_val-Loss: 0.2328 target_val-Acc: 0.9579, Cost 0.0 sec
04-10 06:44:57 -----Epoch 36/299-----
04-10 06:44:57 current lr: [0.001, 0.001, 0.001, 0.001]
04-10 06:44:57 Epoch: 36 source_train-Loss: 0.0204 source_train-Acc: 0.9927, Cost 0.1 sec
04-10 06:44:58 Epoch: 36 source_val-Loss: 0.0197 source_val-Acc: 0.9935, Cost 0.0 sec
04-10 06:44:58 Epoch: 36 target_val-Loss: 0.2550 target_val-Acc: 0.9464, Cost 0.0 sec
04-10 06:44:58 -----Epoch 37/299-----
04-10 06:44:58 current lr: [0.001, 0.001, 0.001, 0.001]
04-10 06:44:58 Epoch: 37 [640/1231], Train Loss: 0.0172 Train Acc: 0.9939,10037.2 examples/sec 0.01 sec/batch
04-10 06:44:58 Epoch: 37 source_train-Loss: 0.0126 source_train-Acc: 0.9951, Cost 0.1 sec
04-10 06:44:58 Epoch: 37 source_val-Loss: 0.0121 source_val-Acc: 0.9968, Cost 0.0 sec
04-10 06:44:58 Epoch: 37 target_val-Loss: 0.1312 target_val-Acc: 0.9732, Cost 0.0 sec
04-10 06:44:58 -----Epoch 38/299-----
04-10 06:44:58 current lr: [0.001, 0.001, 0.001, 0.001]
04-10 06:44:58 Epoch: 38 source_train-Loss: 0.0178 source_train-Acc: 0.9943, Cost 0.1 sec
04-10 06:44:58 Epoch: 38 source_val-Loss: 0.0007 source_val-Acc: 1.0000, Cost 0.0 sec
04-10 06:44:58 Epoch: 38 target_val-Loss: 0.1289 target_val-Acc: 0.9808, Cost 0.0 sec
04-10 06:44:58 -----Epoch 39/299-----
04-10 06:44:58 current lr: [0.001, 0.001, 0.001, 0.001]
04-10 06:44:58 Epoch: 39 source_train-Loss: 0.0232 source_train-Acc: 0.9911, Cost 0.1 sec
04-10 06:44:58 Epoch: 39 source_val-Loss: 0.0117 source_val-Acc: 0.9935, Cost 0.0 sec
04-10 06:44:58 Epoch: 39 target_val-Loss: 0.2300 target_val-Acc: 0.9655, Cost 0.0 sec
04-10 06:44:58 -----Epoch 40/299-----
04-10 06:44:58 current lr: [0.001, 0.001, 0.001, 0.001]
04-10 06:44:58 Epoch: 40 [0/1231], Train Loss: 0.0189 Train Acc: 0.9931,9206.0 examples/sec 0.01 sec/batch
04-10 06:44:58 Epoch: 40 source_train-Loss: 0.0084 source_train-Acc: 0.9976, Cost 0.1 sec
04-10 06:44:58 Epoch: 40 source_val-Loss: 0.0001 source_val-Acc: 1.0000, Cost 0.0 sec
04-10 06:44:58 Epoch: 40 target_val-Loss: 0.1465 target_val-Acc: 0.9655, Cost 0.0 sec
04-10 06:44:58 -----Epoch 41/299-----
04-10 06:44:58 current lr: [0.001, 0.001, 0.001, 0.001]
04-10 06:44:58 Epoch: 41 source_train-Loss: 0.0113 source_train-Acc: 0.9943, Cost 0.1 sec
04-10 06:44:58 Epoch: 41 source_val-Loss: 0.0067 source_val-Acc: 0.9968, Cost 0.0 sec
04-10 06:44:58 Epoch: 41 target_val-Loss: 0.1384 target_val-Acc: 0.9770, Cost 0.0 sec
04-10 06:44:58 -----Epoch 42/299-----
04-10 06:44:58 current lr: [0.001, 0.001, 0.001, 0.001]
04-10 06:44:58 Epoch: 42 [640/1231], Train Loss: 0.0116 Train Acc: 0.9955,9691.1 examples/sec 0.01 sec/batch
04-10 06:44:58 Epoch: 42 source_train-Loss: 0.0160 source_train-Acc: 0.9943, Cost 0.1 sec
04-10 06:44:58 Epoch: 42 source_val-Loss: 0.0044 source_val-Acc: 0.9968, Cost 0.0 sec
04-10 06:44:58 Epoch: 42 target_val-Loss: 0.1157 target_val-Acc: 0.9770, Cost 0.0 sec
04-10 06:44:58 -----Epoch 43/299-----
04-10 06:44:58 current lr: [0.001, 0.001, 0.001, 0.001]
04-10 06:44:58 Epoch: 43 source_train-Loss: 0.0109 source_train-Acc: 0.9976, Cost 0.1 sec
04-10 06:44:58 Epoch: 43 source_val-Loss: 0.0215 source_val-Acc: 0.9968, Cost 0.0 sec
04-10 06:44:58 Epoch: 43 target_val-Loss: 0.1511 target_val-Acc: 0.9617, Cost 0.0 sec
04-10 06:44:58 -----Epoch 44/299-----
04-10 06:44:58 current lr: [0.001, 0.001, 0.001, 0.001]
04-10 06:44:59 Epoch: 44 source_train-Loss: 0.0152 source_train-Acc: 0.9959, Cost 0.1 sec
04-10 06:44:59 Epoch: 44 source_val-Loss: 0.0000 source_val-Acc: 1.0000, Cost 0.0 sec
04-10 06:44:59 Epoch: 44 target_val-Loss: 0.1107 target_val-Acc: 0.9847, Cost 0.0 sec
04-10 06:44:59 -----Epoch 45/299-----
04-10 06:44:59 current lr: [0.001, 0.001, 0.001, 0.001]
04-10 06:44:59 Epoch: 45 [0/1231], Train Loss: 0.0135 Train Acc: 0.9961,9104.8 examples/sec 0.01 sec/batch
04-10 06:44:59 Epoch: 45 source_train-Loss: 0.0175 source_train-Acc: 0.9951, Cost 0.1 sec
04-10 06:44:59 Epoch: 45 source_val-Loss: 0.0019 source_val-Acc: 1.0000, Cost 0.0 sec
04-10 06:44:59 Epoch: 45 target_val-Loss: 0.1414 target_val-Acc: 0.9732, Cost 0.0 sec
04-10 06:44:59 -----Epoch 46/299-----
04-10 06:44:59 current lr: [0.001, 0.001, 0.001, 0.001]
04-10 06:44:59 Epoch: 46 source_train-Loss: 0.0223 source_train-Acc: 0.9943, Cost 0.1 sec
04-10 06:44:59 Epoch: 46 source_val-Loss: 0.0012 source_val-Acc: 1.0000, Cost 0.0 sec
04-10 06:44:59 Epoch: 46 target_val-Loss: 0.2695 target_val-Acc: 0.9349, Cost 0.0 sec
04-10 06:44:59 -----Epoch 47/299-----
04-10 06:44:59 current lr: [0.001, 0.001, 0.001, 0.001]
04-10 06:44:59 Epoch: 47 [640/1231], Train Loss: 0.0182 Train Acc: 0.9948,9935.3 examples/sec 0.01 sec/batch
04-10 06:44:59 Epoch: 47 source_train-Loss: 0.0092 source_train-Acc: 0.9959, Cost 0.1 sec
04-10 06:44:59 Epoch: 47 source_val-Loss: 0.0020 source_val-Acc: 1.0000, Cost 0.0 sec
04-10 06:44:59 Epoch: 47 target_val-Loss: 0.1362 target_val-Acc: 0.9693, Cost 0.0 sec
04-10 06:44:59 -----Epoch 48/299-----
04-10 06:44:59 current lr: [0.001, 0.001, 0.001, 0.001]
04-10 06:44:59 Epoch: 48 source_train-Loss: 0.0198 source_train-Acc: 0.9951, Cost 0.1 sec
04-10 06:44:59 Epoch: 48 source_val-Loss: 0.0161 source_val-Acc: 0.9935, Cost 0.0 sec
04-10 06:44:59 Epoch: 48 target_val-Loss: 0.1384 target_val-Acc: 0.9732, Cost 0.0 sec
04-10 06:44:59 -----Epoch 49/299-----
04-10 06:44:59 current lr: [0.001, 0.001, 0.001, 0.001]
04-10 06:44:59 Epoch: 49 source_train-Loss: 0.0100 source_train-Acc: 0.9976, Cost 0.1 sec
04-10 06:44:59 Epoch: 49 source_val-Loss: 0.0042 source_val-Acc: 0.9968, Cost 0.0 sec
04-10 06:44:59 Epoch: 49 target_val-Loss: 0.1331 target_val-Acc: 0.9732, Cost 0.0 sec
04-10 06:44:59 -----Epoch 50/299-----
04-10 06:44:59 current lr: [0.001, 0.001, 0.001, 0.001]
04-10 06:44:59 Epoch: 50 [0/1231], Train Loss: 0.0277 Train Acc: 0.9967,8974.8 examples/sec 0.01 sec/batch
04-10 06:44:59 Epoch: 50 source_train-Loss: 0.7361 source_train-Acc: 0.9984, Cost 0.2 sec
04-10 06:44:59 Epoch: 50 source_val-Loss: 0.0020 source_val-Acc: 1.0000, Cost 0.0 sec
04-10 06:44:59 Epoch: 50 target_val-Loss: 0.1175 target_val-Acc: 0.9770, Cost 0.0 sec
04-10 06:44:59 save best model epoch 50, acc 0.9770
04-10 06:44:59 -----Epoch 51/299-----
04-10 06:44:59 current lr: [0.001, 0.001, 0.001, 0.001]
04-10 06:45:00 Epoch: 51 source_train-Loss: 0.7077 source_train-Acc: 0.9951, Cost 0.2 sec
04-10 06:45:00 Epoch: 51 source_val-Loss: 0.0001 source_val-Acc: 1.0000, Cost 0.0 sec
04-10 06:45:00 Epoch: 51 target_val-Loss: 0.1650 target_val-Acc: 0.9808, Cost 0.0 sec
04-10 06:45:00 save best model epoch 51, acc 0.9808
04-10 06:45:00 -----Epoch 52/299-----
04-10 06:45:00 current lr: [0.001, 0.001, 0.001, 0.001]
04-10 06:45:00 Epoch: 52 [640/1231], Train Loss: 0.7187 Train Acc: 0.9971,6093.3 examples/sec 0.01 sec/batch
04-10 06:45:00 Epoch: 52 source_train-Loss: 0.6947 source_train-Acc: 0.9984, Cost 0.2 sec
04-10 06:45:00 Epoch: 52 source_val-Loss: 0.0016 source_val-Acc: 1.0000, Cost 0.0 sec
04-10 06:45:00 Epoch: 52 target_val-Loss: 0.2046 target_val-Acc: 0.9464, Cost 0.0 sec
04-10 06:45:00 -----Epoch 53/299-----
04-10 06:45:00 current lr: [0.001, 0.001, 0.001, 0.001]
04-10 06:45:00 Epoch: 53 source_train-Loss: 0.6697 source_train-Acc: 0.9984, Cost 0.2 sec
04-10 06:45:00 Epoch: 53 source_val-Loss: 0.0013 source_val-Acc: 1.0000, Cost 0.0 sec
04-10 06:45:00 Epoch: 53 target_val-Loss: 0.1808 target_val-Acc: 0.9540, Cost 0.0 sec
04-10 06:45:00 -----Epoch 54/299-----
04-10 06:45:00 current lr: [0.001, 0.001, 0.001, 0.001]
04-10 06:45:00 Epoch: 54 source_train-Loss: 0.6873 source_train-Acc: 0.9935, Cost 0.2 sec
04-10 06:45:00 Epoch: 54 source_val-Loss: 0.0076 source_val-Acc: 0.9935, Cost 0.0 sec
04-10 06:45:00 Epoch: 54 target_val-Loss: 0.1871 target_val-Acc: 0.9655, Cost 0.0 sec
04-10 06:45:00 -----Epoch 55/299-----
04-10 06:45:00 current lr: [0.001, 0.001, 0.001, 0.001]
04-10 06:45:00 Epoch: 55 [0/1231], Train Loss: 0.6788 Train Acc: 0.9964,5639.7 examples/sec 0.01 sec/batch
04-10 06:45:00 Epoch: 55 source_train-Loss: 0.6812 source_train-Acc: 0.9951, Cost 0.2 sec
04-10 06:45:00 Epoch: 55 source_val-Loss: 0.0309 source_val-Acc: 0.9903, Cost 0.0 sec
04-10 06:45:00 Epoch: 55 target_val-Loss: 0.4539 target_val-Acc: 0.9234, Cost 0.0 sec
04-10 06:45:00 -----Epoch 56/299-----
04-10 06:45:00 current lr: [0.001, 0.001, 0.001, 0.001]
04-10 06:45:01 Epoch: 56 source_train-Loss: 0.6691 source_train-Acc: 0.9959, Cost 0.2 sec
04-10 06:45:01 Epoch: 56 source_val-Loss: 0.0429 source_val-Acc: 0.9870, Cost 0.0 sec
04-10 06:45:01 Epoch: 56 target_val-Loss: 0.4366 target_val-Acc: 0.9464, Cost 0.0 sec
04-10 06:45:01 -----Epoch 57/299-----
04-10 06:45:01 current lr: [0.001, 0.001, 0.001, 0.001]
04-10 06:45:01 Epoch: 57 [640/1231], Train Loss: 0.6770 Train Acc: 0.9948,5826.5 examples/sec 0.01 sec/batch
04-10 06:45:01 Epoch: 57 source_train-Loss: 0.6798 source_train-Acc: 0.9935, Cost 0.2 sec
04-10 06:45:01 Epoch: 57 source_val-Loss: 0.0056 source_val-Acc: 0.9968, Cost 0.0 sec
04-10 06:45:01 Epoch: 57 target_val-Loss: 0.1249 target_val-Acc: 0.9732, Cost 0.0 sec
04-10 06:45:01 -----Epoch 58/299-----
04-10 06:45:01 current lr: [0.001, 0.001, 0.001, 0.001]
04-10 06:45:01 Epoch: 58 source_train-Loss: 0.6926 source_train-Acc: 0.9943, Cost 0.2 sec
04-10 06:45:01 Epoch: 58 source_val-Loss: 0.0056 source_val-Acc: 0.9968, Cost 0.0 sec
04-10 06:45:01 Epoch: 58 target_val-Loss: 0.0558 target_val-Acc: 0.9923, Cost 0.0 sec
04-10 06:45:01 save best model epoch 58, acc 0.9923
04-10 06:45:01 -----Epoch 59/299-----
04-10 06:45:01 current lr: [0.001, 0.001, 0.001, 0.001]
04-10 06:45:01 Epoch: 59 source_train-Loss: 0.6899 source_train-Acc: 0.9927, Cost 0.2 sec
04-10 06:45:01 Epoch: 59 source_val-Loss: 0.0000 source_val-Acc: 1.0000, Cost 0.0 sec
04-10 06:45:01 Epoch: 59 target_val-Loss: 0.0899 target_val-Acc: 0.9885, Cost 0.0 sec
04-10 06:45:01 -----Epoch 60/299-----
04-10 06:45:01 current lr: [0.001, 0.001, 0.001, 0.001]
04-10 06:45:01 Epoch: 60 [0/1231], Train Loss: 0.6882 Train Acc: 0.9938,5413.3 examples/sec 0.01 sec/batch
04-10 06:45:02 Epoch: 60 source_train-Loss: 0.6868 source_train-Acc: 0.9943, Cost 0.2 sec
04-10 06:45:02 Epoch: 60 source_val-Loss: 0.0090 source_val-Acc: 0.9968, Cost 0.0 sec
04-10 06:45:02 Epoch: 60 target_val-Loss: 0.1539 target_val-Acc: 0.9808, Cost 0.0 sec
04-10 06:45:02 -----Epoch 61/299-----
04-10 06:45:02 current lr: [0.001, 0.001, 0.001, 0.001]
04-10 06:45:02 Epoch: 61 source_train-Loss: 0.7030 source_train-Acc: 0.9935, Cost 0.2 sec
04-10 06:45:02 Epoch: 61 source_val-Loss: 0.0444 source_val-Acc: 0.9935, Cost 0.0 sec
04-10 06:45:02 Epoch: 61 target_val-Loss: 0.1697 target_val-Acc: 0.9617, Cost 0.0 sec
04-10 06:45:02 -----Epoch 62/299-----
04-10 06:45:02 current lr: [0.001, 0.001, 0.001, 0.001]
04-10 06:45:02 Epoch: 62 [640/1231], Train Loss: 0.6928 Train Acc: 0.9942,5830.6 examples/sec 0.01 sec/batch
04-10 06:45:02 Epoch: 62 source_train-Loss: 0.6811 source_train-Acc: 0.9951, Cost 0.2 sec
04-10 06:45:02 Epoch: 62 source_val-Loss: 0.0214 source_val-Acc: 0.9935, Cost 0.0 sec
04-10 06:45:02 Epoch: 62 target_val-Loss: 0.1091 target_val-Acc: 0.9770, Cost 0.0 sec
04-10 06:45:02 -----Epoch 63/299-----
04-10 06:45:02 current lr: [0.001, 0.001, 0.001, 0.001]
04-10 06:45:02 Epoch: 63 source_train-Loss: 0.7002 source_train-Acc: 0.9911, Cost 0.2 sec
04-10 06:45:02 Epoch: 63 source_val-Loss: 0.0014 source_val-Acc: 1.0000, Cost 0.0 sec
04-10 06:45:02 Epoch: 63 target_val-Loss: 0.1567 target_val-Acc: 0.9732, Cost 0.0 sec
04-10 06:45:02 -----Epoch 64/299-----
04-10 06:45:02 current lr: [0.001, 0.001, 0.001, 0.001]
04-10 06:45:02 Epoch: 64 source_train-Loss: 0.7056 source_train-Acc: 0.9886, Cost 0.2 sec
04-10 06:45:02 Epoch: 64 source_val-Loss: 0.0010 source_val-Acc: 1.0000, Cost 0.0 sec
04-10 06:45:02 Epoch: 64 target_val-Loss: 0.1641 target_val-Acc: 0.9732, Cost 0.0 sec
04-10 06:45:02 -----Epoch 65/299-----
04-10 06:45:02 current lr: [0.001, 0.001, 0.001, 0.001]
04-10 06:45:02 Epoch: 65 [0/1231], Train Loss: 0.6982 Train Acc: 0.9905,5502.3 examples/sec 0.01 sec/batch
04-10 06:45:03 Epoch: 65 source_train-Loss: 0.6821 source_train-Acc: 0.9911, Cost 0.2 sec
04-10 06:45:03 Epoch: 65 source_val-Loss: 0.0144 source_val-Acc: 0.9935, Cost 0.0 sec
04-10 06:45:03 Epoch: 65 target_val-Loss: 0.2172 target_val-Acc: 0.9540, Cost 0.0 sec
04-10 06:45:03 -----Epoch 66/299-----
04-10 06:45:03 current lr: [0.001, 0.001, 0.001, 0.001]
04-10 06:45:03 Epoch: 66 source_train-Loss: 0.6845 source_train-Acc: 0.9951, Cost 0.2 sec
04-10 06:45:03 Epoch: 66 source_val-Loss: 0.0000 source_val-Acc: 1.0000, Cost 0.0 sec
04-10 06:45:03 Epoch: 66 target_val-Loss: 0.0899 target_val-Acc: 0.9923, Cost 0.0 sec
04-10 06:45:03 -----Epoch 67/299-----
04-10 06:45:03 current lr: [0.001, 0.001, 0.001, 0.001]
04-10 06:45:03 Epoch: 67 [640/1231], Train Loss: 0.6861 Train Acc: 0.9932,6008.1 examples/sec 0.01 sec/batch
04-10 06:45:03 Epoch: 67 source_train-Loss: 0.6978 source_train-Acc: 0.9927, Cost 0.2 sec
04-10 06:45:03 Epoch: 67 source_val-Loss: 0.0041 source_val-Acc: 1.0000, Cost 0.0 sec
04-10 06:45:03 Epoch: 67 target_val-Loss: 0.1722 target_val-Acc: 0.9732, Cost 0.0 sec
04-10 06:45:03 -----Epoch 68/299-----
04-10 06:45:03 current lr: [0.001, 0.001, 0.001, 0.001]
04-10 06:45:03 Epoch: 68 source_train-Loss: 0.6877 source_train-Acc: 0.9968, Cost 0.2 sec
04-10 06:45:03 Epoch: 68 source_val-Loss: 0.0021 source_val-Acc: 1.0000, Cost 0.0 sec
04-10 06:45:03 Epoch: 68 target_val-Loss: 0.1208 target_val-Acc: 0.9770, Cost 0.0 sec
04-10 06:45:03 -----Epoch 69/299-----
04-10 06:45:03 current lr: [0.001, 0.001, 0.001, 0.001]
04-10 06:45:03 Epoch: 69 source_train-Loss: 0.6859 source_train-Acc: 0.9959, Cost 0.2 sec
04-10 06:45:03 Epoch: 69 source_val-Loss: 0.0222 source_val-Acc: 0.9968, Cost 0.0 sec
04-10 06:45:03 Epoch: 69 target_val-Loss: 0.1455 target_val-Acc: 0.9655, Cost 0.0 sec
04-10 06:45:03 -----Epoch 70/299-----
04-10 06:45:03 current lr: [0.001, 0.001, 0.001, 0.001]
04-10 06:45:04 Epoch: 70 [0/1231], Train Loss: 0.6884 Train Acc: 0.9957,5657.7 examples/sec 0.01 sec/batch
04-10 06:45:04 Epoch: 70 source_train-Loss: 0.7033 source_train-Acc: 0.9968, Cost 0.2 sec
04-10 06:45:04 Epoch: 70 source_val-Loss: 0.0020 source_val-Acc: 1.0000, Cost 0.0 sec
04-10 06:45:04 Epoch: 70 target_val-Loss: 0.0829 target_val-Acc: 0.9923, Cost 0.0 sec
04-10 06:45:04 -----Epoch 71/299-----
04-10 06:45:04 current lr: [0.001, 0.001, 0.001, 0.001]
04-10 06:45:04 Epoch: 71 source_train-Loss: 0.6875 source_train-Acc: 0.9992, Cost 0.2 sec
04-10 06:45:04 Epoch: 71 source_val-Loss: 0.0047 source_val-Acc: 0.9968, Cost 0.0 sec
04-10 06:45:04 Epoch: 71 target_val-Loss: 0.0587 target_val-Acc: 0.9847, Cost 0.0 sec
04-10 06:45:04 -----Epoch 72/299-----
04-10 06:45:04 current lr: [0.001, 0.001, 0.001, 0.001]
04-10 06:45:04 Epoch: 72 [640/1231], Train Loss: 0.6921 Train Acc: 0.9977,5600.6 examples/sec 0.01 sec/batch
04-10 06:45:04 Epoch: 72 source_train-Loss: 0.6851 source_train-Acc: 0.9968, Cost 0.2 sec
04-10 06:45:04 Epoch: 72 source_val-Loss: 0.0000 source_val-Acc: 1.0000, Cost 0.0 sec
04-10 06:45:04 Epoch: 72 target_val-Loss: 0.0837 target_val-Acc: 0.9885, Cost 0.0 sec
04-10 06:45:04 -----Epoch 73/299-----
04-10 06:45:04 current lr: [0.001, 0.001, 0.001, 0.001]
04-10 06:45:04 Epoch: 73 source_train-Loss: 0.6844 source_train-Acc: 0.9976, Cost 0.2 sec
04-10 06:45:04 Epoch: 73 source_val-Loss: 0.0000 source_val-Acc: 1.0000, Cost 0.0 sec
04-10 06:45:04 Epoch: 73 target_val-Loss: 0.0638 target_val-Acc: 0.9885, Cost 0.0 sec
04-10 06:45:04 -----Epoch 74/299-----
04-10 06:45:04 current lr: [0.001, 0.001, 0.001, 0.001]
04-10 06:45:05 Epoch: 74 source_train-Loss: 0.6980 source_train-Acc: 0.9935, Cost 0.2 sec
04-10 06:45:05 Epoch: 74 source_val-Loss: 0.0000 source_val-Acc: 1.0000, Cost 0.0 sec
04-10 06:45:05 Epoch: 74 target_val-Loss: 0.0909 target_val-Acc: 0.9923, Cost 0.0 sec
04-10 06:45:05 -----Epoch 75/299-----
04-10 06:45:05 current lr: [0.001, 0.001, 0.001, 0.001]
04-10 06:45:05 Epoch: 75 [0/1231], Train Loss: 0.6911 Train Acc: 0.9957,5237.4 examples/sec 0.01 sec/batch
04-10 06:45:05 Epoch: 75 source_train-Loss: 0.6958 source_train-Acc: 0.9959, Cost 0.2 sec
04-10 06:45:05 Epoch: 75 source_val-Loss: 0.0952 source_val-Acc: 0.9838, Cost 0.0 sec
04-10 06:45:05 Epoch: 75 target_val-Loss: 0.1761 target_val-Acc: 0.9693, Cost 0.0 sec
04-10 06:45:05 -----Epoch 76/299-----
04-10 06:45:05 current lr: [0.001, 0.001, 0.001, 0.001]
04-10 06:45:05 Epoch: 76 source_train-Loss: 0.7112 source_train-Acc: 0.9951, Cost 0.2 sec
04-10 06:45:05 Epoch: 76 source_val-Loss: 0.0045 source_val-Acc: 0.9968, Cost 0.0 sec
04-10 06:45:05 Epoch: 76 target_val-Loss: 0.0674 target_val-Acc: 0.9923, Cost 0.0 sec
04-10 06:45:05 -----Epoch 77/299-----
04-10 06:45:05 current lr: [0.001, 0.001, 0.001, 0.001]
04-10 06:45:05 Epoch: 77 [640/1231], Train Loss: 0.6995 Train Acc: 0.9965,5381.9 examples/sec 0.01 sec/batch
04-10 06:45:05 Epoch: 77 source_train-Loss: 0.6835 source_train-Acc: 1.0000, Cost 0.2 sec
04-10 06:45:05 Epoch: 77 source_val-Loss: 0.0024 source_val-Acc: 0.9968, Cost 0.0 sec
04-10 06:45:05 Epoch: 77 target_val-Loss: 0.0345 target_val-Acc: 0.9923, Cost 0.0 sec
04-10 06:45:05 -----Epoch 78/299-----
04-10 06:45:05 current lr: [0.001, 0.001, 0.001, 0.001]
04-10 06:45:06 Epoch: 78 source_train-Loss: 0.6885 source_train-Acc: 0.9976, Cost 0.2 sec
04-10 06:45:06 Epoch: 78 source_val-Loss: 0.0000 source_val-Acc: 1.0000, Cost 0.0 sec
04-10 06:45:06 Epoch: 78 target_val-Loss: 0.0739 target_val-Acc: 0.9923, Cost 0.0 sec
04-10 06:45:06 -----Epoch 79/299-----
04-10 06:45:06 current lr: [0.001, 0.001, 0.001, 0.001]
04-10 06:45:06 Epoch: 79 source_train-Loss: 0.7117 source_train-Acc: 0.9959, Cost 0.2 sec
04-10 06:45:06 Epoch: 79 source_val-Loss: 0.0109 source_val-Acc: 0.9935, Cost 0.0 sec
04-10 06:45:06 Epoch: 79 target_val-Loss: 0.0830 target_val-Acc: 0.9808, Cost 0.0 sec
04-10 06:45:06 -----Epoch 80/299-----
04-10 06:45:06 current lr: [0.001, 0.001, 0.001, 0.001]
04-10 06:45:06 Epoch: 80 [0/1231], Train Loss: 0.6975 Train Acc: 0.9974,5420.7 examples/sec 0.01 sec/batch
04-10 06:45:06 Epoch: 80 source_train-Loss: 0.8503 source_train-Acc: 0.9740, Cost 0.2 sec
04-10 06:45:06 Epoch: 80 source_val-Loss: 0.0787 source_val-Acc: 0.9838, Cost 0.0 sec
04-10 06:45:06 Epoch: 80 target_val-Loss: 0.2313 target_val-Acc: 0.9425, Cost 0.0 sec
04-10 06:45:06 -----Epoch 81/299-----
04-10 06:45:06 current lr: [0.001, 0.001, 0.001, 0.001]
04-10 06:45:06 Epoch: 81 source_train-Loss: 0.7213 source_train-Acc: 0.9878, Cost 0.2 sec
04-10 06:45:06 Epoch: 81 source_val-Loss: 0.0010 source_val-Acc: 1.0000, Cost 0.0 sec
04-10 06:45:06 Epoch: 81 target_val-Loss: 0.0789 target_val-Acc: 0.9885, Cost 0.0 sec
04-10 06:45:06 -----Epoch 82/299-----
04-10 06:45:06 current lr: [0.001, 0.001, 0.001, 0.001]
04-10 06:45:06 Epoch: 82 [640/1231], Train Loss: 0.7662 Train Acc: 0.9839,5496.9 examples/sec 0.01 sec/batch
04-10 06:45:06 Epoch: 82 source_train-Loss: 0.6855 source_train-Acc: 0.9968, Cost 0.2 sec
04-10 06:45:06 Epoch: 82 source_val-Loss: 0.0504 source_val-Acc: 0.9935, Cost 0.0 sec
04-10 06:45:06 Epoch: 82 target_val-Loss: 0.2711 target_val-Acc: 0.9579, Cost 0.0 sec
04-10 06:45:06 -----Epoch 83/299-----
04-10 06:45:06 current lr: [0.001, 0.001, 0.001, 0.001]
04-10 06:45:07 Epoch: 83 source_train-Loss: 0.7014 source_train-Acc: 0.9935, Cost 0.2 sec
04-10 06:45:07 Epoch: 83 source_val-Loss: 0.0000 source_val-Acc: 1.0000, Cost 0.0 sec
04-10 06:45:07 Epoch: 83 target_val-Loss: 0.0765 target_val-Acc: 0.9923, Cost 0.0 sec
04-10 06:45:07 -----Epoch 84/299-----
04-10 06:45:07 current lr: [0.001, 0.001, 0.001, 0.001]
04-10 06:45:07 Epoch: 84 source_train-Loss: 0.7042 source_train-Acc: 0.9959, Cost 0.2 sec
04-10 06:45:07 Epoch: 84 source_val-Loss: 0.0000 source_val-Acc: 1.0000, Cost 0.0 sec
04-10 06:45:07 Epoch: 84 target_val-Loss: 0.0425 target_val-Acc: 0.9923, Cost 0.0 sec
04-10 06:45:07 -----Epoch 85/299-----
04-10 06:45:07 current lr: [0.001, 0.001, 0.001, 0.001]
04-10 06:45:07 Epoch: 85 [0/1231], Train Loss: 0.6984 Train Acc: 0.9948,5556.9 examples/sec 0.01 sec/batch
04-10 06:45:07 Epoch: 85 source_train-Loss: 0.7027 source_train-Acc: 0.9943, Cost 0.2 sec
04-10 06:45:07 Epoch: 85 source_val-Loss: 0.0000 source_val-Acc: 1.0000, Cost 0.0 sec
04-10 06:45:07 Epoch: 85 target_val-Loss: 0.0657 target_val-Acc: 0.9885, Cost 0.0 sec
04-10 06:45:07 -----Epoch 86/299-----
04-10 06:45:07 current lr: [0.001, 0.001, 0.001, 0.001]
04-10 06:45:07 Epoch: 86 source_train-Loss: 0.6993 source_train-Acc: 0.9943, Cost 0.2 sec
04-10 06:45:07 Epoch: 86 source_val-Loss: 0.0044 source_val-Acc: 0.9968, Cost 0.0 sec
04-10 06:45:07 Epoch: 86 target_val-Loss: 0.0934 target_val-Acc: 0.9847, Cost 0.0 sec
04-10 06:45:07 -----Epoch 87/299-----
04-10 06:45:07 current lr: [0.001, 0.001, 0.001, 0.001]
04-10 06:45:07 Epoch: 87 [640/1231], Train Loss: 0.7010 Train Acc: 0.9952,5503.0 examples/sec 0.01 sec/batch
04-10 06:45:08 Epoch: 87 source_train-Loss: 0.6982 source_train-Acc: 0.9959, Cost 0.2 sec
04-10 06:45:08 Epoch: 87 source_val-Loss: 0.0000 source_val-Acc: 1.0000, Cost 0.0 sec
04-10 06:45:08 Epoch: 87 target_val-Loss: 0.0257 target_val-Acc: 0.9923, Cost 0.0 sec
04-10 06:45:08 -----Epoch 88/299-----
04-10 06:45:08 current lr: [0.001, 0.001, 0.001, 0.001]
04-10 06:45:08 Epoch: 88 source_train-Loss: 0.6876 source_train-Acc: 0.9984, Cost 0.2 sec
04-10 06:45:08 Epoch: 88 source_val-Loss: 0.0026 source_val-Acc: 0.9968, Cost 0.0 sec
04-10 06:45:08 Epoch: 88 target_val-Loss: 0.0468 target_val-Acc: 0.9923, Cost 0.0 sec
04-10 06:45:08 -----Epoch 89/299-----
04-10 06:45:08 current lr: [0.001, 0.001, 0.001, 0.001]
04-10 06:45:08 Epoch: 89 source_train-Loss: 0.6953 source_train-Acc: 0.9968, Cost 0.2 sec
04-10 06:45:08 Epoch: 89 source_val-Loss: 0.0000 source_val-Acc: 1.0000, Cost 0.0 sec
04-10 06:45:08 Epoch: 89 target_val-Loss: 0.0996 target_val-Acc: 0.9923, Cost 0.0 sec
04-10 06:45:08 -----Epoch 90/299-----
04-10 06:45:08 current lr: [0.001, 0.001, 0.001, 0.001]
04-10 06:45:08 Epoch: 90 [0/1231], Train Loss: 0.6915 Train Acc: 0.9971,5380.0 examples/sec 0.01 sec/batch
04-10 06:45:08 Epoch: 90 source_train-Loss: 0.6908 source_train-Acc: 0.9968, Cost 0.2 sec
04-10 06:45:08 Epoch: 90 source_val-Loss: 0.0000 source_val-Acc: 1.0000, Cost 0.0 sec
04-10 06:45:08 Epoch: 90 target_val-Loss: 0.0663 target_val-Acc: 0.9885, Cost 0.0 sec
04-10 06:45:08 -----Epoch 91/299-----
04-10 06:45:08 current lr: [0.001, 0.001, 0.001, 0.001]
04-10 06:45:08 Epoch: 91 source_train-Loss: 0.6947 source_train-Acc: 0.9992, Cost 0.2 sec
04-10 06:45:08 Epoch: 91 source_val-Loss: 0.0000 source_val-Acc: 1.0000, Cost 0.0 sec
04-10 06:45:08 Epoch: 91 target_val-Loss: 0.1041 target_val-Acc: 0.9885, Cost 0.0 sec
04-10 06:45:08 -----Epoch 92/299-----
04-10 06:45:08 current lr: [0.001, 0.001, 0.001, 0.001]
04-10 06:45:09 Epoch: 92 [640/1231], Train Loss: 0.6921 Train Acc: 0.9984,5730.3 examples/sec 0.01 sec/batch
04-10 06:45:09 Epoch: 92 source_train-Loss: 0.6932 source_train-Acc: 0.9976, Cost 0.2 sec
04-10 06:45:09 Epoch: 92 source_val-Loss: 0.0007 source_val-Acc: 1.0000, Cost 0.0 sec
04-10 06:45:09 Epoch: 92 target_val-Loss: 0.0639 target_val-Acc: 0.9885, Cost 0.0 sec
04-10 06:45:09 -----Epoch 93/299-----
04-10 06:45:09 current lr: [0.001, 0.001, 0.001, 0.001]
04-10 06:45:09 Epoch: 93 source_train-Loss: 0.6895 source_train-Acc: 0.9984, Cost 0.2 sec
04-10 06:45:09 Epoch: 93 source_val-Loss: 0.0000 source_val-Acc: 1.0000, Cost 0.0 sec
04-10 06:45:09 Epoch: 93 target_val-Loss: 0.0898 target_val-Acc: 0.9885, Cost 0.0 sec
04-10 06:45:09 -----Epoch 94/299-----
04-10 06:45:09 current lr: [0.001, 0.001, 0.001, 0.001]
04-10 06:45:09 Epoch: 94 source_train-Loss: 0.7067 source_train-Acc: 0.9984, Cost 0.2 sec
04-10 06:45:09 Epoch: 94 source_val-Loss: 0.0000 source_val-Acc: 1.0000, Cost 0.0 sec
04-10 06:45:09 Epoch: 94 target_val-Loss: 0.0772 target_val-Acc: 0.9885, Cost 0.0 sec
04-10 06:45:09 -----Epoch 95/299-----
04-10 06:45:09 current lr: [0.001, 0.001, 0.001, 0.001]
04-10 06:45:09 Epoch: 95 [0/1231], Train Loss: 0.6983 Train Acc: 0.9980,5245.5 examples/sec 0.01 sec/batch
04-10 06:45:09 Epoch: 95 source_train-Loss: 0.7061 source_train-Acc: 0.9951, Cost 0.2 sec
04-10 06:45:09 Epoch: 95 source_val-Loss: 0.0000 source_val-Acc: 1.0000, Cost 0.0 sec
04-10 06:45:09 Epoch: 95 target_val-Loss: 0.0506 target_val-Acc: 0.9923, Cost 0.0 sec
04-10 06:45:09 -----Epoch 96/299-----
04-10 06:45:09 current lr: [0.001, 0.001, 0.001, 0.001]
04-10 06:45:10 Epoch: 96 source_train-Loss: 0.7005 source_train-Acc: 0.9968, Cost 0.2 sec
04-10 06:45:10 Epoch: 96 source_val-Loss: 0.0214 source_val-Acc: 0.9968, Cost 0.0 sec
04-10 06:45:10 Epoch: 96 target_val-Loss: 0.1005 target_val-Acc: 0.9885, Cost 0.0 sec
04-10 06:45:10 -----Epoch 97/299-----
04-10 06:45:10 current lr: [0.001, 0.001, 0.001, 0.001]
04-10 06:45:10 Epoch: 97 [640/1231], Train Loss: 0.7041 Train Acc: 0.9961,5816.0 examples/sec 0.01 sec/batch
04-10 06:45:10 Epoch: 97 source_train-Loss: 0.7038 source_train-Acc: 0.9976, Cost 0.2 sec
04-10 06:45:10 Epoch: 97 source_val-Loss: 0.0470 source_val-Acc: 0.9968, Cost 0.0 sec
04-10 06:45:10 Epoch: 97 target_val-Loss: 0.0603 target_val-Acc: 0.9808, Cost 0.0 sec
04-10 06:45:10 -----Epoch 98/299-----
04-10 06:45:10 current lr: [0.001, 0.001, 0.001, 0.001]
04-10 06:45:10 Epoch: 98 source_train-Loss: 0.7021 source_train-Acc: 0.9976, Cost 0.2 sec
04-10 06:45:10 Epoch: 98 source_val-Loss: 0.0019 source_val-Acc: 1.0000, Cost 0.0 sec
04-10 06:45:10 Epoch: 98 target_val-Loss: 0.0180 target_val-Acc: 0.9923, Cost 0.0 sec
04-10 06:45:10 -----Epoch 99/299-----
04-10 06:45:10 current lr: [0.001, 0.001, 0.001, 0.001]
04-10 06:45:10 Epoch: 99 source_train-Loss: 0.7123 source_train-Acc: 0.9943, Cost 0.2 sec
04-10 06:45:10 Epoch: 99 source_val-Loss: 0.0000 source_val-Acc: 1.0000, Cost 0.0 sec
04-10 06:45:10 Epoch: 99 target_val-Loss: 0.1583 target_val-Acc: 0.9847, Cost 0.0 sec
04-10 06:45:10 -----Epoch 100/299-----
04-10 06:45:10 current lr: [0.001, 0.001, 0.001, 0.001]
04-10 06:45:10 Epoch: 100 [0/1231], Train Loss: 0.7058 Train Acc: 0.9964,4850.8 examples/sec 0.01 sec/batch
04-10 06:45:11 Epoch: 100 source_train-Loss: 0.7167 source_train-Acc: 0.9927, Cost 0.2 sec
04-10 06:45:11 Epoch: 100 source_val-Loss: 0.0000 source_val-Acc: 1.0000, Cost 0.0 sec
04-10 06:45:11 Epoch: 100 target_val-Loss: 0.0643 target_val-Acc: 0.9923, Cost 0.0 sec
04-10 06:45:11 -----Epoch 101/299-----
04-10 06:45:11 current lr: [0.001, 0.001, 0.001, 0.001]
04-10 06:45:11 Epoch: 101 source_train-Loss: 0.7090 source_train-Acc: 0.9935, Cost 0.2 sec
04-10 06:45:11 Epoch: 101 source_val-Loss: 0.0002 source_val-Acc: 1.0000, Cost 0.0 sec
04-10 06:45:11 Epoch: 101 target_val-Loss: 0.0494 target_val-Acc: 0.9885, Cost 0.0 sec
04-10 06:45:11 -----Epoch 102/299-----
04-10 06:45:11 current lr: [0.001, 0.001, 0.001, 0.001]
04-10 06:45:11 Epoch: 102 [640/1231], Train Loss: 0.7156 Train Acc: 0.9926,5424.2 examples/sec 0.01 sec/batch
04-10 06:45:11 Epoch: 102 source_train-Loss: 0.7111 source_train-Acc: 0.9935, Cost 0.2 sec
04-10 06:45:11 Epoch: 102 source_val-Loss: 0.0761 source_val-Acc: 0.9838, Cost 0.0 sec
04-10 06:45:11 Epoch: 102 target_val-Loss: 0.4292 target_val-Acc: 0.9464, Cost 0.0 sec
04-10 06:45:11 -----Epoch 103/299-----
04-10 06:45:11 current lr: [0.001, 0.001, 0.001, 0.001]
04-10 06:45:11 Epoch: 103 source_train-Loss: 0.7337 source_train-Acc: 0.9927, Cost 0.2 sec
04-10 06:45:11 Epoch: 103 source_val-Loss: 0.0000 source_val-Acc: 1.0000, Cost 0.0 sec
04-10 06:45:11 Epoch: 103 target_val-Loss: 0.0538 target_val-Acc: 0.9923, Cost 0.0 sec
04-10 06:45:11 -----Epoch 104/299-----
04-10 06:45:11 current lr: [0.001, 0.001, 0.001, 0.001]
04-10 06:45:11 Epoch: 104 source_train-Loss: 0.7056 source_train-Acc: 0.9968, Cost 0.2 sec
04-10 06:45:11 Epoch: 104 source_val-Loss: 0.0000 source_val-Acc: 1.0000, Cost 0.0 sec
04-10 06:45:11 Epoch: 104 target_val-Loss: 0.0691 target_val-Acc: 0.9923, Cost 0.0 sec
04-10 06:45:11 -----Epoch 105/299-----
04-10 06:45:11 current lr: [0.001, 0.001, 0.001, 0.001]
04-10 06:45:11 Epoch: 105 [0/1231], Train Loss: 0.7148 Train Acc: 0.9951,5157.1 examples/sec 0.01 sec/batch
04-10 06:45:12 Epoch: 105 source_train-Loss: 0.7081 source_train-Acc: 0.9984, Cost 0.2 sec
04-10 06:45:12 Epoch: 105 source_val-Loss: 0.0000 source_val-Acc: 1.0000, Cost 0.0 sec
04-10 06:45:12 Epoch: 105 target_val-Loss: 0.1040 target_val-Acc: 0.9923, Cost 0.0 sec
04-10 06:45:12 -----Epoch 106/299-----
04-10 06:45:12 current lr: [0.001, 0.001, 0.001, 0.001]
04-10 06:45:12 Epoch: 106 source_train-Loss: 0.7102 source_train-Acc: 0.9968, Cost 0.2 sec
04-10 06:45:12 Epoch: 106 source_val-Loss: 0.0000 source_val-Acc: 1.0000, Cost 0.0 sec
04-10 06:45:12 Epoch: 106 target_val-Loss: 0.0996 target_val-Acc: 0.9885, Cost 0.0 sec
04-10 06:45:12 -----Epoch 107/299-----
04-10 06:45:12 current lr: [0.001, 0.001, 0.001, 0.001]
04-10 06:45:12 Epoch: 107 [640/1231], Train Loss: 0.7114 Train Acc: 0.9974,5590.4 examples/sec 0.01 sec/batch
04-10 06:45:12 Epoch: 107 source_train-Loss: 0.7080 source_train-Acc: 0.9984, Cost 0.2 sec
04-10 06:45:12 Epoch: 107 source_val-Loss: 0.0018 source_val-Acc: 1.0000, Cost 0.0 sec
04-10 06:45:12 Epoch: 107 target_val-Loss: 0.0288 target_val-Acc: 0.9923, Cost 0.0 sec
04-10 06:45:12 -----Epoch 108/299-----
04-10 06:45:12 current lr: [0.001, 0.001, 0.001, 0.001]
04-10 06:45:12 Epoch: 108 source_train-Loss: 0.7020 source_train-Acc: 0.9968, Cost 0.2 sec
04-10 06:45:12 Epoch: 108 source_val-Loss: 0.0000 source_val-Acc: 1.0000, Cost 0.0 sec
04-10 06:45:12 Epoch: 108 target_val-Loss: 0.1987 target_val-Acc: 0.9808, Cost 0.0 sec
04-10 06:45:12 -----Epoch 109/299-----
04-10 06:45:12 current lr: [0.001, 0.001, 0.001, 0.001]
04-10 06:45:13 Epoch: 109 source_train-Loss: 0.6962 source_train-Acc: 0.9992, Cost 0.2 sec
04-10 06:45:13 Epoch: 109 source_val-Loss: 0.0005 source_val-Acc: 1.0000, Cost 0.0 sec
04-10 06:45:13 Epoch: 109 target_val-Loss: 0.1142 target_val-Acc: 0.9885, Cost 0.0 sec
04-10 06:45:13 -----Epoch 110/299-----
04-10 06:45:13 current lr: [0.001, 0.001, 0.001, 0.001]
04-10 06:45:13 Epoch: 110 [0/1231], Train Loss: 0.6981 Train Acc: 0.9984,5432.5 examples/sec 0.01 sec/batch
04-10 06:45:13 Epoch: 110 source_train-Loss: 0.7051 source_train-Acc: 0.9984, Cost 0.2 sec
04-10 06:45:13 Epoch: 110 source_val-Loss: 0.0000 source_val-Acc: 1.0000, Cost 0.0 sec
04-10 06:45:13 Epoch: 110 target_val-Loss: 0.0427 target_val-Acc: 0.9923, Cost 0.0 sec
04-10 06:45:13 -----Epoch 111/299-----
04-10 06:45:13 current lr: [0.001, 0.001, 0.001, 0.001]
04-10 06:45:13 Epoch: 111 source_train-Loss: 0.6912 source_train-Acc: 1.0000, Cost 0.2 sec
04-10 06:45:13 Epoch: 111 source_val-Loss: 0.0000 source_val-Acc: 1.0000, Cost 0.0 sec
04-10 06:45:13 Epoch: 111 target_val-Loss: 0.0676 target_val-Acc: 0.9885, Cost 0.0 sec
04-10 06:45:13 -----Epoch 112/299-----
04-10 06:45:13 current lr: [0.001, 0.001, 0.001, 0.001]
04-10 06:45:13 Epoch: 112 [640/1231], Train Loss: 0.7008 Train Acc: 0.9984,5637.5 examples/sec 0.01 sec/batch
04-10 06:45:13 Epoch: 112 source_train-Loss: 0.7035 source_train-Acc: 0.9968, Cost 0.2 sec
04-10 06:45:13 Epoch: 112 source_val-Loss: 0.0000 source_val-Acc: 1.0000, Cost 0.0 sec
04-10 06:45:13 Epoch: 112 target_val-Loss: 0.1193 target_val-Acc: 0.9885, Cost 0.0 sec
04-10 06:45:13 -----Epoch 113/299-----
04-10 06:45:13 current lr: [0.001, 0.001, 0.001, 0.001]
04-10 06:45:13 Epoch: 113 source_train-Loss: 0.7192 source_train-Acc: 0.9968, Cost 0.2 sec
04-10 06:45:13 Epoch: 113 source_val-Loss: 0.0002 source_val-Acc: 1.0000, Cost 0.0 sec
04-10 06:45:13 Epoch: 113 target_val-Loss: 0.1039 target_val-Acc: 0.9885, Cost 0.0 sec
04-10 06:45:13 -----Epoch 114/299-----
04-10 06:45:13 current lr: [0.001, 0.001, 0.001, 0.001]
04-10 06:45:14 Epoch: 114 source_train-Loss: 0.7312 source_train-Acc: 0.9951, Cost 0.2 sec
04-10 06:45:14 Epoch: 114 source_val-Loss: 0.0000 source_val-Acc: 1.0000, Cost 0.0 sec
04-10 06:45:14 Epoch: 114 target_val-Loss: 0.1058 target_val-Acc: 0.9923, Cost 0.0 sec
04-10 06:45:14 -----Epoch 115/299-----
04-10 06:45:14 current lr: [0.001, 0.001, 0.001, 0.001]
04-10 06:45:14 Epoch: 115 [0/1231], Train Loss: 0.7194 Train Acc: 0.9964,5249.0 examples/sec 0.01 sec/batch
04-10 06:45:14 Epoch: 115 source_train-Loss: 0.7214 source_train-Acc: 0.9959, Cost 0.2 sec
04-10 06:45:14 Epoch: 115 source_val-Loss: 0.0000 source_val-Acc: 1.0000, Cost 0.0 sec
04-10 06:45:14 Epoch: 115 target_val-Loss: 0.0982 target_val-Acc: 0.9923, Cost 0.0 sec
04-10 06:45:14 -----Epoch 116/299-----
04-10 06:45:14 current lr: [0.001, 0.001, 0.001, 0.001]
04-10 06:45:14 Epoch: 116 source_train-Loss: 0.7490 source_train-Acc: 0.9862, Cost 0.2 sec
04-10 06:45:14 Epoch: 116 source_val-Loss: 0.0261 source_val-Acc: 0.9870, Cost 0.0 sec
04-10 06:45:14 Epoch: 116 target_val-Loss: 0.0820 target_val-Acc: 0.9732, Cost 0.0 sec
04-10 06:45:14 -----Epoch 117/299-----
04-10 06:45:14 current lr: [0.001, 0.001, 0.001, 0.001]
04-10 06:45:14 Epoch: 117 [640/1231], Train Loss: 0.7390 Train Acc: 0.9903,5627.2 examples/sec 0.01 sec/batch
04-10 06:45:14 Epoch: 117 source_train-Loss: 0.7479 source_train-Acc: 0.9886, Cost 0.2 sec
04-10 06:45:14 Epoch: 117 source_val-Loss: 0.5520 source_val-Acc: 0.9805, Cost 0.0 sec
04-10 06:45:14 Epoch: 117 target_val-Loss: 1.0276 target_val-Acc: 0.9502, Cost 0.0 sec
04-10 06:45:14 -----Epoch 118/299-----
04-10 06:45:14 current lr: [0.001, 0.001, 0.001, 0.001]
04-10 06:45:15 Epoch: 118 source_train-Loss: 0.7480 source_train-Acc: 0.9911, Cost 0.2 sec
04-10 06:45:15 Epoch: 118 source_val-Loss: 0.0009 source_val-Acc: 1.0000, Cost 0.0 sec
04-10 06:45:15 Epoch: 118 target_val-Loss: 0.5071 target_val-Acc: 0.9502, Cost 0.0 sec
04-10 06:45:15 -----Epoch 119/299-----
04-10 06:45:15 current lr: [0.001, 0.001, 0.001, 0.001]
04-10 06:45:15 Epoch: 119 source_train-Loss: 0.7097 source_train-Acc: 0.9951, Cost 0.2 sec
04-10 06:45:15 Epoch: 119 source_val-Loss: 0.0063 source_val-Acc: 0.9968, Cost 0.0 sec
04-10 06:45:15 Epoch: 119 target_val-Loss: 0.0567 target_val-Acc: 0.9923, Cost 0.0 sec
04-10 06:45:15 -----Epoch 120/299-----
04-10 06:45:15 current lr: [0.001, 0.001, 0.001, 0.001]
04-10 06:45:15 Epoch: 120 [0/1231], Train Loss: 0.7324 Train Acc: 0.9921,5507.0 examples/sec 0.01 sec/batch
04-10 06:45:15 Epoch: 120 source_train-Loss: 0.7028 source_train-Acc: 0.9943, Cost 0.2 sec
04-10 06:45:15 Epoch: 120 source_val-Loss: 0.0000 source_val-Acc: 1.0000, Cost 0.0 sec
04-10 06:45:15 Epoch: 120 target_val-Loss: 0.0840 target_val-Acc: 0.9885, Cost 0.0 sec
04-10 06:45:15 -----Epoch 121/299-----
04-10 06:45:15 current lr: [0.001, 0.001, 0.001, 0.001]
04-10 06:45:15 Epoch: 121 source_train-Loss: 0.6922 source_train-Acc: 0.9992, Cost 0.2 sec
04-10 06:45:15 Epoch: 121 source_val-Loss: 0.0000 source_val-Acc: 1.0000, Cost 0.0 sec
04-10 06:45:15 Epoch: 121 target_val-Loss: 0.0662 target_val-Acc: 0.9885, Cost 0.0 sec
04-10 06:45:15 -----Epoch 122/299-----
04-10 06:45:15 current lr: [0.001, 0.001, 0.001, 0.001]
04-10 06:45:15 Epoch: 122 [640/1231], Train Loss: 0.7022 Train Acc: 0.9965,5662.6 examples/sec 0.01 sec/batch
04-10 06:45:15 Epoch: 122 source_train-Loss: 0.7144 source_train-Acc: 0.9943, Cost 0.2 sec
04-10 06:45:15 Epoch: 122 source_val-Loss: 0.0000 source_val-Acc: 1.0000, Cost 0.0 sec
04-10 06:45:15 Epoch: 122 target_val-Loss: 0.0567 target_val-Acc: 0.9923, Cost 0.0 sec
04-10 06:45:15 -----Epoch 123/299-----
04-10 06:45:15 current lr: [0.001, 0.001, 0.001, 0.001]
04-10 06:45:16 Epoch: 123 source_train-Loss: 0.7003 source_train-Acc: 0.9976, Cost 0.2 sec
04-10 06:45:16 Epoch: 123 source_val-Loss: 0.0000 source_val-Acc: 1.0000, Cost 0.0 sec
04-10 06:45:16 Epoch: 123 target_val-Loss: 0.0497 target_val-Acc: 0.9923, Cost 0.0 sec
04-10 06:45:16 -----Epoch 124/299-----
04-10 06:45:16 current lr: [0.001, 0.001, 0.001, 0.001]
04-10 06:45:16 Epoch: 124 source_train-Loss: 0.7042 source_train-Acc: 0.9984, Cost 0.2 sec
04-10 06:45:16 Epoch: 124 source_val-Loss: 0.0000 source_val-Acc: 1.0000, Cost 0.0 sec
04-10 06:45:16 Epoch: 124 target_val-Loss: 0.0556 target_val-Acc: 0.9923, Cost 0.0 sec
04-10 06:45:16 -----Epoch 125/299-----
04-10 06:45:16 current lr: [0.001, 0.001, 0.001, 0.001]
04-10 06:45:16 Epoch: 125 [0/1231], Train Loss: 0.7025 Train Acc: 0.9974,5821.0 examples/sec 0.01 sec/batch
04-10 06:45:16 Epoch: 125 source_train-Loss: 0.7050 source_train-Acc: 0.9959, Cost 0.2 sec
04-10 06:45:16 Epoch: 125 source_val-Loss: 0.0000 source_val-Acc: 1.0000, Cost 0.0 sec
04-10 06:45:16 Epoch: 125 target_val-Loss: 0.0292 target_val-Acc: 0.9962, Cost 0.0 sec
04-10 06:45:16 save best model epoch 125, acc 0.9962
04-10 06:45:16 -----Epoch 126/299-----
04-10 06:45:16 current lr: [0.001, 0.001, 0.001, 0.001]
04-10 06:45:16 Epoch: 126 source_train-Loss: 0.7203 source_train-Acc: 0.9976, Cost 0.2 sec
04-10 06:45:16 Epoch: 126 source_val-Loss: 0.0001 source_val-Acc: 1.0000, Cost 0.0 sec
04-10 06:45:16 Epoch: 126 target_val-Loss: 0.0606 target_val-Acc: 0.9847, Cost 0.0 sec
04-10 06:45:16 -----Epoch 127/299-----
04-10 06:45:16 current lr: [0.001, 0.001, 0.001, 0.001]
04-10 06:45:16 Epoch: 127 [640/1231], Train Loss: 0.7114 Train Acc: 0.9968,5854.5 examples/sec 0.01 sec/batch
04-10 06:45:17 Epoch: 127 source_train-Loss: 0.7130 source_train-Acc: 0.9959, Cost 0.2 sec
04-10 06:45:17 Epoch: 127 source_val-Loss: 0.0107 source_val-Acc: 0.9968, Cost 0.0 sec
04-10 06:45:17 Epoch: 127 target_val-Loss: 0.1087 target_val-Acc: 0.9808, Cost 0.0 sec
04-10 06:45:17 -----Epoch 128/299-----
04-10 06:45:17 current lr: [0.001, 0.001, 0.001, 0.001]
04-10 06:45:17 Epoch: 128 source_train-Loss: 0.7218 source_train-Acc: 0.9943, Cost 0.2 sec
04-10 06:45:17 Epoch: 128 source_val-Loss: 0.0000 source_val-Acc: 1.0000, Cost 0.0 sec
04-10 06:45:17 Epoch: 128 target_val-Loss: 0.0776 target_val-Acc: 0.9885, Cost 0.0 sec
04-10 06:45:17 -----Epoch 129/299-----
04-10 06:45:17 current lr: [0.001, 0.001, 0.001, 0.001]
04-10 06:45:17 Epoch: 129 source_train-Loss: 0.7069 source_train-Acc: 0.9968, Cost 0.2 sec
04-10 06:45:17 Epoch: 129 source_val-Loss: 0.0000 source_val-Acc: 1.0000, Cost 0.0 sec
04-10 06:45:17 Epoch: 129 target_val-Loss: 0.0371 target_val-Acc: 0.9923, Cost 0.0 sec
04-10 06:45:17 -----Epoch 130/299-----
04-10 06:45:17 current lr: [0.001, 0.001, 0.001, 0.001]
04-10 06:45:17 Epoch: 130 [0/1231], Train Loss: 0.7156 Train Acc: 0.9954,5425.2 examples/sec 0.01 sec/batch
04-10 06:45:17 Epoch: 130 source_train-Loss: 0.6934 source_train-Acc: 0.9976, Cost 0.2 sec
04-10 06:45:17 Epoch: 130 source_val-Loss: 0.0000 source_val-Acc: 1.0000, Cost 0.0 sec
04-10 06:45:17 Epoch: 130 target_val-Loss: 0.0469 target_val-Acc: 0.9923, Cost 0.0 sec
04-10 06:45:17 -----Epoch 131/299-----
04-10 06:45:17 current lr: [0.001, 0.001, 0.001, 0.001]
04-10 06:45:17 Epoch: 131 source_train-Loss: 0.6983 source_train-Acc: 1.0000, Cost 0.2 sec
04-10 06:45:17 Epoch: 131 source_val-Loss: 0.0000 source_val-Acc: 1.0000, Cost 0.0 sec
04-10 06:45:17 Epoch: 131 target_val-Loss: 0.0290 target_val-Acc: 0.9923, Cost 0.0 sec
04-10 06:45:17 -----Epoch 132/299-----
04-10 06:45:17 current lr: [0.001, 0.001, 0.001, 0.001]
04-10 06:45:18 Epoch: 132 [640/1231], Train Loss: 0.6983 Train Acc: 0.9987,4891.0 examples/sec 0.01 sec/batch
04-10 06:45:18 Epoch: 132 source_train-Loss: 0.7212 source_train-Acc: 0.9951, Cost 0.2 sec
04-10 06:45:18 Epoch: 132 source_val-Loss: 0.0000 source_val-Acc: 1.0000, Cost 0.0 sec
04-10 06:45:18 Epoch: 132 target_val-Loss: 0.0319 target_val-Acc: 0.9923, Cost 0.0 sec
04-10 06:45:18 -----Epoch 133/299-----
04-10 06:45:18 current lr: [0.001, 0.001, 0.001, 0.001]
04-10 06:45:18 Epoch: 133 source_train-Loss: 0.7022 source_train-Acc: 0.9976, Cost 0.2 sec
04-10 06:45:18 Epoch: 133 source_val-Loss: 0.0000 source_val-Acc: 1.0000, Cost 0.0 sec
04-10 06:45:18 Epoch: 133 target_val-Loss: 0.0074 target_val-Acc: 0.9962, Cost 0.0 sec
04-10 06:45:18 -----Epoch 134/299-----
04-10 06:45:18 current lr: [0.001, 0.001, 0.001, 0.001]
04-10 06:45:18 Epoch: 134 source_train-Loss: 0.7065 source_train-Acc: 0.9968, Cost 0.2 sec
04-10 06:45:18 Epoch: 134 source_val-Loss: 0.0000 source_val-Acc: 1.0000, Cost 0.0 sec
04-10 06:45:18 Epoch: 134 target_val-Loss: 0.0380 target_val-Acc: 0.9923, Cost 0.0 sec
04-10 06:45:18 -----Epoch 135/299-----
04-10 06:45:18 current lr: [0.001, 0.001, 0.001, 0.001]
04-10 06:45:18 Epoch: 135 [0/1231], Train Loss: 0.7108 Train Acc: 0.9961,4566.0 examples/sec 0.01 sec/batch
04-10 06:45:19 Epoch: 135 source_train-Loss: 0.7090 source_train-Acc: 0.9959, Cost 0.2 sec
04-10 06:45:19 Epoch: 135 source_val-Loss: 0.0000 source_val-Acc: 1.0000, Cost 0.0 sec
04-10 06:45:19 Epoch: 135 target_val-Loss: 0.0381 target_val-Acc: 0.9885, Cost 0.0 sec
04-10 06:45:19 -----Epoch 136/299-----
04-10 06:45:19 current lr: [0.001, 0.001, 0.001, 0.001]
04-10 06:45:19 Epoch: 136 source_train-Loss: 0.7272 source_train-Acc: 0.9943, Cost 0.2 sec
04-10 06:45:19 Epoch: 136 source_val-Loss: 0.0063 source_val-Acc: 0.9968, Cost 0.0 sec
04-10 06:45:19 Epoch: 136 target_val-Loss: 0.1202 target_val-Acc: 0.9885, Cost 0.0 sec
04-10 06:45:19 -----Epoch 137/299-----
04-10 06:45:19 current lr: [0.001, 0.001, 0.001, 0.001]
04-10 06:45:19 Epoch: 137 [640/1231], Train Loss: 0.7221 Train Acc: 0.9942,5430.1 examples/sec 0.01 sec/batch
04-10 06:45:19 Epoch: 137 source_train-Loss: 0.7253 source_train-Acc: 0.9943, Cost 0.2 sec
04-10 06:45:19 Epoch: 137 source_val-Loss: 0.0000 source_val-Acc: 1.0000, Cost 0.0 sec
04-10 06:45:19 Epoch: 137 target_val-Loss: 0.0402 target_val-Acc: 0.9923, Cost 0.0 sec
04-10 06:45:19 -----Epoch 138/299-----
04-10 06:45:19 current lr: [0.001, 0.001, 0.001, 0.001]
04-10 06:45:19 Epoch: 138 source_train-Loss: 0.7133 source_train-Acc: 0.9935, Cost 0.2 sec
04-10 06:45:19 Epoch: 138 source_val-Loss: 0.0002 source_val-Acc: 1.0000, Cost 0.0 sec
04-10 06:45:19 Epoch: 138 target_val-Loss: 0.0626 target_val-Acc: 0.9923, Cost 0.0 sec
04-10 06:45:19 -----Epoch 139/299-----
04-10 06:45:19 current lr: [0.001, 0.001, 0.001, 0.001]
04-10 06:45:19 Epoch: 139 source_train-Loss: 0.7201 source_train-Acc: 0.9943, Cost 0.2 sec
04-10 06:45:19 Epoch: 139 source_val-Loss: 0.0000 source_val-Acc: 1.0000, Cost 0.0 sec
04-10 06:45:19 Epoch: 139 target_val-Loss: 0.0801 target_val-Acc: 0.9923, Cost 0.0 sec
04-10 06:45:19 -----Epoch 140/299-----
04-10 06:45:19 current lr: [0.001, 0.001, 0.001, 0.001]
04-10 06:45:19 Epoch: 140 [0/1231], Train Loss: 0.7153 Train Acc: 0.9948,5525.5 examples/sec 0.01 sec/batch
04-10 06:45:20 Epoch: 140 source_train-Loss: 0.7132 source_train-Acc: 0.9943, Cost 0.2 sec
04-10 06:45:20 Epoch: 140 source_val-Loss: 0.0000 source_val-Acc: 1.0000, Cost 0.0 sec
04-10 06:45:20 Epoch: 140 target_val-Loss: 0.0718 target_val-Acc: 0.9885, Cost 0.0 sec
04-10 06:45:20 -----Epoch 141/299-----
04-10 06:45:20 current lr: [0.001, 0.001, 0.001, 0.001]
04-10 06:45:20 Epoch: 141 source_train-Loss: 0.7032 source_train-Acc: 0.9976, Cost 0.2 sec
04-10 06:45:20 Epoch: 141 source_val-Loss: 0.0000 source_val-Acc: 1.0000, Cost 0.0 sec
04-10 06:45:20 Epoch: 141 target_val-Loss: 0.1708 target_val-Acc: 0.9847, Cost 0.0 sec
04-10 06:45:20 -----Epoch 142/299-----
04-10 06:45:20 current lr: [0.001, 0.001, 0.001, 0.001]
04-10 06:45:20 Epoch: 142 [640/1231], Train Loss: 0.7067 Train Acc: 0.9961,5925.1 examples/sec 0.01 sec/batch
04-10 06:45:20 Epoch: 142 source_train-Loss: 0.7068 source_train-Acc: 0.9968, Cost 0.2 sec
04-10 06:45:20 Epoch: 142 source_val-Loss: 0.0000 source_val-Acc: 1.0000, Cost 0.0 sec
04-10 06:45:20 Epoch: 142 target_val-Loss: 0.0484 target_val-Acc: 0.9923, Cost 0.0 sec
04-10 06:45:20 -----Epoch 143/299-----
04-10 06:45:20 current lr: [0.001, 0.001, 0.001, 0.001]
04-10 06:45:20 Epoch: 143 source_train-Loss: 0.7249 source_train-Acc: 0.9959, Cost 0.2 sec
04-10 06:45:20 Epoch: 143 source_val-Loss: 0.0004 source_val-Acc: 1.0000, Cost 0.0 sec
04-10 06:45:20 Epoch: 143 target_val-Loss: 0.0874 target_val-Acc: 0.9847, Cost 0.0 sec
04-10 06:45:20 -----Epoch 144/299-----
04-10 06:45:20 current lr: [0.001, 0.001, 0.001, 0.001]
04-10 06:45:20 Epoch: 144 source_train-Loss: 0.7183 source_train-Acc: 0.9951, Cost 0.2 sec
04-10 06:45:20 Epoch: 144 source_val-Loss: 0.0301 source_val-Acc: 0.9935, Cost 0.0 sec
04-10 06:45:20 Epoch: 144 target_val-Loss: 0.0825 target_val-Acc: 0.9808, Cost 0.0 sec
04-10 06:45:20 -----Epoch 145/299-----
04-10 06:45:20 current lr: [0.001, 0.001, 0.001, 0.001]
04-10 06:45:21 Epoch: 145 [0/1231], Train Loss: 0.7203 Train Acc: 0.9957,5517.5 examples/sec 0.01 sec/batch
04-10 06:45:21 Epoch: 145 source_train-Loss: 0.7522 source_train-Acc: 0.9927, Cost 0.2 sec
04-10 06:45:21 Epoch: 145 source_val-Loss: 0.0004 source_val-Acc: 1.0000, Cost 0.0 sec
04-10 06:45:21 Epoch: 145 target_val-Loss: 0.0511 target_val-Acc: 0.9923, Cost 0.0 sec
04-10 06:45:21 -----Epoch 146/299-----
04-10 06:45:21 current lr: [0.001, 0.001, 0.001, 0.001]
04-10 06:45:21 Epoch: 146 source_train-Loss: 0.7054 source_train-Acc: 0.9976, Cost 0.2 sec
04-10 06:45:21 Epoch: 146 source_val-Loss: 0.0002 source_val-Acc: 1.0000, Cost 0.0 sec
04-10 06:45:21 Epoch: 146 target_val-Loss: 0.0291 target_val-Acc: 0.9885, Cost 0.0 sec
04-10 06:45:21 -----Epoch 147/299-----
04-10 06:45:21 current lr: [0.001, 0.001, 0.001, 0.001]
04-10 06:45:21 Epoch: 147 [640/1231], Train Loss: 0.7235 Train Acc: 0.9958,5363.3 examples/sec 0.01 sec/batch
04-10 06:45:21 Epoch: 147 source_train-Loss: 0.6984 source_train-Acc: 0.9992, Cost 0.2 sec
04-10 06:45:21 Epoch: 147 source_val-Loss: 0.0000 source_val-Acc: 1.0000, Cost 0.0 sec
04-10 06:45:21 Epoch: 147 target_val-Loss: 0.0322 target_val-Acc: 0.9962, Cost 0.0 sec
04-10 06:45:21 -----Epoch 148/299-----
04-10 06:45:21 current lr: [0.001, 0.001, 0.001, 0.001]
04-10 06:45:21 Epoch: 148 source_train-Loss: 0.7694 source_train-Acc: 0.9959, Cost 0.2 sec
04-10 06:45:21 Epoch: 148 source_val-Loss: 0.0039 source_val-Acc: 0.9968, Cost 0.0 sec
04-10 06:45:21 Epoch: 148 target_val-Loss: 0.0354 target_val-Acc: 0.9923, Cost 0.0 sec
04-10 06:45:21 -----Epoch 149/299-----
04-10 06:45:21 current lr: [0.001, 0.001, 0.001, 0.001]
04-10 06:45:22 Epoch: 149 source_train-Loss: 0.8360 source_train-Acc: 0.9781, Cost 0.2 sec
04-10 06:45:22 Epoch: 149 source_val-Loss: 0.0001 source_val-Acc: 1.0000, Cost 0.0 sec
04-10 06:45:22 Epoch: 149 target_val-Loss: 0.0553 target_val-Acc: 0.9885, Cost 0.0 sec
04-10 06:45:22 -----Epoch 150/299-----
04-10 06:45:22 current lr: [1e-05, 1e-05, 1e-05, 1e-05]
04-10 06:45:22 Epoch: 150 [0/1231], Train Loss: 0.7883 Train Acc: 0.9885,5018.9 examples/sec 0.01 sec/batch
04-10 06:45:22 Epoch: 150 source_train-Loss: 0.7841 source_train-Acc: 0.9846, Cost 0.2 sec
04-10 06:45:22 Epoch: 150 source_val-Loss: 0.0000 source_val-Acc: 1.0000, Cost 0.0 sec
04-10 06:45:22 Epoch: 150 target_val-Loss: 0.0042 target_val-Acc: 0.9962, Cost 0.0 sec
04-10 06:45:22 -----Epoch 151/299-----
04-10 06:45:22 current lr: [0.0001, 0.0001, 0.0001, 0.0001]
04-10 06:45:22 Epoch: 151 source_train-Loss: 0.7050 source_train-Acc: 0.9935, Cost 0.2 sec
04-10 06:45:22 Epoch: 151 source_val-Loss: 0.0000 source_val-Acc: 1.0000, Cost 0.0 sec
04-10 06:45:22 Epoch: 151 target_val-Loss: 0.0005 target_val-Acc: 1.0000, Cost 0.0 sec
04-10 06:45:22 save best model epoch 151, acc 1.0000
04-10 06:45:22 -----Epoch 152/299-----
04-10 06:45:22 current lr: [0.0001, 0.0001, 0.0001, 0.0001]
04-10 06:45:22 Epoch: 152 [640/1231], Train Loss: 0.7359 Train Acc: 0.9910,5142.0 examples/sec 0.01 sec/batch
04-10 06:45:22 Epoch: 152 source_train-Loss: 0.7203 source_train-Acc: 0.9935, Cost 0.2 sec
04-10 06:45:22 Epoch: 152 source_val-Loss: 0.0000 source_val-Acc: 1.0000, Cost 0.0 sec
04-10 06:45:22 Epoch: 152 target_val-Loss: 0.0002 target_val-Acc: 1.0000, Cost 0.0 sec
04-10 06:45:22 -----Epoch 153/299-----
04-10 06:45:22 current lr: [0.0001, 0.0001, 0.0001, 0.0001]
04-10 06:45:23 Epoch: 153 source_train-Loss: 0.7114 source_train-Acc: 0.9959, Cost 0.2 sec
04-10 06:45:23 Epoch: 153 source_val-Loss: 0.0000 source_val-Acc: 1.0000, Cost 0.0 sec
04-10 06:45:23 Epoch: 153 target_val-Loss: 0.0011 target_val-Acc: 1.0000, Cost 0.0 sec
04-10 06:45:23 -----Epoch 154/299-----
04-10 06:45:23 current lr: [0.0001, 0.0001, 0.0001, 0.0001]
04-10 06:45:23 Epoch: 154 source_train-Loss: 0.7118 source_train-Acc: 0.9935, Cost 0.2 sec
04-10 06:45:23 Epoch: 154 source_val-Loss: 0.0000 source_val-Acc: 1.0000, Cost 0.0 sec
04-10 06:45:23 Epoch: 154 target_val-Loss: 0.0004 target_val-Acc: 1.0000, Cost 0.0 sec
04-10 06:45:23 -----Epoch 155/299-----
04-10 06:45:23 current lr: [0.0001, 0.0001, 0.0001, 0.0001]
04-10 06:45:23 Epoch: 155 [0/1231], Train Loss: 0.7096 Train Acc: 0.9944,4782.0 examples/sec 0.01 sec/batch
04-10 06:45:23 Epoch: 155 source_train-Loss: 0.7028 source_train-Acc: 0.9984, Cost 0.2 sec
04-10 06:45:23 Epoch: 155 source_val-Loss: 0.0000 source_val-Acc: 1.0000, Cost 0.0 sec
04-10 06:45:23 Epoch: 155 target_val-Loss: 0.0002 target_val-Acc: 1.0000, Cost 0.0 sec
04-10 06:45:23 -----Epoch 156/299-----
04-10 06:45:23 current lr: [0.0001, 0.0001, 0.0001, 0.0001]
04-10 06:45:23 Epoch: 156 source_train-Loss: 0.6896 source_train-Acc: 0.9992, Cost 0.2 sec
04-10 06:45:23 Epoch: 156 source_val-Loss: 0.0000 source_val-Acc: 1.0000, Cost 0.0 sec
04-10 06:45:23 Epoch: 156 target_val-Loss: 0.0003 target_val-Acc: 1.0000, Cost 0.0 sec
04-10 06:45:23 -----Epoch 157/299-----
04-10 06:45:23 current lr: [0.0001, 0.0001, 0.0001, 0.0001]
04-10 06:45:24 Epoch: 157 [640/1231], Train Loss: 0.7002 Train Acc: 0.9974,5101.7 examples/sec 0.01 sec/batch
04-10 06:45:24 Epoch: 157 source_train-Loss: 0.7016 source_train-Acc: 0.9951, Cost 0.2 sec
04-10 06:45:24 Epoch: 157 source_val-Loss: 0.0000 source_val-Acc: 1.0000, Cost 0.0 sec
04-10 06:45:24 Epoch: 157 target_val-Loss: 0.0002 target_val-Acc: 1.0000, Cost 0.0 sec
04-10 06:45:24 -----Epoch 158/299-----
04-10 06:45:24 current lr: [0.0001, 0.0001, 0.0001, 0.0001]
04-10 06:45:24 Epoch: 158 source_train-Loss: 0.6913 source_train-Acc: 0.9976, Cost 0.2 sec
04-10 06:45:24 Epoch: 158 source_val-Loss: 0.0000 source_val-Acc: 1.0000, Cost 0.0 sec
04-10 06:45:24 Epoch: 158 target_val-Loss: 0.0001 target_val-Acc: 1.0000, Cost 0.0 sec
04-10 06:45:24 -----Epoch 159/299-----
04-10 06:45:24 current lr: [0.0001, 0.0001, 0.0001, 0.0001]
04-10 06:45:24 Epoch: 159 source_train-Loss: 0.7188 source_train-Acc: 0.9935, Cost 0.2 sec
04-10 06:45:24 Epoch: 159 source_val-Loss: 0.0000 source_val-Acc: 1.0000, Cost 0.0 sec
04-10 06:45:24 Epoch: 159 target_val-Loss: 0.0002 target_val-Acc: 1.0000, Cost 0.0 sec
04-10 06:45:24 -----Epoch 160/299-----
04-10 06:45:24 current lr: [0.0001, 0.0001, 0.0001, 0.0001]
04-10 06:45:24 Epoch: 160 [0/1231], Train Loss: 0.7016 Train Acc: 0.9961,5433.6 examples/sec 0.01 sec/batch
04-10 06:45:24 Epoch: 160 source_train-Loss: 0.6867 source_train-Acc: 0.9992, Cost 0.2 sec
04-10 06:45:24 Epoch: 160 source_val-Loss: 0.0000 source_val-Acc: 1.0000, Cost 0.0 sec
04-10 06:45:24 Epoch: 160 target_val-Loss: 0.0005 target_val-Acc: 1.0000, Cost 0.0 sec
04-10 06:45:24 -----Epoch 161/299-----
04-10 06:45:24 current lr: [0.0001, 0.0001, 0.0001, 0.0001]
04-10 06:45:24 Epoch: 161 source_train-Loss: 0.6924 source_train-Acc: 0.9984, Cost 0.2 sec
04-10 06:45:24 Epoch: 161 source_val-Loss: 0.0000 source_val-Acc: 1.0000, Cost 0.0 sec
04-10 06:45:25 Epoch: 161 target_val-Loss: 0.0002 target_val-Acc: 1.0000, Cost 0.0 sec
04-10 06:45:25 -----Epoch 162/299-----
04-10 06:45:25 current lr: [0.0001, 0.0001, 0.0001, 0.0001]
04-10 06:45:25 Epoch: 162 [640/1231], Train Loss: 0.6906 Train Acc: 0.9990,6024.9 examples/sec 0.01 sec/batch
04-10 06:45:25 Epoch: 162 source_train-Loss: 0.6925 source_train-Acc: 1.0000, Cost 0.2 sec
04-10 06:45:25 Epoch: 162 source_val-Loss: 0.0000 source_val-Acc: 1.0000, Cost 0.0 sec
04-10 06:45:25 Epoch: 162 target_val-Loss: 0.0001 target_val-Acc: 1.0000, Cost 0.0 sec
04-10 06:45:25 -----Epoch 163/299-----
04-10 06:45:25 current lr: [0.0001, 0.0001, 0.0001, 0.0001]
04-10 06:45:25 Epoch: 163 source_train-Loss: 0.6906 source_train-Acc: 0.9984, Cost 0.2 sec
04-10 06:45:25 Epoch: 163 source_val-Loss: 0.0000 source_val-Acc: 1.0000, Cost 0.0 sec
04-10 06:45:25 Epoch: 163 target_val-Loss: 0.0001 target_val-Acc: 1.0000, Cost 0.0 sec
04-10 06:45:25 -----Epoch 164/299-----
04-10 06:45:25 current lr: [0.0001, 0.0001, 0.0001, 0.0001]
04-10 06:45:25 Epoch: 164 source_train-Loss: 0.6901 source_train-Acc: 0.9992, Cost 0.2 sec
04-10 06:45:25 Epoch: 164 source_val-Loss: 0.0000 source_val-Acc: 1.0000, Cost 0.0 sec
04-10 06:45:25 Epoch: 164 target_val-Loss: 0.0000 target_val-Acc: 1.0000, Cost 0.0 sec
04-10 06:45:25 -----Epoch 165/299-----
04-10 06:45:25 current lr: [0.0001, 0.0001, 0.0001, 0.0001]
04-10 06:45:25 Epoch: 165 [0/1231], Train Loss: 0.6905 Train Acc: 0.9990,5524.7 examples/sec 0.01 sec/batch
04-10 06:45:25 Epoch: 165 source_train-Loss: 0.6849 source_train-Acc: 1.0000, Cost 0.2 sec
04-10 06:45:25 Epoch: 165 source_val-Loss: 0.0000 source_val-Acc: 1.0000, Cost 0.0 sec
04-10 06:45:25 Epoch: 165 target_val-Loss: 0.0001 target_val-Acc: 1.0000, Cost 0.0 sec
04-10 06:45:25 -----Epoch 166/299-----
04-10 06:45:25 current lr: [0.0001, 0.0001, 0.0001, 0.0001]
04-10 06:45:26 Epoch: 166 source_train-Loss: 0.6939 source_train-Acc: 0.9992, Cost 0.2 sec
04-10 06:45:26 Epoch: 166 source_val-Loss: 0.0000 source_val-Acc: 1.0000, Cost 0.0 sec
04-10 06:45:26 Epoch: 166 target_val-Loss: 0.0000 target_val-Acc: 1.0000, Cost 0.0 sec
04-10 06:45:26 -----Epoch 167/299-----
04-10 06:45:26 current lr: [0.0001, 0.0001, 0.0001, 0.0001]
04-10 06:45:26 Epoch: 167 [640/1231], Train Loss: 0.6893 Train Acc: 0.9994,5382.9 examples/sec 0.01 sec/batch
04-10 06:45:26 Epoch: 167 source_train-Loss: 0.6890 source_train-Acc: 0.9984, Cost 0.2 sec
04-10 06:45:26 Epoch: 167 source_val-Loss: 0.0000 source_val-Acc: 1.0000, Cost 0.0 sec
04-10 06:45:26 Epoch: 167 target_val-Loss: 0.0001 target_val-Acc: 1.0000, Cost 0.0 sec
04-10 06:45:26 -----Epoch 168/299-----
04-10 06:45:26 current lr: [0.0001, 0.0001, 0.0001, 0.0001]
04-10 06:45:26 Epoch: 168 source_train-Loss: 0.6894 source_train-Acc: 0.9992, Cost 0.2 sec
04-10 06:45:26 Epoch: 168 source_val-Loss: 0.0000 source_val-Acc: 1.0000, Cost 0.0 sec
04-10 06:45:26 Epoch: 168 target_val-Loss: 0.0000 target_val-Acc: 1.0000, Cost 0.0 sec
04-10 06:45:26 -----Epoch 169/299-----
04-10 06:45:26 current lr: [0.0001, 0.0001, 0.0001, 0.0001]
04-10 06:45:26 Epoch: 169 source_train-Loss: 0.7039 source_train-Acc: 0.9959, Cost 0.2 sec
04-10 06:45:26 Epoch: 169 source_val-Loss: 0.0000 source_val-Acc: 1.0000, Cost 0.0 sec
04-10 06:45:26 Epoch: 169 target_val-Loss: 0.0004 target_val-Acc: 1.0000, Cost 0.0 sec
04-10 06:45:26 -----Epoch 170/299-----
04-10 06:45:26 current lr: [0.0001, 0.0001, 0.0001, 0.0001]
04-10 06:45:26 Epoch: 170 [0/1231], Train Loss: 0.6949 Train Acc: 0.9977,4908.7 examples/sec 0.01 sec/batch
04-10 06:45:27 Epoch: 170 source_train-Loss: 0.6894 source_train-Acc: 0.9984, Cost 0.2 sec
04-10 06:45:27 Epoch: 170 source_val-Loss: 0.0000 source_val-Acc: 1.0000, Cost 0.0 sec
04-10 06:45:27 Epoch: 170 target_val-Loss: 0.0001 target_val-Acc: 1.0000, Cost 0.0 sec
04-10 06:45:27 -----Epoch 171/299-----
04-10 06:45:27 current lr: [0.0001, 0.0001, 0.0001, 0.0001]
04-10 06:45:27 Epoch: 171 source_train-Loss: 0.6894 source_train-Acc: 0.9992, Cost 0.2 sec
04-10 06:45:27 Epoch: 171 source_val-Loss: 0.0000 source_val-Acc: 1.0000, Cost 0.0 sec
04-10 06:45:27 Epoch: 171 target_val-Loss: 0.0002 target_val-Acc: 1.0000, Cost 0.0 sec
04-10 06:45:27 -----Epoch 172/299-----
04-10 06:45:27 current lr: [0.0001, 0.0001, 0.0001, 0.0001]
04-10 06:45:27 Epoch: 172 [640/1231], Train Loss: 0.6891 Train Acc: 0.9987,5708.6 examples/sec 0.01 sec/batch
04-10 06:45:27 Epoch: 172 source_train-Loss: 0.6851 source_train-Acc: 0.9992, Cost 0.2 sec
04-10 06:45:27 Epoch: 172 source_val-Loss: 0.0000 source_val-Acc: 1.0000, Cost 0.0 sec
04-10 06:45:27 Epoch: 172 target_val-Loss: 0.0002 target_val-Acc: 1.0000, Cost 0.0 sec
04-10 06:45:27 -----Epoch 173/299-----
04-10 06:45:27 current lr: [0.0001, 0.0001, 0.0001, 0.0001]
04-10 06:45:27 Epoch: 173 source_train-Loss: 0.6924 source_train-Acc: 0.9976, Cost 0.2 sec
04-10 06:45:27 Epoch: 173 source_val-Loss: 0.0000 source_val-Acc: 1.0000, Cost 0.0 sec
04-10 06:45:27 Epoch: 173 target_val-Loss: 0.0001 target_val-Acc: 1.0000, Cost 0.0 sec
04-10 06:45:27 -----Epoch 174/299-----
04-10 06:45:27 current lr: [0.0001, 0.0001, 0.0001, 0.0001]
04-10 06:45:27 Epoch: 174 source_train-Loss: 0.6895 source_train-Acc: 0.9992, Cost 0.2 sec
04-10 06:45:27 Epoch: 174 source_val-Loss: 0.0000 source_val-Acc: 1.0000, Cost 0.0 sec
04-10 06:45:27 Epoch: 174 target_val-Loss: 0.0003 target_val-Acc: 1.0000, Cost 0.0 sec
04-10 06:45:27 -----Epoch 175/299-----
04-10 06:45:27 current lr: [0.0001, 0.0001, 0.0001, 0.0001]
04-10 06:45:27 Epoch: 175 [0/1231], Train Loss: 0.6897 Train Acc: 0.9984,5163.4 examples/sec 0.01 sec/batch
04-10 06:45:28 Epoch: 175 source_train-Loss: 0.6874 source_train-Acc: 0.9992, Cost 0.2 sec
04-10 06:45:28 Epoch: 175 source_val-Loss: 0.0000 source_val-Acc: 1.0000, Cost 0.0 sec
04-10 06:45:28 Epoch: 175 target_val-Loss: 0.0007 target_val-Acc: 1.0000, Cost 0.0 sec
04-10 06:45:28 -----Epoch 176/299-----
04-10 06:45:28 current lr: [0.0001, 0.0001, 0.0001, 0.0001]
04-10 06:45:28 Epoch: 176 source_train-Loss: 0.6885 source_train-Acc: 1.0000, Cost 0.2 sec
04-10 06:45:28 Epoch: 176 source_val-Loss: 0.0000 source_val-Acc: 1.0000, Cost 0.0 sec
04-10 06:45:28 Epoch: 176 target_val-Loss: 0.0010 target_val-Acc: 1.0000, Cost 0.0 sec
04-10 06:45:28 -----Epoch 177/299-----
04-10 06:45:28 current lr: [0.0001, 0.0001, 0.0001, 0.0001]
04-10 06:45:28 Epoch: 177 [640/1231], Train Loss: 0.6881 Train Acc: 1.0000,5421.2 examples/sec 0.01 sec/batch
04-10 06:45:28 Epoch: 177 source_train-Loss: 0.6978 source_train-Acc: 0.9984, Cost 0.2 sec
04-10 06:45:28 Epoch: 177 source_val-Loss: 0.0000 source_val-Acc: 1.0000, Cost 0.0 sec
04-10 06:45:28 Epoch: 177 target_val-Loss: 0.0002 target_val-Acc: 1.0000, Cost 0.0 sec
04-10 06:45:28 -----Epoch 178/299-----
04-10 06:45:28 current lr: [0.0001, 0.0001, 0.0001, 0.0001]
04-10 06:45:28 Epoch: 178 source_train-Loss: 0.6907 source_train-Acc: 0.9984, Cost 0.2 sec
04-10 06:45:28 Epoch: 178 source_val-Loss: 0.0000 source_val-Acc: 1.0000, Cost 0.0 sec
04-10 06:45:28 Epoch: 178 target_val-Loss: 0.0004 target_val-Acc: 1.0000, Cost 0.0 sec
04-10 06:45:28 -----Epoch 179/299-----
04-10 06:45:28 current lr: [0.0001, 0.0001, 0.0001, 0.0001]
04-10 06:45:29 Epoch: 179 source_train-Loss: 0.6937 source_train-Acc: 0.9992, Cost 0.2 sec
04-10 06:45:29 Epoch: 179 source_val-Loss: 0.0000 source_val-Acc: 1.0000, Cost 0.0 sec
04-10 06:45:29 Epoch: 179 target_val-Loss: 0.0016 target_val-Acc: 1.0000, Cost 0.0 sec
04-10 06:45:29 -----Epoch 180/299-----
04-10 06:45:29 current lr: [0.0001, 0.0001, 0.0001, 0.0001]
04-10 06:45:29 Epoch: 180 [0/1231], Train Loss: 0.6951 Train Acc: 0.9984,5063.3 examples/sec 0.01 sec/batch
04-10 06:45:29 Epoch: 180 source_train-Loss: 0.6926 source_train-Acc: 0.9984, Cost 0.2 sec
04-10 06:45:29 Epoch: 180 source_val-Loss: 0.0000 source_val-Acc: 1.0000, Cost 0.0 sec
04-10 06:45:29 Epoch: 180 target_val-Loss: 0.0030 target_val-Acc: 0.9962, Cost 0.0 sec
04-10 06:45:29 -----Epoch 181/299-----
04-10 06:45:29 current lr: [0.0001, 0.0001, 0.0001, 0.0001]
04-10 06:45:29 Epoch: 181 source_train-Loss: 0.6893 source_train-Acc: 1.0000, Cost 0.2 sec
04-10 06:45:29 Epoch: 181 source_val-Loss: 0.0000 source_val-Acc: 1.0000, Cost 0.0 sec
04-10 06:45:29 Epoch: 181 target_val-Loss: 0.0023 target_val-Acc: 1.0000, Cost 0.0 sec
04-10 06:45:29 -----Epoch 182/299-----
04-10 06:45:29 current lr: [0.0001, 0.0001, 0.0001, 0.0001]
04-10 06:45:29 Epoch: 182 [640/1231], Train Loss: 0.6892 Train Acc: 0.9994,5700.0 examples/sec 0.01 sec/batch
04-10 06:45:29 Epoch: 182 source_train-Loss: 0.6888 source_train-Acc: 1.0000, Cost 0.2 sec
04-10 06:45:29 Epoch: 182 source_val-Loss: 0.0000 source_val-Acc: 1.0000, Cost 0.0 sec
04-10 06:45:29 Epoch: 182 target_val-Loss: 0.0032 target_val-Acc: 0.9962, Cost 0.0 sec
04-10 06:45:29 -----Epoch 183/299-----
04-10 06:45:29 current lr: [0.0001, 0.0001, 0.0001, 0.0001]
04-10 06:45:30 Epoch: 183 source_train-Loss: 0.6869 source_train-Acc: 1.0000, Cost 0.2 sec
04-10 06:45:30 Epoch: 183 source_val-Loss: 0.0000 source_val-Acc: 1.0000, Cost 0.0 sec
04-10 06:45:30 Epoch: 183 target_val-Loss: 0.0023 target_val-Acc: 1.0000, Cost 0.0 sec
04-10 06:45:30 -----Epoch 184/299-----
04-10 06:45:30 current lr: [0.0001, 0.0001, 0.0001, 0.0001]
04-10 06:45:30 Epoch: 184 source_train-Loss: 0.6904 source_train-Acc: 0.9992, Cost 0.2 sec
04-10 06:45:30 Epoch: 184 source_val-Loss: 0.0000 source_val-Acc: 1.0000, Cost 0.0 sec
04-10 06:45:30 Epoch: 184 target_val-Loss: 0.0024 target_val-Acc: 1.0000, Cost 0.0 sec
04-10 06:45:30 -----Epoch 185/299-----
04-10 06:45:30 current lr: [0.0001, 0.0001, 0.0001, 0.0001]
04-10 06:45:30 Epoch: 185 [0/1231], Train Loss: 0.6897 Train Acc: 0.9997,5387.7 examples/sec 0.01 sec/batch
04-10 06:45:30 Epoch: 185 source_train-Loss: 0.6920 source_train-Acc: 0.9984, Cost 0.2 sec
04-10 06:45:30 Epoch: 185 source_val-Loss: 0.0000 source_val-Acc: 1.0000, Cost 0.0 sec
04-10 06:45:30 Epoch: 185 target_val-Loss: 0.0090 target_val-Acc: 0.9962, Cost 0.0 sec
04-10 06:45:30 -----Epoch 186/299-----
04-10 06:45:30 current lr: [0.0001, 0.0001, 0.0001, 0.0001]
04-10 06:45:30 Epoch: 186 source_train-Loss: 0.6908 source_train-Acc: 0.9992, Cost 0.2 sec
04-10 06:45:30 Epoch: 186 source_val-Loss: 0.0000 source_val-Acc: 1.0000, Cost 0.0 sec
04-10 06:45:30 Epoch: 186 target_val-Loss: 0.0030 target_val-Acc: 0.9962, Cost 0.0 sec
04-10 06:45:30 -----Epoch 187/299-----
04-10 06:45:30 current lr: [0.0001, 0.0001, 0.0001, 0.0001]
04-10 06:45:30 Epoch: 187 [640/1231], Train Loss: 0.6924 Train Acc: 0.9987,5685.1 examples/sec 0.01 sec/batch
04-10 06:45:30 Epoch: 187 source_train-Loss: 0.6921 source_train-Acc: 0.9992, Cost 0.2 sec
04-10 06:45:30 Epoch: 187 source_val-Loss: 0.0000 source_val-Acc: 1.0000, Cost 0.0 sec
04-10 06:45:30 Epoch: 187 target_val-Loss: 0.0073 target_val-Acc: 0.9962, Cost 0.0 sec
04-10 06:45:30 -----Epoch 188/299-----
04-10 06:45:30 current lr: [0.0001, 0.0001, 0.0001, 0.0001]
04-10 06:45:31 Epoch: 188 source_train-Loss: 0.6926 source_train-Acc: 0.9984, Cost 0.2 sec
04-10 06:45:31 Epoch: 188 source_val-Loss: 0.0000 source_val-Acc: 1.0000, Cost 0.0 sec
04-10 06:45:31 Epoch: 188 target_val-Loss: 0.0085 target_val-Acc: 0.9962, Cost 0.0 sec
04-10 06:45:31 -----Epoch 189/299-----
04-10 06:45:31 current lr: [0.0001, 0.0001, 0.0001, 0.0001]
04-10 06:45:31 Epoch: 189 source_train-Loss: 0.6919 source_train-Acc: 0.9992, Cost 0.2 sec
04-10 06:45:31 Epoch: 189 source_val-Loss: 0.0000 source_val-Acc: 1.0000, Cost 0.0 sec
04-10 06:45:31 Epoch: 189 target_val-Loss: 0.0113 target_val-Acc: 0.9962, Cost 0.0 sec
04-10 06:45:31 -----Epoch 190/299-----
04-10 06:45:31 current lr: [0.0001, 0.0001, 0.0001, 0.0001]
04-10 06:45:31 Epoch: 190 [0/1231], Train Loss: 0.6917 Train Acc: 0.9990,5432.5 examples/sec 0.01 sec/batch
04-10 06:45:31 Epoch: 190 source_train-Loss: 0.6891 source_train-Acc: 1.0000, Cost 0.2 sec
04-10 06:45:31 Epoch: 190 source_val-Loss: 0.0000 source_val-Acc: 1.0000, Cost 0.0 sec
04-10 06:45:31 Epoch: 190 target_val-Loss: 0.0072 target_val-Acc: 0.9962, Cost 0.0 sec
04-10 06:45:31 -----Epoch 191/299-----
04-10 06:45:31 current lr: [0.0001, 0.0001, 0.0001, 0.0001]
04-10 06:45:31 Epoch: 191 source_train-Loss: 0.6866 source_train-Acc: 1.0000, Cost 0.2 sec
04-10 06:45:31 Epoch: 191 source_val-Loss: 0.0000 source_val-Acc: 1.0000, Cost 0.0 sec
04-10 06:45:31 Epoch: 191 target_val-Loss: 0.0111 target_val-Acc: 0.9962, Cost 0.0 sec
04-10 06:45:31 -----Epoch 192/299-----
04-10 06:45:31 current lr: [0.0001, 0.0001, 0.0001, 0.0001]
04-10 06:45:31 Epoch: 192 [640/1231], Train Loss: 0.6878 Train Acc: 1.0000,5931.6 examples/sec 0.01 sec/batch
04-10 06:45:31 Epoch: 192 source_train-Loss: 0.6895 source_train-Acc: 1.0000, Cost 0.2 sec
04-10 06:45:32 Epoch: 192 source_val-Loss: 0.0000 source_val-Acc: 1.0000, Cost 0.0 sec
04-10 06:45:32 Epoch: 192 target_val-Loss: 0.0113 target_val-Acc: 0.9962, Cost 0.0 sec
04-10 06:45:32 -----Epoch 193/299-----
04-10 06:45:32 current lr: [0.0001, 0.0001, 0.0001, 0.0001]
04-10 06:45:32 Epoch: 193 source_train-Loss: 0.6873 source_train-Acc: 1.0000, Cost 0.2 sec
04-10 06:45:32 Epoch: 193 source_val-Loss: 0.0000 source_val-Acc: 1.0000, Cost 0.0 sec
04-10 06:45:32 Epoch: 193 target_val-Loss: 0.0157 target_val-Acc: 0.9962, Cost 0.0 sec
04-10 06:45:32 -----Epoch 194/299-----
04-10 06:45:32 current lr: [0.0001, 0.0001, 0.0001, 0.0001]
04-10 06:45:32 Epoch: 194 source_train-Loss: 0.6883 source_train-Acc: 1.0000, Cost 0.2 sec
04-10 06:45:32 Epoch: 194 source_val-Loss: 0.0000 source_val-Acc: 1.0000, Cost 0.0 sec
04-10 06:45:32 Epoch: 194 target_val-Loss: 0.0141 target_val-Acc: 0.9962, Cost 0.0 sec
04-10 06:45:32 -----Epoch 195/299-----
04-10 06:45:32 current lr: [0.0001, 0.0001, 0.0001, 0.0001]
04-10 06:45:32 Epoch: 195 [0/1231], Train Loss: 0.6885 Train Acc: 1.0000,5077.4 examples/sec 0.01 sec/batch
04-10 06:45:32 Epoch: 195 source_train-Loss: 0.6900 source_train-Acc: 1.0000, Cost 0.2 sec
04-10 06:45:32 Epoch: 195 source_val-Loss: 0.0000 source_val-Acc: 1.0000, Cost 0.0 sec
04-10 06:45:32 Epoch: 195 target_val-Loss: 0.0212 target_val-Acc: 0.9962, Cost 0.0 sec
04-10 06:45:32 -----Epoch 196/299-----
04-10 06:45:32 current lr: [0.0001, 0.0001, 0.0001, 0.0001]
04-10 06:45:32 Epoch: 196 source_train-Loss: 0.6907 source_train-Acc: 0.9992, Cost 0.2 sec
04-10 06:45:32 Epoch: 196 source_val-Loss: 0.0000 source_val-Acc: 1.0000, Cost 0.0 sec
04-10 06:45:32 Epoch: 196 target_val-Loss: 0.0152 target_val-Acc: 0.9962, Cost 0.0 sec
04-10 06:45:32 -----Epoch 197/299-----
04-10 06:45:32 current lr: [0.0001, 0.0001, 0.0001, 0.0001]
04-10 06:45:33 Epoch: 197 [640/1231], Train Loss: 0.6932 Train Acc: 0.9990,5506.3 examples/sec 0.01 sec/batch
04-10 06:45:33 Epoch: 197 source_train-Loss: 0.6951 source_train-Acc: 0.9984, Cost 0.2 sec
04-10 06:45:33 Epoch: 197 source_val-Loss: 0.0000 source_val-Acc: 1.0000, Cost 0.0 sec
04-10 06:45:33 Epoch: 197 target_val-Loss: 0.0115 target_val-Acc: 0.9962, Cost 0.0 sec
04-10 06:45:33 -----Epoch 198/299-----
04-10 06:45:33 current lr: [0.0001, 0.0001, 0.0001, 0.0001]
04-10 06:45:33 Epoch: 198 source_train-Loss: 0.6942 source_train-Acc: 0.9992, Cost 0.2 sec
04-10 06:45:33 Epoch: 198 source_val-Loss: 0.0000 source_val-Acc: 1.0000, Cost 0.0 sec
04-10 06:45:33 Epoch: 198 target_val-Loss: 0.0195 target_val-Acc: 0.9962, Cost 0.0 sec
04-10 06:45:33 -----Epoch 199/299-----
04-10 06:45:33 current lr: [0.0001, 0.0001, 0.0001, 0.0001]
04-10 06:45:33 Epoch: 199 source_train-Loss: 0.7000 source_train-Acc: 0.9992, Cost 0.2 sec
04-10 06:45:33 Epoch: 199 source_val-Loss: 0.0000 source_val-Acc: 1.0000, Cost 0.0 sec
04-10 06:45:33 Epoch: 199 target_val-Loss: 0.0220 target_val-Acc: 0.9962, Cost 0.0 sec
04-10 06:45:33 -----Epoch 200/299-----
04-10 06:45:33 current lr: [0.0001, 0.0001, 0.0001, 0.0001]
04-10 06:45:33 Epoch: 200 [0/1231], Train Loss: 0.6948 Train Acc: 0.9993,5206.9 examples/sec 0.01 sec/batch
04-10 06:45:33 Epoch: 200 source_train-Loss: 0.6959 source_train-Acc: 0.9992, Cost 0.2 sec
04-10 06:45:33 Epoch: 200 source_val-Loss: 0.0000 source_val-Acc: 1.0000, Cost 0.0 sec
04-10 06:45:33 Epoch: 200 target_val-Loss: 0.0196 target_val-Acc: 0.9962, Cost 0.0 sec
04-10 06:45:33 -----Epoch 201/299-----
04-10 06:45:33 current lr: [0.0001, 0.0001, 0.0001, 0.0001]
04-10 06:45:34 Epoch: 201 source_train-Loss: 0.6914 source_train-Acc: 1.0000, Cost 0.2 sec
04-10 06:45:34 Epoch: 201 source_val-Loss: 0.0000 source_val-Acc: 1.0000, Cost 0.0 sec
04-10 06:45:34 Epoch: 201 target_val-Loss: 0.0182 target_val-Acc: 0.9962, Cost 0.0 sec
04-10 06:45:34 -----Epoch 202/299-----
04-10 06:45:34 current lr: [0.0001, 0.0001, 0.0001, 0.0001]
04-10 06:45:34 Epoch: 202 [640/1231], Train Loss: 0.6929 Train Acc: 0.9994,5612.1 examples/sec 0.01 sec/batch
04-10 06:45:34 Epoch: 202 source_train-Loss: 0.6913 source_train-Acc: 0.9984, Cost 0.2 sec
04-10 06:45:34 Epoch: 202 source_val-Loss: 0.0000 source_val-Acc: 1.0000, Cost 0.0 sec
04-10 06:45:34 Epoch: 202 target_val-Loss: 0.0151 target_val-Acc: 0.9962, Cost 0.0 sec
04-10 06:45:34 -----Epoch 203/299-----
04-10 06:45:34 current lr: [0.0001, 0.0001, 0.0001, 0.0001]
04-10 06:45:34 Epoch: 203 source_train-Loss: 0.6894 source_train-Acc: 1.0000, Cost 0.2 sec
04-10 06:45:34 Epoch: 203 source_val-Loss: 0.0000 source_val-Acc: 1.0000, Cost 0.0 sec
04-10 06:45:34 Epoch: 203 target_val-Loss: 0.0152 target_val-Acc: 0.9962, Cost 0.0 sec
04-10 06:45:34 -----Epoch 204/299-----
04-10 06:45:34 current lr: [0.0001, 0.0001, 0.0001, 0.0001]
04-10 06:45:34 Epoch: 204 source_train-Loss: 0.6915 source_train-Acc: 0.9992, Cost 0.2 sec
04-10 06:45:34 Epoch: 204 source_val-Loss: 0.0000 source_val-Acc: 1.0000, Cost 0.0 sec
04-10 06:45:34 Epoch: 204 target_val-Loss: 0.0156 target_val-Acc: 0.9962, Cost 0.0 sec
04-10 06:45:34 -----Epoch 205/299-----
04-10 06:45:34 current lr: [0.0001, 0.0001, 0.0001, 0.0001]
04-10 06:45:34 Epoch: 205 [0/1231], Train Loss: 0.6906 Train Acc: 0.9993,5407.1 examples/sec 0.01 sec/batch
04-10 06:45:34 Epoch: 205 source_train-Loss: 0.6897 source_train-Acc: 0.9992, Cost 0.2 sec
04-10 06:45:34 Epoch: 205 source_val-Loss: 0.0000 source_val-Acc: 1.0000, Cost 0.0 sec
04-10 06:45:34 Epoch: 205 target_val-Loss: 0.0234 target_val-Acc: 0.9962, Cost 0.0 sec
04-10 06:45:34 -----Epoch 206/299-----
04-10 06:45:34 current lr: [0.0001, 0.0001, 0.0001, 0.0001]
04-10 06:45:35 Epoch: 206 source_train-Loss: 0.6926 source_train-Acc: 0.9992, Cost 0.2 sec
04-10 06:45:35 Epoch: 206 source_val-Loss: 0.0000 source_val-Acc: 1.0000, Cost 0.0 sec
04-10 06:45:35 Epoch: 206 target_val-Loss: 0.0342 target_val-Acc: 0.9923, Cost 0.0 sec
04-10 06:45:35 -----Epoch 207/299-----
04-10 06:45:35 current lr: [0.0001, 0.0001, 0.0001, 0.0001]
04-10 06:45:35 Epoch: 207 [640/1231], Train Loss: 0.6918 Train Acc: 0.9994,5770.1 examples/sec 0.01 sec/batch
04-10 06:45:35 Epoch: 207 source_train-Loss: 0.6903 source_train-Acc: 1.0000, Cost 0.2 sec
04-10 06:45:35 Epoch: 207 source_val-Loss: 0.0000 source_val-Acc: 1.0000, Cost 0.0 sec
04-10 06:45:35 Epoch: 207 target_val-Loss: 0.0252 target_val-Acc: 0.9962, Cost 0.0 sec
04-10 06:45:35 -----Epoch 208/299-----
04-10 06:45:35 current lr: [0.0001, 0.0001, 0.0001, 0.0001]
04-10 06:45:35 Epoch: 208 source_train-Loss: 0.6910 source_train-Acc: 1.0000, Cost 0.2 sec
04-10 06:45:35 Epoch: 208 source_val-Loss: 0.0000 source_val-Acc: 1.0000, Cost 0.0 sec
04-10 06:45:35 Epoch: 208 target_val-Loss: 0.0266 target_val-Acc: 0.9962, Cost 0.0 sec
04-10 06:45:35 -----Epoch 209/299-----
04-10 06:45:35 current lr: [0.0001, 0.0001, 0.0001, 0.0001]
04-10 06:45:35 Epoch: 209 source_train-Loss: 0.6958 source_train-Acc: 0.9984, Cost 0.2 sec
04-10 06:45:35 Epoch: 209 source_val-Loss: 0.0000 source_val-Acc: 1.0000, Cost 0.0 sec
04-10 06:45:35 Epoch: 209 target_val-Loss: 0.0253 target_val-Acc: 0.9962, Cost 0.0 sec
04-10 06:45:35 -----Epoch 210/299-----
04-10 06:45:35 current lr: [0.0001, 0.0001, 0.0001, 0.0001]
04-10 06:45:35 Epoch: 210 [0/1231], Train Loss: 0.6918 Train Acc: 0.9993,5273.0 examples/sec 0.01 sec/batch
04-10 06:45:36 Epoch: 210 source_train-Loss: 0.6898 source_train-Acc: 0.9984, Cost 0.2 sec
04-10 06:45:36 Epoch: 210 source_val-Loss: 0.0000 source_val-Acc: 1.0000, Cost 0.0 sec
04-10 06:45:36 Epoch: 210 target_val-Loss: 0.0239 target_val-Acc: 0.9962, Cost 0.0 sec
04-10 06:45:36 -----Epoch 211/299-----
04-10 06:45:36 current lr: [0.0001, 0.0001, 0.0001, 0.0001]
04-10 06:45:36 Epoch: 211 source_train-Loss: 0.6954 source_train-Acc: 0.9992, Cost 0.2 sec
04-10 06:45:36 Epoch: 211 source_val-Loss: 0.0000 source_val-Acc: 1.0000, Cost 0.0 sec
04-10 06:45:36 Epoch: 211 target_val-Loss: 0.0191 target_val-Acc: 0.9962, Cost 0.0 sec
04-10 06:45:36 -----Epoch 212/299-----
04-10 06:45:36 current lr: [0.0001, 0.0001, 0.0001, 0.0001]
04-10 06:45:36 Epoch: 212 [640/1231], Train Loss: 0.6923 Train Acc: 0.9990,5383.1 examples/sec 0.01 sec/batch
04-10 06:45:36 Epoch: 212 source_train-Loss: 0.6908 source_train-Acc: 0.9992, Cost 0.2 sec
04-10 06:45:36 Epoch: 212 source_val-Loss: 0.0000 source_val-Acc: 1.0000, Cost 0.0 sec
04-10 06:45:36 Epoch: 212 target_val-Loss: 0.0230 target_val-Acc: 0.9962, Cost 0.0 sec
04-10 06:45:36 -----Epoch 213/299-----
04-10 06:45:36 current lr: [0.0001, 0.0001, 0.0001, 0.0001]
04-10 06:45:36 Epoch: 213 source_train-Loss: 0.6908 source_train-Acc: 0.9992, Cost 0.2 sec
04-10 06:45:36 Epoch: 213 source_val-Loss: 0.0000 source_val-Acc: 1.0000, Cost 0.0 sec
04-10 06:45:36 Epoch: 213 target_val-Loss: 0.0260 target_val-Acc: 0.9962, Cost 0.0 sec
04-10 06:45:36 -----Epoch 214/299-----
04-10 06:45:36 current lr: [0.0001, 0.0001, 0.0001, 0.0001]
04-10 06:45:37 Epoch: 214 source_train-Loss: 0.6957 source_train-Acc: 0.9984, Cost 0.2 sec
04-10 06:45:37 Epoch: 214 source_val-Loss: 0.0000 source_val-Acc: 1.0000, Cost 0.0 sec
04-10 06:45:37 Epoch: 214 target_val-Loss: 0.0341 target_val-Acc: 0.9923, Cost 0.0 sec
04-10 06:45:37 -----Epoch 215/299-----
04-10 06:45:37 current lr: [0.0001, 0.0001, 0.0001, 0.0001]
04-10 06:45:37 Epoch: 215 [0/1231], Train Loss: 0.6930 Train Acc: 0.9987,5039.4 examples/sec 0.01 sec/batch
04-10 06:45:37 Epoch: 215 source_train-Loss: 0.6952 source_train-Acc: 0.9992, Cost 0.2 sec
04-10 06:45:37 Epoch: 215 source_val-Loss: 0.0000 source_val-Acc: 1.0000, Cost 0.0 sec
04-10 06:45:37 Epoch: 215 target_val-Loss: 0.0279 target_val-Acc: 0.9962, Cost 0.0 sec
04-10 06:45:37 -----Epoch 216/299-----
04-10 06:45:37 current lr: [0.0001, 0.0001, 0.0001, 0.0001]
04-10 06:45:37 Epoch: 216 source_train-Loss: 0.6913 source_train-Acc: 0.9984, Cost 0.2 sec
04-10 06:45:37 Epoch: 216 source_val-Loss: 0.0000 source_val-Acc: 1.0000, Cost 0.0 sec
04-10 06:45:37 Epoch: 216 target_val-Loss: 0.0375 target_val-Acc: 0.9923, Cost 0.0 sec
04-10 06:45:37 -----Epoch 217/299-----
04-10 06:45:37 current lr: [0.0001, 0.0001, 0.0001, 0.0001]
04-10 06:45:37 Epoch: 217 [640/1231], Train Loss: 0.6926 Train Acc: 0.9990,5213.9 examples/sec 0.01 sec/batch
04-10 06:45:37 Epoch: 217 source_train-Loss: 0.6896 source_train-Acc: 1.0000, Cost 0.2 sec
04-10 06:45:37 Epoch: 217 source_val-Loss: 0.0000 source_val-Acc: 1.0000, Cost 0.0 sec
04-10 06:45:37 Epoch: 217 target_val-Loss: 0.0334 target_val-Acc: 0.9923, Cost 0.0 sec
04-10 06:45:37 -----Epoch 218/299-----
04-10 06:45:37 current lr: [0.0001, 0.0001, 0.0001, 0.0001]
04-10 06:45:37 Epoch: 218 source_train-Loss: 0.6862 source_train-Acc: 1.0000, Cost 0.2 sec
04-10 06:45:37 Epoch: 218 source_val-Loss: 0.0000 source_val-Acc: 1.0000, Cost 0.0 sec
04-10 06:45:38 Epoch: 218 target_val-Loss: 0.0332 target_val-Acc: 0.9962, Cost 0.0 sec
04-10 06:45:38 -----Epoch 219/299-----
04-10 06:45:38 current lr: [0.0001, 0.0001, 0.0001, 0.0001]
04-10 06:45:38 Epoch: 219 source_train-Loss: 0.6910 source_train-Acc: 1.0000, Cost 0.2 sec
04-10 06:45:38 Epoch: 219 source_val-Loss: 0.0000 source_val-Acc: 1.0000, Cost 0.0 sec
04-10 06:45:38 Epoch: 219 target_val-Loss: 0.0318 target_val-Acc: 0.9923, Cost 0.0 sec
04-10 06:45:38 -----Epoch 220/299-----
04-10 06:45:38 current lr: [0.0001, 0.0001, 0.0001, 0.0001]
04-10 06:45:38 Epoch: 220 [0/1231], Train Loss: 0.6892 Train Acc: 1.0000,5338.3 examples/sec 0.01 sec/batch
04-10 06:45:38 Epoch: 220 source_train-Loss: 0.6897 source_train-Acc: 1.0000, Cost 0.2 sec
04-10 06:45:38 Epoch: 220 source_val-Loss: 0.0000 source_val-Acc: 1.0000, Cost 0.0 sec
04-10 06:45:38 Epoch: 220 target_val-Loss: 0.0354 target_val-Acc: 0.9923, Cost 0.0 sec
04-10 06:45:38 -----Epoch 221/299-----
04-10 06:45:38 current lr: [0.0001, 0.0001, 0.0001, 0.0001]
04-10 06:45:38 Epoch: 221 source_train-Loss: 0.6946 source_train-Acc: 0.9992, Cost 0.2 sec
04-10 06:45:38 Epoch: 221 source_val-Loss: 0.0000 source_val-Acc: 1.0000, Cost 0.0 sec
04-10 06:45:38 Epoch: 221 target_val-Loss: 0.0312 target_val-Acc: 0.9962, Cost 0.0 sec
04-10 06:45:38 -----Epoch 222/299-----
04-10 06:45:38 current lr: [0.0001, 0.0001, 0.0001, 0.0001]
04-10 06:45:38 Epoch: 222 [640/1231], Train Loss: 0.6919 Train Acc: 0.9994,5739.2 examples/sec 0.01 sec/batch
04-10 06:45:38 Epoch: 222 source_train-Loss: 0.6914 source_train-Acc: 0.9992, Cost 0.2 sec
04-10 06:45:38 Epoch: 222 source_val-Loss: 0.0000 source_val-Acc: 1.0000, Cost 0.0 sec
04-10 06:45:38 Epoch: 222 target_val-Loss: 0.0241 target_val-Acc: 0.9962, Cost 0.0 sec
04-10 06:45:38 -----Epoch 223/299-----
04-10 06:45:38 current lr: [0.0001, 0.0001, 0.0001, 0.0001]
04-10 06:45:39 Epoch: 223 source_train-Loss: 0.6938 source_train-Acc: 0.9984, Cost 0.2 sec
04-10 06:45:39 Epoch: 223 source_val-Loss: 0.0000 source_val-Acc: 1.0000, Cost 0.0 sec
04-10 06:45:39 Epoch: 223 target_val-Loss: 0.0365 target_val-Acc: 0.9923, Cost 0.0 sec
04-10 06:45:39 -----Epoch 224/299-----
04-10 06:45:39 current lr: [0.0001, 0.0001, 0.0001, 0.0001]
04-10 06:45:39 Epoch: 224 source_train-Loss: 0.6902 source_train-Acc: 1.0000, Cost 0.2 sec
04-10 06:45:39 Epoch: 224 source_val-Loss: 0.0000 source_val-Acc: 1.0000, Cost 0.0 sec
04-10 06:45:39 Epoch: 224 target_val-Loss: 0.0340 target_val-Acc: 0.9923, Cost 0.0 sec
04-10 06:45:39 -----Epoch 225/299-----
04-10 06:45:39 current lr: [0.0001, 0.0001, 0.0001, 0.0001]
04-10 06:45:39 Epoch: 225 [0/1231], Train Loss: 0.6915 Train Acc: 0.9993,5230.7 examples/sec 0.01 sec/batch
04-10 06:45:39 Epoch: 225 source_train-Loss: 0.6936 source_train-Acc: 0.9984, Cost 0.2 sec
04-10 06:45:39 Epoch: 225 source_val-Loss: 0.0000 source_val-Acc: 1.0000, Cost 0.0 sec
04-10 06:45:39 Epoch: 225 target_val-Loss: 0.0315 target_val-Acc: 0.9923, Cost 0.0 sec
04-10 06:45:39 -----Epoch 226/299-----
04-10 06:45:39 current lr: [0.0001, 0.0001, 0.0001, 0.0001]
04-10 06:45:39 Epoch: 226 source_train-Loss: 0.6877 source_train-Acc: 1.0000, Cost 0.2 sec
04-10 06:45:39 Epoch: 226 source_val-Loss: 0.0000 source_val-Acc: 1.0000, Cost 0.0 sec
04-10 06:45:39 Epoch: 226 target_val-Loss: 0.0281 target_val-Acc: 0.9962, Cost 0.0 sec
04-10 06:45:39 -----Epoch 227/299-----
04-10 06:45:39 current lr: [0.0001, 0.0001, 0.0001, 0.0001]
04-10 06:45:39 Epoch: 227 [640/1231], Train Loss: 0.6919 Train Acc: 0.9994,5440.8 examples/sec 0.01 sec/batch
04-10 06:45:40 Epoch: 227 source_train-Loss: 0.6928 source_train-Acc: 0.9992, Cost 0.2 sec
04-10 06:45:40 Epoch: 227 source_val-Loss: 0.0000 source_val-Acc: 1.0000, Cost 0.0 sec
04-10 06:45:40 Epoch: 227 target_val-Loss: 0.0253 target_val-Acc: 0.9962, Cost 0.0 sec
04-10 06:45:40 -----Epoch 228/299-----
04-10 06:45:40 current lr: [0.0001, 0.0001, 0.0001, 0.0001]
04-10 06:45:40 Epoch: 228 source_train-Loss: 0.6904 source_train-Acc: 0.9992, Cost 0.2 sec
04-10 06:45:40 Epoch: 228 source_val-Loss: 0.0000 source_val-Acc: 1.0000, Cost 0.0 sec
04-10 06:45:40 Epoch: 228 target_val-Loss: 0.0275 target_val-Acc: 0.9962, Cost 0.0 sec
04-10 06:45:40 -----Epoch 229/299-----
04-10 06:45:40 current lr: [0.0001, 0.0001, 0.0001, 0.0001]
04-10 06:45:40 Epoch: 229 source_train-Loss: 0.6902 source_train-Acc: 0.9992, Cost 0.2 sec
04-10 06:45:40 Epoch: 229 source_val-Loss: 0.0000 source_val-Acc: 1.0000, Cost 0.0 sec
04-10 06:45:40 Epoch: 229 target_val-Loss: 0.0314 target_val-Acc: 0.9923, Cost 0.0 sec
04-10 06:45:40 -----Epoch 230/299-----
04-10 06:45:40 current lr: [0.0001, 0.0001, 0.0001, 0.0001]
04-10 06:45:40 Epoch: 230 [0/1231], Train Loss: 0.6901 Train Acc: 0.9990,5368.0 examples/sec 0.01 sec/batch
04-10 06:45:40 Epoch: 230 source_train-Loss: 0.7015 source_train-Acc: 0.9984, Cost 0.2 sec
04-10 06:45:40 Epoch: 230 source_val-Loss: 0.0000 source_val-Acc: 1.0000, Cost 0.0 sec
04-10 06:45:40 Epoch: 230 target_val-Loss: 0.0376 target_val-Acc: 0.9923, Cost 0.0 sec
04-10 06:45:40 -----Epoch 231/299-----
04-10 06:45:40 current lr: [0.0001, 0.0001, 0.0001, 0.0001]
04-10 06:45:40 Epoch: 231 source_train-Loss: 0.6952 source_train-Acc: 0.9984, Cost 0.2 sec
04-10 06:45:40 Epoch: 231 source_val-Loss: 0.0000 source_val-Acc: 1.0000, Cost 0.0 sec
04-10 06:45:40 Epoch: 231 target_val-Loss: 0.0282 target_val-Acc: 0.9962, Cost 0.0 sec
04-10 06:45:40 -----Epoch 232/299-----
04-10 06:45:40 current lr: [0.0001, 0.0001, 0.0001, 0.0001]
04-10 06:45:41 Epoch: 232 [640/1231], Train Loss: 0.6964 Train Acc: 0.9987,5703.8 examples/sec 0.01 sec/batch
04-10 06:45:41 Epoch: 232 source_train-Loss: 0.6911 source_train-Acc: 1.0000, Cost 0.2 sec
04-10 06:45:41 Epoch: 232 source_val-Loss: 0.0000 source_val-Acc: 1.0000, Cost 0.0 sec
04-10 06:45:41 Epoch: 232 target_val-Loss: 0.0364 target_val-Acc: 0.9923, Cost 0.0 sec
04-10 06:45:41 -----Epoch 233/299-----
04-10 06:45:41 current lr: [0.0001, 0.0001, 0.0001, 0.0001]
04-10 06:45:41 Epoch: 233 source_train-Loss: 0.6940 source_train-Acc: 1.0000, Cost 0.2 sec
04-10 06:45:41 Epoch: 233 source_val-Loss: 0.0000 source_val-Acc: 1.0000, Cost 0.0 sec
04-10 06:45:41 Epoch: 233 target_val-Loss: 0.0353 target_val-Acc: 0.9923, Cost 0.0 sec
04-10 06:45:41 -----Epoch 234/299-----
04-10 06:45:41 current lr: [0.0001, 0.0001, 0.0001, 0.0001]
04-10 06:45:41 Epoch: 234 source_train-Loss: 0.7017 source_train-Acc: 0.9984, Cost 0.2 sec
