04-10 07:24:17 method: DA
04-10 07:24:17 model_name: cnn_features_1d
04-10 07:24:17 data_name: multi_CWRU
04-10 07:24:17 data_dir: /home/workspace/UDA_Bearing_Fault_Diagnosis/Data/CWRU/
04-10 07:24:17 transfer_task: [[1, 2], [0]]
04-10 07:24:17 normlizetype: mean-std
04-10 07:24:17 cuda_device: 0
04-10 07:24:17 checkpoint_dir: ./checkpoint
04-10 07:24:17 pretrained: False
04-10 07:24:17 batch_size: 64
04-10 07:24:17 num_workers: 0
04-10 07:24:17 bottleneck: True
04-10 07:24:17 bottleneck_num: 256
04-10 07:24:17 last_batch: False
04-10 07:24:17 distance_metric: False
04-10 07:24:17 distance_loss: MK-MMD
04-10 07:24:17 trade_off_distance: Step
04-10 07:24:17 lam_distance: 1
04-10 07:24:17 domain_adversarial: True
04-10 07:24:17 adversarial_loss: CDA+E
04-10 07:24:17 hidden_size: 1024
04-10 07:24:17 trade_off_adversarial: Step
04-10 07:24:17 lam_adversarial: 1
04-10 07:24:17 opt: adam
04-10 07:24:17 lr: 0.001
04-10 07:24:17 momentum: 0.9
04-10 07:24:17 weight_decay: 1e-05
04-10 07:24:17 lr_scheduler: step
04-10 07:24:17 gamma: 0.1
04-10 07:24:17 steps: 150, 250
04-10 07:24:17 middle_epoch: 50
04-10 07:24:17 max_epoch: 300
04-10 07:24:17 print_step: 50
04-10 07:24:17 using 1 gpus
