04-10 07:41:43 method: multiDA
04-10 07:41:43 model_name: cnn_features_1d
04-10 07:41:43 data_name: multi_CWRU
04-10 07:41:43 data_dir: /home/workspace/UDA_Bearing_Fault_Diagnosis/Data/CWRU/
04-10 07:41:43 transfer_task: [[1], [0]]
04-10 07:41:43 normlizetype: mean-std
04-10 07:41:43 cuda_device: 0
04-10 07:41:43 checkpoint_dir: ./checkpoint
04-10 07:41:43 pretrained: False
04-10 07:41:43 batch_size: 64
04-10 07:41:43 num_workers: 0
04-10 07:41:43 bottleneck: True
04-10 07:41:43 bottleneck_num: 256
04-10 07:41:43 last_batch: False
04-10 07:41:43 distance_metric: False
04-10 07:41:43 distance_loss: MK-MMD
04-10 07:41:43 trade_off_distance: Step
04-10 07:41:43 lam_distance: 1
04-10 07:41:43 domain_adversarial: True
04-10 07:41:43 adversarial_loss: CDA+E
04-10 07:41:43 hidden_size: 1024
04-10 07:41:43 trade_off_adversarial: Step
04-10 07:41:43 lam_adversarial: 1
04-10 07:41:43 opt: adam
04-10 07:41:43 lr: 0.001
04-10 07:41:43 momentum: 0.9
04-10 07:41:43 weight_decay: 1e-05
04-10 07:41:43 lr_scheduler: step
04-10 07:41:43 gamma: 0.1
04-10 07:41:43 steps: 150, 250
04-10 07:41:43 middle_epoch: 50
04-10 07:41:43 max_epoch: 300
04-10 07:41:43 print_step: 50
04-10 07:41:43 using 1 gpus
