04-10 14:43:10 model_name: CNN
04-10 14:43:10 source: CWRU_0
04-10 14:43:10 target: JNU_1
04-10 14:43:10 data_dir: ./datasets
04-10 14:43:10 train_mode: single_source
04-10 14:43:10 cuda_device: 0
04-10 14:43:10 save_dir: ./ckpt
04-10 14:43:10 max_epoch: 30
04-10 14:43:10 batch_size: 64
04-10 14:43:10 num_workers: 4
04-10 14:43:10 signal_size: 1024
04-10 14:43:10 random_state: 1
04-10 14:43:10 normlizetype: -1-1
04-10 14:43:10 opt: sgd
04-10 14:43:10 lr: 0.01
04-10 14:43:10 momentum: 0.9
04-10 14:43:10 betas: (0.9, 0.999)
04-10 14:43:10 weight_decay: 0.0005
04-10 14:43:10 lr_scheduler: stepLR
04-10 14:43:10 gamma: 0.2
04-10 14:43:10 steps: 10
04-10 14:43:10 tradeoff: ['exp', 'exp', 'exp']
04-10 14:43:10 dropout: 0.0
04-10 14:43:10 save: True
04-10 14:43:10 load_path: 
04-10 14:43:10 save_path: ./ckpt/CNN/single_source/[CWRU_0]To[JNU_1]_0410-144310
04-10 14:43:10 Detect 4 classes: ['ball', 'inner', 'normal', 'outer']
04-10 14:43:10 using 1 / 1 gpus
04-10 14:43:13 Source set CWRU_0 number of samples 1544.
