04-10 14:34:27 model_name: CNN
04-10 14:34:27 source: CWRU_0
04-10 14:34:27 target: CWRU_1
04-10 14:34:27 data_dir: ./datasets
04-10 14:34:27 train_mode: single_source
04-10 14:34:27 cuda_device: 0
04-10 14:34:27 save_dir: ./ckpt
04-10 14:34:27 max_epoch: 30
04-10 14:34:27 batch_size: 64
04-10 14:34:27 num_workers: 4
04-10 14:34:27 signal_size: 1024
04-10 14:34:27 random_state: 1
04-10 14:34:27 normlizetype: -1-1
04-10 14:34:27 opt: sgd
04-10 14:34:27 lr: 0.01
04-10 14:34:27 momentum: 0.9
04-10 14:34:27 betas: (0.9, 0.999)
04-10 14:34:27 weight_decay: 0.0005
04-10 14:34:27 lr_scheduler: stepLR
04-10 14:34:27 gamma: 0.2
04-10 14:34:27 steps: 10
04-10 14:34:27 tradeoff: ['exp', 'exp', 'exp']
04-10 14:34:27 dropout: 0.0
04-10 14:34:27 save: True
04-10 14:34:27 load_path: 
04-10 14:34:27 save_path: ./ckpt/CNN/single_source/[CWRU_0]To[CWRU_1]_0410-143427
04-10 14:34:27 Detect 4 classes: ['ball', 'inner', 'normal', 'outer']
04-10 14:34:27 using 1 / 1 gpus
04-10 14:34:30 Source set CWRU_0 number of samples 1544.
04-10 14:34:30 Training set number of samples 1230.
04-10 14:34:30 Validation set number of samples 309.
04-10 14:34:31 -----Epoch 1/30-----
04-10 14:34:31 current lr: [0.01]
04-10 14:34:31 Train-Loss Source Classifier: 0.9491
04-10 14:34:31 Train-Acc Source Data: 0.5987
