04-10 14:59:09 model_name: CNN
04-10 14:59:09 source: CWRU_0
04-10 14:59:09 target: JNU_1
04-10 14:59:09 data_dir: ./datasets
04-10 14:59:09 train_mode: single_source
04-10 14:59:09 cuda_device: 0
04-10 14:59:09 save_dir: ./ckpt
04-10 14:59:09 max_epoch: 30
04-10 14:59:09 batch_size: 64
04-10 14:59:09 num_workers: 4
04-10 14:59:09 signal_size: 1024
04-10 14:59:09 random_state: 1
04-10 14:59:09 normlizetype: -1-1
04-10 14:59:09 opt: sgd
04-10 14:59:09 lr: 0.01
04-10 14:59:09 momentum: 0.9
04-10 14:59:09 betas: (0.9, 0.999)
04-10 14:59:09 weight_decay: 0.0005
04-10 14:59:09 lr_scheduler: stepLR
04-10 14:59:09 gamma: 0.2
04-10 14:59:09 steps: 10
04-10 14:59:09 tradeoff: ['exp', 'exp', 'exp']
04-10 14:59:09 dropout: 0.0
04-10 14:59:09 save: True
04-10 14:59:09 load_path: 
04-10 14:59:09 save_path: ./ckpt/CNN/single_source/[CWRU_0]To[JNU_1]_0410-145909
04-10 14:59:09 Detect 4 classes: ['ball', 'inner', 'normal', 'outer']
04-10 14:59:09 using 1 / 1 gpus
04-10 14:59:13 Source set CWRU_0 number of samples 1544.
