04-10 14:46:27 model_name: CNN
04-10 14:46:27 source: CWRU_0
04-10 14:46:27 target: JNU_1
04-10 14:46:27 data_dir: ./datasets
04-10 14:46:27 train_mode: single_source
04-10 14:46:27 cuda_device: 0
04-10 14:46:27 save_dir: ./ckpt
04-10 14:46:27 max_epoch: 30
04-10 14:46:27 batch_size: 64
04-10 14:46:27 num_workers: 4
04-10 14:46:27 signal_size: 1024
04-10 14:46:27 random_state: 1
04-10 14:46:27 normlizetype: -1-1
04-10 14:46:27 opt: sgd
04-10 14:46:27 lr: 0.01
04-10 14:46:27 momentum: 0.9
04-10 14:46:27 betas: (0.9, 0.999)
04-10 14:46:27 weight_decay: 0.0005
04-10 14:46:27 lr_scheduler: stepLR
04-10 14:46:27 gamma: 0.2
04-10 14:46:27 steps: 10
04-10 14:46:27 tradeoff: ['exp', 'exp', 'exp']
04-10 14:46:27 dropout: 0.0
04-10 14:46:27 save: True
04-10 14:46:27 load_path: 
04-10 14:46:27 save_path: ./ckpt/CNN/single_source/[CWRU_0]To[JNU_1]_0410-144627
04-10 14:46:27 Detect 4 classes: ['ball', 'inner', 'normal', 'outer']
04-10 14:46:27 using 1 / 1 gpus
04-10 14:46:30 Source set CWRU_0 number of samples 1544.
