04-10 15:01:15 model_name: CNN
04-10 15:01:15 source: CWRU_0
04-10 15:01:15 target: CWRU_1
04-10 15:01:15 data_dir: ./datasets
04-10 15:01:15 train_mode: single_source
04-10 15:01:15 cuda_device: 0
04-10 15:01:15 save_dir: ./ckpt
04-10 15:01:15 max_epoch: 30
04-10 15:01:15 batch_size: 64
04-10 15:01:15 num_workers: 4
04-10 15:01:15 signal_size: 1024
04-10 15:01:15 random_state: 1
04-10 15:01:15 normlizetype: -1-1
04-10 15:01:15 opt: sgd
04-10 15:01:15 lr: 0.01
04-10 15:01:15 momentum: 0.9
04-10 15:01:15 betas: (0.9, 0.999)
04-10 15:01:15 weight_decay: 0.0005
04-10 15:01:15 lr_scheduler: stepLR
04-10 15:01:15 gamma: 0.2
04-10 15:01:15 steps: 10
04-10 15:01:15 tradeoff: ['exp', 'exp', 'exp']
04-10 15:01:15 dropout: 0.0
04-10 15:01:15 save: True
04-10 15:01:15 load_path: 
04-10 15:01:15 save_path: ./ckpt/CNN/single_source/[CWRU_0]To[CWRU_1]_0410-150115
04-10 15:01:15 Detect 4 classes: ['ball', 'inner', 'normal', 'outer']
04-10 15:01:15 using 1 / 1 gpus
04-10 15:01:19 Source set CWRU_0 number of samples 1544.
04-10 15:01:19 Training set number of samples 1230.
04-10 15:01:19 Validation set number of samples 309.
