04-10 14:34:54 model_name: CNN
04-10 14:34:54 source: CWRU_0
04-10 14:34:54 target: CWRU_1
04-10 14:34:54 data_dir: ./datasets
04-10 14:34:54 train_mode: single_source
04-10 14:34:54 cuda_device: 0
04-10 14:34:54 save_dir: ./ckpt
04-10 14:34:54 max_epoch: 30
04-10 14:34:54 batch_size: 64
04-10 14:34:54 num_workers: 4
04-10 14:34:54 signal_size: 1024
04-10 14:34:54 random_state: 1
04-10 14:34:54 normlizetype: -1-1
04-10 14:34:54 opt: sgd
04-10 14:34:54 lr: 0.01
04-10 14:34:54 momentum: 0.9
04-10 14:34:54 betas: (0.9, 0.999)
04-10 14:34:54 weight_decay: 0.0005
04-10 14:34:54 lr_scheduler: stepLR
04-10 14:34:54 gamma: 0.2
04-10 14:34:54 steps: 10
04-10 14:34:54 tradeoff: ['exp', 'exp', 'exp']
04-10 14:34:54 dropout: 0.0
04-10 14:34:54 save: True
04-10 14:34:54 load_path: 
04-10 14:34:54 save_path: ./ckpt/CNN/single_source/[CWRU_0]To[CWRU_1]_0410-143454
04-10 14:34:54 Detect 4 classes: ['ball', 'inner', 'normal', 'outer']
04-10 14:34:54 using 1 / 1 gpus
04-10 14:34:57 Source set CWRU_0 number of samples 1544.
04-10 14:34:57 Training set number of samples 1230.
04-10 14:34:57 Validation set number of samples 309.
