04-10 14:56:52 model_name: CNN
04-10 14:56:52 source: CWRU_0
04-10 14:56:52 target: JNU_1
04-10 14:56:52 data_dir: ./datasets
04-10 14:56:52 train_mode: single_source
04-10 14:56:52 cuda_device: 0
04-10 14:56:52 save_dir: ./ckpt
04-10 14:56:52 max_epoch: 30
04-10 14:56:52 batch_size: 64
04-10 14:56:52 num_workers: 4
04-10 14:56:52 signal_size: 1024
04-10 14:56:52 random_state: 1
04-10 14:56:52 normlizetype: -1-1
04-10 14:56:52 opt: sgd
04-10 14:56:52 lr: 0.01
04-10 14:56:52 momentum: 0.9
04-10 14:56:52 betas: (0.9, 0.999)
04-10 14:56:52 weight_decay: 0.0005
04-10 14:56:52 lr_scheduler: stepLR
04-10 14:56:52 gamma: 0.2
04-10 14:56:52 steps: 10
04-10 14:56:52 tradeoff: ['exp', 'exp', 'exp']
04-10 14:56:52 dropout: 0.0
04-10 14:56:52 save: True
04-10 14:56:52 load_path: 
04-10 14:56:52 save_path: ./ckpt/CNN/single_source/[CWRU_0]To[JNU_1]_0410-145652
04-10 14:56:52 Detect 4 classes: ['ball', 'inner', 'normal', 'outer']
04-10 14:56:52 using 1 / 1 gpus
