04-10 14:49:28 model_name: CNN
04-10 14:49:28 source: CWRU_0
04-10 14:49:28 target: JNU_1
04-10 14:49:28 data_dir: ./datasets
04-10 14:49:28 train_mode: single_source
04-10 14:49:28 cuda_device: 0
04-10 14:49:28 save_dir: ./ckpt
04-10 14:49:28 max_epoch: 30
04-10 14:49:28 batch_size: 64
04-10 14:49:28 num_workers: 4
04-10 14:49:28 signal_size: 1024
04-10 14:49:28 random_state: 1
04-10 14:49:28 normlizetype: -1-1
04-10 14:49:28 opt: sgd
04-10 14:49:28 lr: 0.01
04-10 14:49:28 momentum: 0.9
04-10 14:49:28 betas: (0.9, 0.999)
04-10 14:49:28 weight_decay: 0.0005
04-10 14:49:28 lr_scheduler: stepLR
04-10 14:49:28 gamma: 0.2
04-10 14:49:28 steps: 10
04-10 14:49:28 tradeoff: ['exp', 'exp', 'exp']
04-10 14:49:28 dropout: 0.0
04-10 14:49:28 save: True
04-10 14:49:28 load_path: 
04-10 14:49:28 save_path: ./ckpt/CNN/single_source/[CWRU_0]To[JNU_1]_0410-144928
04-10 14:49:28 Detect 4 classes: ['ball', 'inner', 'normal', 'outer']
04-10 14:49:28 using 1 / 1 gpus
04-10 14:49:32 Source set CWRU_0 number of samples 1424.
04-10 14:49:39 Training set number of samples 1560.
04-10 14:49:39 Validation set number of samples 392.
04-10 14:49:40 -----Epoch 1/30-----
04-10 14:49:40 current lr: [0.01]
04-10 14:49:41 Train-Loss Source Classifier: 0.8581
04-10 14:49:41 Train-Acc Source Data: 0.6380
04-10 14:49:41 Val-Acc Target Data: 0.2552
04-10 14:49:41 The best model epoch 1, val-acc 0.2552
04-10 14:49:41 -----Epoch 2/30-----
04-10 14:49:41 current lr: [0.01]
04-10 14:49:41 Train-Loss Source Classifier: 0.0949
04-10 14:49:41 Train-Acc Source Data: 0.9707
04-10 14:49:42 Val-Acc Target Data: 0.2865
04-10 14:49:42 The best model epoch 2, val-acc 0.2865
04-10 14:49:42 -----Epoch 3/30-----
04-10 14:49:42 current lr: [0.01]
04-10 14:49:42 Train-Loss Source Classifier: 0.0194
04-10 14:49:42 Train-Acc Source Data: 0.9941
04-10 14:49:43 Val-Acc Target Data: 0.2734
04-10 14:49:43 The best model epoch 2, val-acc 0.2865
04-10 14:49:43 -----Epoch 4/30-----
04-10 14:49:43 current lr: [0.01]
04-10 14:49:43 Train-Loss Source Classifier: 0.0047
04-10 14:49:43 Train-Acc Source Data: 1.0000
04-10 14:49:44 Val-Acc Target Data: 0.2422
04-10 14:49:44 The best model epoch 2, val-acc 0.2865
04-10 14:49:44 -----Epoch 5/30-----
04-10 14:49:44 current lr: [0.01]
04-10 14:49:44 Train-Loss Source Classifier: 0.0015
04-10 14:49:44 Train-Acc Source Data: 1.0000
04-10 14:49:45 Val-Acc Target Data: 0.2552
04-10 14:49:45 The best model epoch 2, val-acc 0.2865
04-10 14:49:45 -----Epoch 6/30-----
04-10 14:49:45 current lr: [0.01]
04-10 14:49:45 Train-Loss Source Classifier: 0.0005
04-10 14:49:45 Train-Acc Source Data: 1.0000
04-10 14:49:46 Val-Acc Target Data: 0.2500
04-10 14:49:46 The best model epoch 2, val-acc 0.2865
04-10 14:49:46 -----Epoch 7/30-----
04-10 14:49:46 current lr: [0.01]
04-10 14:49:46 Train-Loss Source Classifier: 0.0004
04-10 14:49:46 Train-Acc Source Data: 1.0000
04-10 14:49:47 Val-Acc Target Data: 0.2422
04-10 14:49:47 The best model epoch 2, val-acc 0.2865
04-10 14:49:47 -----Epoch 8/30-----
04-10 14:49:47 current lr: [0.01]
