04-10 14:57:07 model_name: CNN
04-10 14:57:07 source: CWRU_0
04-10 14:57:07 target: JNU_1
04-10 14:57:07 data_dir: ./datasets
04-10 14:57:07 train_mode: single_source
04-10 14:57:07 cuda_device: 0
04-10 14:57:07 save_dir: ./ckpt
04-10 14:57:07 max_epoch: 30
04-10 14:57:07 batch_size: 64
04-10 14:57:07 num_workers: 4
04-10 14:57:07 signal_size: 1024
04-10 14:57:07 random_state: 1
04-10 14:57:07 normlizetype: -1-1
04-10 14:57:07 opt: sgd
04-10 14:57:07 lr: 0.01
04-10 14:57:07 momentum: 0.9
04-10 14:57:07 betas: (0.9, 0.999)
04-10 14:57:07 weight_decay: 0.0005
04-10 14:57:07 lr_scheduler: stepLR
04-10 14:57:07 gamma: 0.2
04-10 14:57:07 steps: 10
04-10 14:57:07 tradeoff: ['exp', 'exp', 'exp']
04-10 14:57:07 dropout: 0.0
04-10 14:57:07 save: True
04-10 14:57:07 load_path: 
04-10 14:57:07 save_path: ./ckpt/CNN/single_source/[CWRU_0]To[JNU_1]_0410-145707
04-10 14:57:07 Detect 4 classes: ['ball', 'inner', 'normal', 'outer']
04-10 14:57:07 using 1 / 1 gpus
