04-10 07:41:50 method: base
04-10 07:41:50 model_name: cnn_features_1d
04-10 07:41:50 data_name: CWRU
04-10 07:41:50 data_dir: /home/workspace/UDA_Bearing_Fault_Diagnosis/Data/CWRU/
04-10 07:41:50 transfer_task: [[1], [0]]
04-10 07:41:50 normlizetype: mean-std
04-10 07:41:50 cuda_device: 0
04-10 07:41:50 checkpoint_dir: ./checkpoint
04-10 07:41:50 pretrained: False
04-10 07:41:50 batch_size: 64
04-10 07:41:50 num_workers: 0
04-10 07:41:50 bottleneck: True
04-10 07:41:50 bottleneck_num: 256
04-10 07:41:50 last_batch: False
04-10 07:41:50 distance_metric: False
04-10 07:41:50 distance_loss: MK-MMD
04-10 07:41:50 trade_off_distance: Step
04-10 07:41:50 lam_distance: 1
04-10 07:41:50 domain_adversarial: False
04-10 07:41:50 adversarial_loss: CDA+E
04-10 07:41:50 hidden_size: 1024
04-10 07:41:50 trade_off_adversarial: Step
04-10 07:41:50 lam_adversarial: 1
04-10 07:41:50 opt: adam
04-10 07:41:50 lr: 0.001
04-10 07:41:50 momentum: 0.9
04-10 07:41:50 weight_decay: 1e-05
04-10 07:41:50 lr_scheduler: step
04-10 07:41:50 gamma: 0.1
04-10 07:41:50 steps: 150, 250
04-10 07:41:50 middle_epoch: 50
04-10 07:41:50 max_epoch: 300
04-10 07:41:50 print_step: 50
04-10 07:41:50 using 1 gpus
