04-10 15:08:22 model_name: MixStyle
04-10 15:08:22 source: CWRU_0,CWRU_2,CWRU_3
04-10 15:08:22 target: JNU_0
04-10 15:08:22 data_dir: ./datasets
04-10 15:08:22 train_mode: multi_source
04-10 15:08:22 cuda_device: 0
04-10 15:08:22 save_dir: ./ckpt
04-10 15:08:22 max_epoch: 30
04-10 15:08:22 batch_size: 64
04-10 15:08:22 num_workers: 4
04-10 15:08:22 signal_size: 1024
04-10 15:08:22 random_state: 1
04-10 15:08:22 normlizetype: -1-1
04-10 15:08:22 opt: sgd
04-10 15:08:22 lr: 0.01
04-10 15:08:22 momentum: 0.9
04-10 15:08:22 betas: (0.9, 0.999)
04-10 15:08:22 weight_decay: 0.0005
04-10 15:08:22 lr_scheduler: stepLR
04-10 15:08:22 gamma: 0.2
04-10 15:08:22 steps: 10
04-10 15:08:22 tradeoff: ['exp', 'exp', 'exp']
04-10 15:08:22 dropout: 0.0
04-10 15:08:22 save: True
04-10 15:08:22 load_path: 
04-10 15:08:22 save_path: ./ckpt/MixStyle/multi_source/[CWRU_0CWRU_2CWRU_3]To[JNU_0]_0410-150822
04-10 15:08:22 Detect 4 classes: ['ball', 'inner', 'normal', 'outer']
04-10 15:08:22 using 1 / 1 gpus
04-10 15:08:25 Source set CWRU_0 number of samples 1544.
04-10 15:08:25 Source set CWRU_2 number of samples 1539.
04-10 15:08:25 Source set CWRU_3 number of samples 1305.
04-10 15:08:33 Training set number of samples 2342.
04-10 15:08:33 Validation set number of samples 588.
04-10 15:08:35 -----Epoch 1/30-----
04-10 15:08:35 current lr: [0.01, 0.01]
04-10 15:08:36 Train-Loss Source Classifier: 0.8694
04-10 15:08:36 Train-Acc Source Data: 0.6254
04-10 15:08:36 Val-Acc Target Data: 0.1684
04-10 15:08:37 The best model epoch 1, val-acc 0.1684
04-10 15:08:37 -----Epoch 2/30-----
04-10 15:08:37 current lr: [0.01, 0.01]
04-10 15:08:38 Train-Loss Source Classifier: 0.1693
04-10 15:08:38 Train-Acc Source Data: 0.9358
04-10 15:08:38 Val-Acc Target Data: 0.3333
04-10 15:08:38 The best model epoch 2, val-acc 0.3333
04-10 15:08:38 -----Epoch 3/30-----
04-10 15:08:38 current lr: [0.01, 0.01]
04-10 15:08:39 Train-Loss Source Classifier: 0.0271
04-10 15:08:39 Train-Acc Source Data: 0.9922
04-10 15:08:39 Val-Acc Target Data: 0.1510
04-10 15:08:39 The best model epoch 2, val-acc 0.3333
04-10 15:08:39 -----Epoch 4/30-----
04-10 15:08:39 current lr: [0.01, 0.01]
04-10 15:08:41 Train-Loss Source Classifier: 0.0386
04-10 15:08:41 Train-Acc Source Data: 0.9870
04-10 15:08:41 Val-Acc Target Data: 0.1493
04-10 15:08:41 The best model epoch 2, val-acc 0.3333
04-10 15:08:41 -----Epoch 5/30-----
04-10 15:08:41 current lr: [0.01, 0.01]
04-10 15:08:42 Train-Loss Source Classifier: 0.0174
04-10 15:08:42 Train-Acc Source Data: 0.9944
04-10 15:08:42 Val-Acc Target Data: 0.1389
04-10 15:08:42 The best model epoch 2, val-acc 0.3333
04-10 15:08:42 -----Epoch 6/30-----
04-10 15:08:42 current lr: [0.01, 0.01]
04-10 15:08:44 Train-Loss Source Classifier: 0.0075
04-10 15:08:44 Train-Acc Source Data: 0.9978
04-10 15:08:44 Val-Acc Target Data: 0.1094
04-10 15:08:44 The best model epoch 2, val-acc 0.3333
04-10 15:08:44 -----Epoch 7/30-----
04-10 15:08:44 current lr: [0.01, 0.01]
04-10 15:08:45 Train-Loss Source Classifier: 0.0053
04-10 15:08:45 Train-Acc Source Data: 0.9987
04-10 15:08:45 Val-Acc Target Data: 0.1597
04-10 15:08:45 The best model epoch 2, val-acc 0.3333
04-10 15:08:45 -----Epoch 8/30-----
04-10 15:08:45 current lr: [0.01, 0.01]
04-10 15:08:47 Train-Loss Source Classifier: 0.0092
04-10 15:08:47 Train-Acc Source Data: 0.9974
04-10 15:08:47 Val-Acc Target Data: 0.1510
04-10 15:08:47 The best model epoch 2, val-acc 0.3333
04-10 15:08:47 -----Epoch 9/30-----
04-10 15:08:47 current lr: [0.01, 0.01]
04-10 15:08:48 Train-Loss Source Classifier: 0.0044
04-10 15:08:48 Train-Acc Source Data: 0.9987
04-10 15:08:48 Val-Acc Target Data: 0.1302
04-10 15:08:48 The best model epoch 2, val-acc 0.3333
04-10 15:08:48 -----Epoch 10/30-----
04-10 15:08:48 current lr: [0.01, 0.01]
04-10 15:08:50 Train-Loss Source Classifier: 0.0013
04-10 15:08:50 Train-Acc Source Data: 1.0000
04-10 15:08:50 Val-Acc Target Data: 0.1406
04-10 15:08:50 The best model epoch 2, val-acc 0.3333
04-10 15:08:50 -----Epoch 11/30-----
04-10 15:08:50 current lr: [0.002, 0.002]
04-10 15:08:51 Train-Loss Source Classifier: 0.0010
04-10 15:08:51 Train-Acc Source Data: 1.0000
04-10 15:08:51 Val-Acc Target Data: 0.1441
04-10 15:08:51 The best model epoch 2, val-acc 0.3333
04-10 15:08:51 -----Epoch 12/30-----
04-10 15:08:51 current lr: [0.002, 0.002]
04-10 15:08:53 Train-Loss Source Classifier: 0.0009
04-10 15:08:53 Train-Acc Source Data: 1.0000
04-10 15:08:53 Val-Acc Target Data: 0.1372
04-10 15:08:53 The best model epoch 2, val-acc 0.3333
04-10 15:08:53 -----Epoch 13/30-----
04-10 15:08:53 current lr: [0.002, 0.002]
04-10 15:08:54 Train-Loss Source Classifier: 0.0027
04-10 15:08:54 Train-Acc Source Data: 0.9996
04-10 15:08:54 Val-Acc Target Data: 0.1441
04-10 15:08:54 The best model epoch 2, val-acc 0.3333
04-10 15:08:54 -----Epoch 14/30-----
04-10 15:08:54 current lr: [0.002, 0.002]
04-10 15:08:56 Train-Loss Source Classifier: 0.0011
04-10 15:08:56 Train-Acc Source Data: 1.0000
04-10 15:08:56 Val-Acc Target Data: 0.1510
04-10 15:08:56 The best model epoch 2, val-acc 0.3333
04-10 15:08:56 -----Epoch 15/30-----
04-10 15:08:56 current lr: [0.002, 0.002]
