04-10 15:21:16 model_name: MixStyle
04-10 15:21:16 source: CWRU_0,CWRU_2,CWRU_3
04-10 15:21:16 target: CWRU_1
04-10 15:21:16 data_dir: ./datasets
04-10 15:21:16 train_mode: multi_source
04-10 15:21:16 cuda_device: 0
04-10 15:21:16 save_dir: ./ckpt
04-10 15:21:16 max_epoch: 30
04-10 15:21:16 batch_size: 64
04-10 15:21:16 num_workers: 4
04-10 15:21:16 signal_size: 1024
04-10 15:21:16 random_state: 1
04-10 15:21:16 normlizetype: -1-1
04-10 15:21:16 opt: sgd
04-10 15:21:16 lr: 0.01
04-10 15:21:16 momentum: 0.9
04-10 15:21:16 betas: (0.9, 0.999)
04-10 15:21:16 weight_decay: 0.0005
04-10 15:21:16 lr_scheduler: stepLR
04-10 15:21:16 gamma: 0.2
04-10 15:21:16 steps: 10
04-10 15:21:16 tradeoff: ['exp', 'exp', 'exp']
04-10 15:21:16 dropout: 0.0
04-10 15:21:16 save: True
04-10 15:21:16 load_path: 
04-10 15:21:16 save_path: ./ckpt/MixStyle/multi_source/[CWRU_0CWRU_2CWRU_3]To[CWRU_1]_0410-152116
04-10 15:21:16 Detect 4 classes: ['ball', 'inner', 'normal', 'outer']
04-10 15:21:16 using 1 / 1 gpus
04-10 15:21:19 Source set CWRU_0 number of samples 1233.
04-10 15:21:19 Source set CWRU_2 number of samples 1230.
04-10 15:21:19 Source set CWRU_3 number of samples 1042.
04-10 15:21:19 Training set number of samples 1230.
04-10 15:21:19 Validation set number of samples 309.
