04-10 15:18:56 model_name: MixStyle
04-10 15:18:56 source: CWRU_0,CWRU_2,CWRU_3
04-10 15:18:56 target: CWRU_1
04-10 15:18:56 data_dir: ./datasets
04-10 15:18:56 train_mode: multi_source
04-10 15:18:56 cuda_device: 0
04-10 15:18:56 save_dir: ./ckpt
04-10 15:18:56 max_epoch: 30
04-10 15:18:56 batch_size: 64
04-10 15:18:56 num_workers: 4
04-10 15:18:56 signal_size: 1024
04-10 15:18:56 random_state: 1
04-10 15:18:56 normlizetype: -1-1
04-10 15:18:56 opt: sgd
04-10 15:18:56 lr: 0.01
04-10 15:18:56 momentum: 0.9
04-10 15:18:56 betas: (0.9, 0.999)
04-10 15:18:56 weight_decay: 0.0005
04-10 15:18:56 lr_scheduler: stepLR
04-10 15:18:56 gamma: 0.2
04-10 15:18:56 steps: 10
04-10 15:18:56 tradeoff: ['exp', 'exp', 'exp']
04-10 15:18:56 dropout: 0.0
04-10 15:18:56 save: True
04-10 15:18:56 load_path: 
04-10 15:18:56 save_path: ./ckpt/MixStyle/multi_source/[CWRU_0CWRU_2CWRU_3]To[CWRU_1]_0410-151856
04-10 15:18:56 Detect 4 classes: ['ball', 'inner', 'normal', 'outer']
04-10 15:18:56 using 1 / 1 gpus
