04-10 15:33:44 model_name: MixStyle
04-10 15:33:44 source: CWRU_0,CWRU_2,CWRU_3
04-10 15:33:44 target: CWRU_1
04-10 15:33:44 data_dir: ./datasets
04-10 15:33:44 train_mode: multi_source
04-10 15:33:44 cuda_device: 0
04-10 15:33:44 save_dir: ./ckpt
04-10 15:33:44 max_epoch: 30
04-10 15:33:44 batch_size: 64
04-10 15:33:44 num_workers: 4
04-10 15:33:44 signal_size: 1024
04-10 15:33:44 random_state: 1
04-10 15:33:44 normlizetype: -1-1
04-10 15:33:44 opt: sgd
04-10 15:33:44 lr: 0.01
04-10 15:33:44 momentum: 0.9
04-10 15:33:44 betas: (0.9, 0.999)
04-10 15:33:44 weight_decay: 0.0005
04-10 15:33:44 lr_scheduler: stepLR
04-10 15:33:44 gamma: 0.2
04-10 15:33:44 steps: 10
04-10 15:33:44 tradeoff: ['exp', 'exp', 'exp']
04-10 15:33:44 dropout: 0.0
04-10 15:33:44 save: True
04-10 15:33:44 load_path: 
04-10 15:33:44 save_path: ./ckpt/MixStyle/multi_source/[CWRU_0CWRU_2CWRU_3]To[CWRU_1]_0410-153344
04-10 15:33:44 Detect 4 classes: ['ball', 'inner', 'normal', 'outer']
04-10 15:33:44 using 1 / 1 gpus
04-10 15:33:47 Source set CWRU_0 number of samples 1544.
04-10 15:33:47 Source set CWRU_2 number of samples 1539.
04-10 15:33:47 Source set CWRU_3 number of samples 1305.
04-10 15:33:47 Training set number of samples 1230.
04-10 15:33:47 Validation set number of samples 309.
04-10 15:33:49 -----Epoch 1/30-----
04-10 15:33:49 current lr: [0.01, 0.01]
04-10 15:33:49 Train-Loss Source Classifier: 1.1402
04-10 15:33:49 Train-Acc Source Data: 0.5321
04-10 15:33:50 Val-Acc Target Data: 0.2773
04-10 15:33:50 The best model epoch 1, val-acc 0.2773
04-10 15:33:50 -----Epoch 2/30-----
04-10 15:33:50 current lr: [0.01, 0.01]
04-10 15:33:50 Train-Loss Source Classifier: 0.5574
04-10 15:33:50 Train-Acc Source Data: 0.7541
04-10 15:33:51 Val-Acc Target Data: 0.9258
04-10 15:33:51 The best model epoch 2, val-acc 0.9258
04-10 15:33:51 -----Epoch 3/30-----
04-10 15:33:51 current lr: [0.01, 0.01]
04-10 15:33:51 Train-Loss Source Classifier: 0.1599
04-10 15:33:51 Train-Acc Source Data: 0.9342
04-10 15:33:52 Val-Acc Target Data: 0.9922
04-10 15:33:52 The best model epoch 3, val-acc 0.9922
04-10 15:33:52 -----Epoch 4/30-----
04-10 15:33:52 current lr: [0.01, 0.01]
04-10 15:33:52 Train-Loss Source Classifier: 0.0661
04-10 15:33:52 Train-Acc Source Data: 0.9770
04-10 15:33:53 Val-Acc Target Data: 0.9922
04-10 15:33:53 The best model epoch 4, val-acc 0.9922
04-10 15:33:53 -----Epoch 5/30-----
04-10 15:33:53 current lr: [0.01, 0.01]
04-10 15:33:53 Train-Loss Source Classifier: 0.1232
04-10 15:33:53 Train-Acc Source Data: 0.9581
