04-10 15:41:30 model_name: MixStyle
04-10 15:41:30 source: CWRU_0,CWRU_1
04-10 15:41:30 target: CWRU_2
04-10 15:41:30 data_dir: ./datasets
04-10 15:41:30 train_mode: multi_source
04-10 15:41:30 cuda_device: 0
04-10 15:41:30 save_dir: ./ckpt
04-10 15:41:30 max_epoch: 30
04-10 15:41:30 batch_size: 64
04-10 15:41:30 num_workers: 4
04-10 15:41:30 signal_size: 2048
04-10 15:41:30 random_state: 1
04-10 15:41:30 normlizetype: mean-std
04-10 15:41:30 opt: sgd
04-10 15:41:30 lr: 0.01
04-10 15:41:30 momentum: 0.9
04-10 15:41:30 betas: (0.9, 0.999)
04-10 15:41:30 weight_decay: 0.0005
04-10 15:41:30 lr_scheduler: stepLR
04-10 15:41:30 gamma: 0.2
04-10 15:41:30 steps: 10
04-10 15:41:30 tradeoff: ['exp', 'exp', 'exp']
04-10 15:41:30 dropout: 0.0
04-10 15:41:30 save: False
04-10 15:41:30 load_path: 
04-10 15:41:30 save_path: ./ckpt/MixStyle/multi_source/[CWRU_0CWRU_1]To[CWRU_2]_0410-154130
04-10 15:41:30 Detect 4 classes: ['ball', 'inner', 'normal', 'outer']
04-10 15:41:30 using 1 / 1 gpus
04-10 15:41:33 Source set CWRU_0 number of samples 708.
04-10 15:41:33 Source set CWRU_1 number of samples 708.
04-10 15:41:33 Training set number of samples 564.
04-10 15:41:33 Validation set number of samples 144.
04-10 15:41:34 -----Epoch 1/30-----
04-10 15:41:34 current lr: [0.01, 0.01]
04-10 15:41:34 Train-Loss Source Classifier: 1.3030
04-10 15:41:34 Train-Acc Source Data: 0.3398
04-10 15:41:35 Val-Acc Target Data: 0.2812
04-10 15:41:35 The best model epoch 1, val-acc 0.2812
04-10 15:41:35 -----Epoch 2/30-----
04-10 15:41:35 current lr: [0.01, 0.01]
04-10 15:41:35 Train-Loss Source Classifier: 0.9456
04-10 15:41:35 Train-Acc Source Data: 0.6172
04-10 15:41:35 Val-Acc Target Data: 0.6484
04-10 15:41:35 The best model epoch 2, val-acc 0.6484
04-10 15:41:35 -----Epoch 3/30-----
04-10 15:41:35 current lr: [0.01, 0.01]
04-10 15:41:36 Train-Loss Source Classifier: 0.5880
04-10 15:41:36 Train-Acc Source Data: 0.7559
04-10 15:41:36 Val-Acc Target Data: 0.9688
04-10 15:41:36 The best model epoch 3, val-acc 0.9688
04-10 15:41:36 -----Epoch 4/30-----
04-10 15:41:36 current lr: [0.01, 0.01]
04-10 15:41:36 Train-Loss Source Classifier: 0.4523
04-10 15:41:36 Train-Acc Source Data: 0.8047
04-10 15:41:37 Val-Acc Target Data: 1.0000
04-10 15:41:37 The best model epoch 4, val-acc 1.0000
04-10 15:41:37 -----Epoch 5/30-----
04-10 15:41:37 current lr: [0.01, 0.01]
04-10 15:41:37 Train-Loss Source Classifier: 0.2242
04-10 15:41:37 Train-Acc Source Data: 0.9043
04-10 15:41:37 Val-Acc Target Data: 1.0000
04-10 15:41:37 The best model epoch 5, val-acc 1.0000
04-10 15:41:37 -----Epoch 6/30-----
04-10 15:41:37 current lr: [0.01, 0.01]
04-10 15:41:38 Train-Loss Source Classifier: 0.1775
04-10 15:41:38 Train-Acc Source Data: 0.9336
04-10 15:41:38 Val-Acc Target Data: 0.9766
04-10 15:41:38 The best model epoch 5, val-acc 1.0000
04-10 15:41:38 -----Epoch 7/30-----
04-10 15:41:38 current lr: [0.01, 0.01]
04-10 15:41:38 Train-Loss Source Classifier: 0.0489
04-10 15:41:38 Train-Acc Source Data: 0.9883
04-10 15:41:39 Val-Acc Target Data: 0.9922
04-10 15:41:39 The best model epoch 5, val-acc 1.0000
04-10 15:41:39 -----Epoch 8/30-----
04-10 15:41:39 current lr: [0.01, 0.01]
04-10 15:41:39 Train-Loss Source Classifier: 0.0369
04-10 15:41:39 Train-Acc Source Data: 0.9863
04-10 15:41:39 Val-Acc Target Data: 0.9766
04-10 15:41:39 The best model epoch 5, val-acc 1.0000
04-10 15:41:39 -----Epoch 9/30-----
04-10 15:41:39 current lr: [0.01, 0.01]
04-10 15:41:40 Train-Loss Source Classifier: 0.0482
04-10 15:41:40 Train-Acc Source Data: 0.9863
04-10 15:41:40 Val-Acc Target Data: 0.9922
04-10 15:41:40 The best model epoch 5, val-acc 1.0000
04-10 15:41:40 -----Epoch 10/30-----
04-10 15:41:40 current lr: [0.01, 0.01]
