04-10 15:33:18 model_name: MixStyle
04-10 15:33:18 source: CWRU_0,CWRU_2,CWRU_3
04-10 15:33:18 target: CWRU_1
04-10 15:33:18 data_dir: ./datasets
04-10 15:33:18 train_mode: multi_source
04-10 15:33:18 cuda_device: 0
04-10 15:33:18 save_dir: ./ckpt
04-10 15:33:18 max_epoch: 30
04-10 15:33:18 batch_size: 64
04-10 15:33:18 num_workers: 4
04-10 15:33:18 signal_size: 1024
04-10 15:33:18 random_state: 1
04-10 15:33:18 normlizetype: -1-1
04-10 15:33:18 opt: sgd
04-10 15:33:18 lr: 0.01
04-10 15:33:18 momentum: 0.9
04-10 15:33:18 betas: (0.9, 0.999)
04-10 15:33:18 weight_decay: 0.0005
04-10 15:33:18 lr_scheduler: stepLR
04-10 15:33:18 gamma: 0.2
04-10 15:33:18 steps: 10
04-10 15:33:18 tradeoff: ['exp', 'exp', 'exp']
04-10 15:33:18 dropout: 0.0
04-10 15:33:18 save: True
04-10 15:33:18 load_path: 
04-10 15:33:18 save_path: ./ckpt/MixStyle/multi_source/[CWRU_0CWRU_2CWRU_3]To[CWRU_1]_0410-153318
04-10 15:33:18 Detect 4 classes: ['ball', 'inner', 'normal', 'outer']
04-10 15:33:18 using 1 / 1 gpus
