04-10 15:16:26 model_name: MixStyle
04-10 15:16:26 source: CWRU_0,CWRU_2,CWRU_3
04-10 15:16:26 target: CWRU_1
04-10 15:16:26 data_dir: ./datasets
04-10 15:16:26 train_mode: multi_source
04-10 15:16:26 cuda_device: 0
04-10 15:16:26 save_dir: ./ckpt
04-10 15:16:26 max_epoch: 30
04-10 15:16:26 batch_size: 64
04-10 15:16:26 num_workers: 4
04-10 15:16:26 signal_size: 1024
04-10 15:16:26 random_state: 1
04-10 15:16:26 normlizetype: -1-1
04-10 15:16:26 opt: sgd
04-10 15:16:26 lr: 0.01
04-10 15:16:26 momentum: 0.9
04-10 15:16:26 betas: (0.9, 0.999)
04-10 15:16:26 weight_decay: 0.0005
04-10 15:16:26 lr_scheduler: stepLR
04-10 15:16:26 gamma: 0.2
04-10 15:16:26 steps: 10
04-10 15:16:26 tradeoff: ['exp', 'exp', 'exp']
04-10 15:16:26 dropout: 0.0
04-10 15:16:26 save: True
04-10 15:16:26 load_path: 
04-10 15:16:26 save_path: ./ckpt/MixStyle/multi_source/[CWRU_0CWRU_2CWRU_3]To[CWRU_1]_0410-151626
04-10 15:16:26 Detect 4 classes: ['ball', 'inner', 'normal', 'outer']
04-10 15:16:26 using 1 / 1 gpus
04-10 15:16:29 Source set CWRU_0 number of samples 1544.
04-10 15:16:29 Source set CWRU_2 number of samples 1539.
04-10 15:16:29 Source set CWRU_3 number of samples 1305.
