04-10 15:29:24 model_name: MixStyle
04-10 15:29:24 source: CWRU_0,CWRU_2,CWRU_3
04-10 15:29:24 target: CWRU_1
04-10 15:29:24 data_dir: ./datasets
04-10 15:29:24 train_mode: multi_source
04-10 15:29:24 cuda_device: 0
04-10 15:29:24 save_dir: ./ckpt
04-10 15:29:24 max_epoch: 30
04-10 15:29:24 batch_size: 64
04-10 15:29:24 num_workers: 4
04-10 15:29:24 signal_size: 1024
04-10 15:29:24 random_state: 1
04-10 15:29:24 normlizetype: -1-1
04-10 15:29:24 opt: sgd
04-10 15:29:24 lr: 0.01
04-10 15:29:24 momentum: 0.9
04-10 15:29:24 betas: (0.9, 0.999)
04-10 15:29:24 weight_decay: 0.0005
04-10 15:29:24 lr_scheduler: stepLR
04-10 15:29:24 gamma: 0.2
04-10 15:29:24 steps: 10
04-10 15:29:24 tradeoff: ['exp', 'exp', 'exp']
04-10 15:29:24 dropout: 0.0
04-10 15:29:24 save: True
04-10 15:29:24 load_path: 
04-10 15:29:24 save_path: ./ckpt/MixStyle/multi_source/[CWRU_0CWRU_2CWRU_3]To[CWRU_1]_0410-152924
04-10 15:29:24 Detect 4 classes: ['ball', 'inner', 'normal', 'outer']
04-10 15:29:24 using 1 / 1 gpus
04-10 15:29:27 Source set train_source number of samples 1042.
04-10 15:29:27 Source set val_source number of samples 263.
