04-10 15:05:20 model_name: MixStyle
04-10 15:05:20 source: CWRU_0,CWRU_1,CWRU_2,CWRU_3
04-10 15:05:20 target: JNU_0
04-10 15:05:20 data_dir: ./datasets
04-10 15:05:20 train_mode: multi_source
04-10 15:05:20 cuda_device: 0
04-10 15:05:20 save_dir: ./ckpt
04-10 15:05:20 max_epoch: 30
04-10 15:05:20 batch_size: 64
04-10 15:05:20 num_workers: 4
04-10 15:05:20 signal_size: 1024
04-10 15:05:20 random_state: 1
04-10 15:05:20 normlizetype: -1-1
04-10 15:05:20 opt: sgd
04-10 15:05:20 lr: 0.01
04-10 15:05:20 momentum: 0.9
04-10 15:05:20 betas: (0.9, 0.999)
04-10 15:05:20 weight_decay: 0.0005
04-10 15:05:20 lr_scheduler: stepLR
04-10 15:05:20 gamma: 0.2
04-10 15:05:20 steps: 10
04-10 15:05:20 tradeoff: ['exp', 'exp', 'exp']
04-10 15:05:20 dropout: 0.0
04-10 15:05:20 save: True
04-10 15:05:20 load_path: 
04-10 15:05:20 save_path: ./ckpt/MixStyle/multi_source/[CWRU_0CWRU_1CWRU_2CWRU_3]To[JNU_0]_0410-150520
04-10 15:05:20 Detect 4 classes: ['ball', 'inner', 'normal', 'outer']
04-10 15:05:20 using 1 / 1 gpus
04-10 15:05:23 Source set CWRU_0 number of samples 1544.
04-10 15:05:23 Source set CWRU_1 number of samples 1539.
04-10 15:05:23 Source set CWRU_2 number of samples 1539.
04-10 15:05:23 Source set CWRU_3 number of samples 1305.
04-10 15:05:31 Training set number of samples 2342.
04-10 15:05:31 Validation set number of samples 588.
04-10 15:05:32 -----Epoch 1/30-----
04-10 15:05:32 current lr: [0.01, 0.01]
04-10 15:05:33 Train-Loss Source Classifier: 0.8256
04-10 15:05:33 Train-Acc Source Data: 0.6541
04-10 15:05:34 Val-Acc Target Data: 0.1701
04-10 15:05:34 The best model epoch 1, val-acc 0.1701
04-10 15:05:34 -----Epoch 2/30-----
04-10 15:05:34 current lr: [0.01, 0.01]
04-10 15:05:34 Train-Loss Source Classifier: 0.1470
04-10 15:05:34 Train-Acc Source Data: 0.9444
04-10 15:05:35 Val-Acc Target Data: 0.1545
04-10 15:05:35 The best model epoch 1, val-acc 0.1701
04-10 15:05:35 -----Epoch 3/30-----
04-10 15:05:35 current lr: [0.01, 0.01]
04-10 15:05:36 Train-Loss Source Classifier: 0.0386
04-10 15:05:36 Train-Acc Source Data: 0.9878
04-10 15:05:36 Val-Acc Target Data: 0.5278
04-10 15:05:36 The best model epoch 3, val-acc 0.5278
04-10 15:05:36 -----Epoch 4/30-----
04-10 15:05:36 current lr: [0.01, 0.01]
04-10 15:05:37 Train-Loss Source Classifier: 0.0234
04-10 15:05:37 Train-Acc Source Data: 0.9935
04-10 15:05:37 Val-Acc Target Data: 0.1875
04-10 15:05:37 The best model epoch 3, val-acc 0.5278
04-10 15:05:37 -----Epoch 5/30-----
04-10 15:05:37 current lr: [0.01, 0.01]
04-10 15:05:38 Train-Loss Source Classifier: 0.0148
04-10 15:05:38 Train-Acc Source Data: 0.9948
04-10 15:05:38 Val-Acc Target Data: 0.1337
04-10 15:05:38 The best model epoch 3, val-acc 0.5278
04-10 15:05:38 -----Epoch 6/30-----
04-10 15:05:38 current lr: [0.01, 0.01]
04-10 15:05:39 Train-Loss Source Classifier: 0.0055
04-10 15:05:39 Train-Acc Source Data: 0.9987
04-10 15:05:40 Val-Acc Target Data: 0.1389
04-10 15:05:40 The best model epoch 3, val-acc 0.5278
04-10 15:05:40 -----Epoch 7/30-----
04-10 15:05:40 current lr: [0.01, 0.01]
04-10 15:05:40 Train-Loss Source Classifier: 0.0102
04-10 15:05:40 Train-Acc Source Data: 0.9970
04-10 15:05:41 Val-Acc Target Data: 0.1458
04-10 15:05:41 The best model epoch 3, val-acc 0.5278
04-10 15:05:41 -----Epoch 8/30-----
04-10 15:05:41 current lr: [0.01, 0.01]
04-10 15:05:42 Train-Loss Source Classifier: 0.0081
04-10 15:05:42 Train-Acc Source Data: 0.9974
04-10 15:05:42 Val-Acc Target Data: 0.1580
04-10 15:05:42 The best model epoch 3, val-acc 0.5278
04-10 15:05:42 -----Epoch 9/30-----
04-10 15:05:42 current lr: [0.01, 0.01]
04-10 15:05:43 Train-Loss Source Classifier: 0.0076
04-10 15:05:43 Train-Acc Source Data: 0.9983
04-10 15:05:43 Val-Acc Target Data: 0.1319
04-10 15:05:43 The best model epoch 3, val-acc 0.5278
04-10 15:05:43 -----Epoch 10/30-----
04-10 15:05:43 current lr: [0.01, 0.01]
04-10 15:05:44 Train-Loss Source Classifier: 0.0031
04-10 15:05:44 Train-Acc Source Data: 0.9991
04-10 15:05:44 Val-Acc Target Data: 0.4913
04-10 15:05:44 The best model epoch 3, val-acc 0.5278
04-10 15:05:44 -----Epoch 11/30-----
04-10 15:05:44 current lr: [0.002, 0.002]
04-10 15:05:46 Train-Loss Source Classifier: 0.0032
04-10 15:05:46 Train-Acc Source Data: 0.9991
04-10 15:05:46 Val-Acc Target Data: 0.1580
04-10 15:05:46 The best model epoch 3, val-acc 0.5278
04-10 15:05:46 -----Epoch 12/30-----
04-10 15:05:46 current lr: [0.002, 0.002]
04-10 15:05:47 Train-Loss Source Classifier: 0.0037
04-10 15:05:47 Train-Acc Source Data: 0.9983
04-10 15:05:47 Val-Acc Target Data: 0.1424
04-10 15:05:47 The best model epoch 3, val-acc 0.5278
04-10 15:05:47 -----Epoch 13/30-----
04-10 15:05:47 current lr: [0.002, 0.002]
04-10 15:05:48 Train-Loss Source Classifier: 0.0041
04-10 15:05:48 Train-Acc Source Data: 0.9987
04-10 15:05:48 Val-Acc Target Data: 0.1250
04-10 15:05:49 The best model epoch 3, val-acc 0.5278
04-10 15:05:49 -----Epoch 14/30-----
04-10 15:05:49 current lr: [0.002, 0.002]
04-10 15:05:49 Train-Loss Source Classifier: 0.0012
04-10 15:05:49 Train-Acc Source Data: 1.0000
04-10 15:05:50 Val-Acc Target Data: 0.1146
04-10 15:05:50 The best model epoch 3, val-acc 0.5278
04-10 15:05:50 -----Epoch 15/30-----
04-10 15:05:50 current lr: [0.002, 0.002]
04-10 15:05:51 Train-Loss Source Classifier: 0.0009
04-10 15:05:51 Train-Acc Source Data: 1.0000
04-10 15:05:51 Val-Acc Target Data: 0.1163
04-10 15:05:51 The best model epoch 3, val-acc 0.5278
04-10 15:05:51 -----Epoch 16/30-----
04-10 15:05:51 current lr: [0.002, 0.002]
04-10 15:05:52 Train-Loss Source Classifier: 0.0030
04-10 15:05:52 Train-Acc Source Data: 0.9983
04-10 15:05:52 Val-Acc Target Data: 0.1441
04-10 15:05:52 The best model epoch 3, val-acc 0.5278
04-10 15:05:52 -----Epoch 17/30-----
04-10 15:05:52 current lr: [0.002, 0.002]
04-10 15:05:53 Train-Loss Source Classifier: 0.0014
04-10 15:05:53 Train-Acc Source Data: 1.0000
04-10 15:05:53 Val-Acc Target Data: 0.1181
04-10 15:05:53 The best model epoch 3, val-acc 0.5278
04-10 15:05:53 -----Epoch 18/30-----
04-10 15:05:53 current lr: [0.002, 0.002]
04-10 15:05:55 Train-Loss Source Classifier: 0.0027
04-10 15:05:55 Train-Acc Source Data: 0.9991
04-10 15:05:55 Val-Acc Target Data: 0.1406
04-10 15:05:55 The best model epoch 3, val-acc 0.5278
04-10 15:05:55 -----Epoch 19/30-----
04-10 15:05:55 current lr: [0.002, 0.002]
04-10 15:05:56 Train-Loss Source Classifier: 0.0016
04-10 15:05:56 Train-Acc Source Data: 1.0000
04-10 15:05:56 Val-Acc Target Data: 0.1285
04-10 15:05:56 The best model epoch 3, val-acc 0.5278
04-10 15:05:56 -----Epoch 20/30-----
04-10 15:05:56 current lr: [0.002, 0.002]
04-10 15:05:57 Train-Loss Source Classifier: 0.0008
04-10 15:05:57 Train-Acc Source Data: 1.0000
04-10 15:05:57 Val-Acc Target Data: 0.1198
04-10 15:05:57 The best model epoch 3, val-acc 0.5278
04-10 15:05:57 -----Epoch 21/30-----
04-10 15:05:57 current lr: [0.0004, 0.0004]
04-10 15:05:58 Train-Loss Source Classifier: 0.0011
04-10 15:05:58 Train-Acc Source Data: 0.9996
04-10 15:05:59 Val-Acc Target Data: 0.1181
04-10 15:05:59 The best model epoch 3, val-acc 0.5278
04-10 15:05:59 -----Epoch 22/30-----
04-10 15:05:59 current lr: [0.0004, 0.0004]
04-10 15:05:59 Train-Loss Source Classifier: 0.0004
04-10 15:05:59 Train-Acc Source Data: 1.0000
