04-10 15:11:12 model_name: MixStyle
04-10 15:11:12 source: CWRU_0,CWRU_2,CWRU_3
04-10 15:11:12 target: CWRU_1
04-10 15:11:12 data_dir: ./datasets
04-10 15:11:12 train_mode: multi_source
04-10 15:11:12 cuda_device: 0
04-10 15:11:12 save_dir: ./ckpt
04-10 15:11:12 max_epoch: 30
04-10 15:11:12 batch_size: 64
04-10 15:11:12 num_workers: 4
04-10 15:11:12 signal_size: 1024
04-10 15:11:12 random_state: 1
04-10 15:11:12 normlizetype: -1-1
04-10 15:11:12 opt: sgd
04-10 15:11:12 lr: 0.01
04-10 15:11:12 momentum: 0.9
04-10 15:11:12 betas: (0.9, 0.999)
04-10 15:11:12 weight_decay: 0.0005
04-10 15:11:12 lr_scheduler: stepLR
04-10 15:11:12 gamma: 0.2
04-10 15:11:12 steps: 10
04-10 15:11:12 tradeoff: ['exp', 'exp', 'exp']
04-10 15:11:12 dropout: 0.0
04-10 15:11:12 save: True
04-10 15:11:12 load_path: 
04-10 15:11:12 save_path: ./ckpt/MixStyle/multi_source/[CWRU_0CWRU_2CWRU_3]To[CWRU_1]_0410-151112
04-10 15:11:12 Detect 4 classes: ['ball', 'inner', 'normal', 'outer']
04-10 15:11:12 using 1 / 1 gpus
04-10 15:11:15 Source set CWRU_0 number of samples 1544.
04-10 15:11:15 Source set CWRU_2 number of samples 1539.
04-10 15:11:15 Source set CWRU_3 number of samples 1305.
04-10 15:11:15 Training set number of samples 1230.
04-10 15:11:15 Validation set number of samples 309.
04-10 15:11:17 -----Epoch 1/30-----
04-10 15:11:17 current lr: [0.01, 0.01]
04-10 15:11:18 Train-Loss Source Classifier: 1.0892
04-10 15:11:18 Train-Acc Source Data: 0.5502
04-10 15:11:18 Val-Acc Target Data: 0.2773
04-10 15:11:18 The best model epoch 1, val-acc 0.2773
04-10 15:11:18 -----Epoch 2/30-----
04-10 15:11:18 current lr: [0.01, 0.01]
04-10 15:11:18 Train-Loss Source Classifier: 0.5523
04-10 15:11:18 Train-Acc Source Data: 0.7590
04-10 15:11:19 Val-Acc Target Data: 0.9336
04-10 15:11:19 The best model epoch 2, val-acc 0.9336
04-10 15:11:19 -----Epoch 3/30-----
04-10 15:11:19 current lr: [0.01, 0.01]
04-10 15:11:19 Train-Loss Source Classifier: 0.1741
04-10 15:11:19 Train-Acc Source Data: 0.9400
04-10 15:11:19 Val-Acc Target Data: 0.9961
04-10 15:11:20 The best model epoch 3, val-acc 0.9961
04-10 15:11:20 -----Epoch 4/30-----
04-10 15:11:20 current lr: [0.01, 0.01]
04-10 15:11:20 Train-Loss Source Classifier: 0.0717
04-10 15:11:20 Train-Acc Source Data: 0.9753
04-10 15:11:21 Val-Acc Target Data: 1.0000
04-10 15:11:21 The best model epoch 4, val-acc 1.0000
04-10 15:11:21 -----Epoch 5/30-----
04-10 15:11:21 current lr: [0.01, 0.01]
04-10 15:11:21 Train-Loss Source Classifier: 0.0202
04-10 15:11:21 Train-Acc Source Data: 0.9942
04-10 15:11:22 Val-Acc Target Data: 0.9961
04-10 15:11:22 The best model epoch 4, val-acc 1.0000
04-10 15:11:22 -----Epoch 6/30-----
04-10 15:11:22 current lr: [0.01, 0.01]
04-10 15:11:22 Train-Loss Source Classifier: 0.0681
04-10 15:11:22 Train-Acc Source Data: 0.9762
04-10 15:11:22 Val-Acc Target Data: 1.0000
04-10 15:11:22 The best model epoch 6, val-acc 1.0000
04-10 15:11:22 -----Epoch 7/30-----
04-10 15:11:22 current lr: [0.01, 0.01]
04-10 15:11:23 Train-Loss Source Classifier: 0.0232
04-10 15:11:23 Train-Acc Source Data: 0.9926
04-10 15:11:23 Val-Acc Target Data: 1.0000
04-10 15:11:23 The best model epoch 7, val-acc 1.0000
04-10 15:11:23 -----Epoch 8/30-----
04-10 15:11:23 current lr: [0.01, 0.01]
