04-10 15:36:13 model_name: MixStyle
04-10 15:36:13 source: JNU_0,JNU_2,JNU_3
04-10 15:36:13 target: CWRU_1
04-10 15:36:13 data_dir: ./datasets
04-10 15:36:13 train_mode: multi_source
04-10 15:36:13 cuda_device: 0
04-10 15:36:13 save_dir: ./ckpt
04-10 15:36:13 max_epoch: 30
04-10 15:36:13 batch_size: 64
04-10 15:36:13 num_workers: 4
04-10 15:36:13 signal_size: 2048
04-10 15:36:13 random_state: 1
04-10 15:36:13 normlizetype: mean-std
04-10 15:36:13 opt: sgd
04-10 15:36:13 lr: 0.01
04-10 15:36:13 momentum: 0.9
04-10 15:36:13 betas: (0.9, 0.999)
04-10 15:36:13 weight_decay: 0.0005
04-10 15:36:13 lr_scheduler: stepLR
04-10 15:36:13 gamma: 0.2
04-10 15:36:13 steps: 10
04-10 15:36:13 tradeoff: ['exp', 'exp', 'exp']
04-10 15:36:13 dropout: 0.0
04-10 15:36:13 save: False
04-10 15:36:13 load_path: 
04-10 15:36:13 save_path: ./ckpt/MixStyle/multi_source/[JNU_0JNU_2JNU_3]To[CWRU_1]_0410-153613
04-10 15:36:13 Detect 4 classes: ['ball', 'inner', 'normal', 'outer']
04-10 15:36:13 using 1 / 1 gpus
