04-10 15:41:02 model_name: MixStyle
04-10 15:41:02 source: JNU_0,JNU_1,JNU_2
04-10 15:41:02 target: CWRU_1
04-10 15:41:02 data_dir: ./datasets
04-10 15:41:02 train_mode: multi_source
04-10 15:41:02 cuda_device: 0
04-10 15:41:02 save_dir: ./ckpt
04-10 15:41:02 max_epoch: 30
04-10 15:41:02 batch_size: 64
04-10 15:41:02 num_workers: 4
04-10 15:41:02 signal_size: 2048
04-10 15:41:02 random_state: 1
04-10 15:41:02 normlizetype: mean-std
04-10 15:41:02 opt: sgd
04-10 15:41:02 lr: 0.01
04-10 15:41:02 momentum: 0.9
04-10 15:41:02 betas: (0.9, 0.999)
04-10 15:41:02 weight_decay: 0.0005
04-10 15:41:02 lr_scheduler: stepLR
04-10 15:41:02 gamma: 0.2
04-10 15:41:02 steps: 10
04-10 15:41:02 tradeoff: ['exp', 'exp', 'exp']
04-10 15:41:02 dropout: 0.0
04-10 15:41:02 save: False
04-10 15:41:02 load_path: 
04-10 15:41:02 save_path: ./ckpt/MixStyle/multi_source/[JNU_0JNU_1JNU_2]To[CWRU_1]_0410-154102
04-10 15:41:02 Detect 4 classes: ['ball', 'inner', 'normal', 'outer']
04-10 15:41:02 using 1 / 1 gpus
