04-10 15:36:48 model_name: MixStyle
04-10 15:36:48 source: JNU_0,JNU_1,JNU_2
04-10 15:36:48 target: CWRU_1
04-10 15:36:48 data_dir: ./datasets
04-10 15:36:48 train_mode: multi_source
04-10 15:36:48 cuda_device: 0
04-10 15:36:48 save_dir: ./ckpt
04-10 15:36:48 max_epoch: 30
04-10 15:36:48 batch_size: 64
04-10 15:36:48 num_workers: 4
04-10 15:36:48 signal_size: 2048
04-10 15:36:48 random_state: 1
04-10 15:36:48 normlizetype: mean-std
04-10 15:36:48 opt: sgd
04-10 15:36:48 lr: 0.01
04-10 15:36:48 momentum: 0.9
04-10 15:36:48 betas: (0.9, 0.999)
04-10 15:36:48 weight_decay: 0.0005
04-10 15:36:48 lr_scheduler: stepLR
04-10 15:36:48 gamma: 0.2
04-10 15:36:48 steps: 10
04-10 15:36:48 tradeoff: ['exp', 'exp', 'exp']
04-10 15:36:48 dropout: 0.0
04-10 15:36:48 save: False
04-10 15:36:48 load_path: 
04-10 15:36:48 save_path: ./ckpt/MixStyle/multi_source/[JNU_0JNU_1JNU_2]To[CWRU_1]_0410-153648
04-10 15:36:48 Detect 4 classes: ['ball', 'inner', 'normal', 'outer']
04-10 15:36:48 using 1 / 1 gpus
04-10 15:37:14 Source set JNU_0 number of samples 1465.
04-10 15:37:14 Source set JNU_1 number of samples 1465.
04-10 15:37:14 Source set JNU_2 number of samples 1465.
04-10 15:37:14 Training set number of samples 611.
04-10 15:37:14 Validation set number of samples 156.
04-10 15:37:16 -----Epoch 1/30-----
04-10 15:37:16 current lr: [0.01, 0.01]
04-10 15:37:16 Train-Loss Source Classifier: 1.2177
04-10 15:37:16 Train-Acc Source Data: 0.5069
04-10 15:37:17 Val-Acc Target Data: 0.3750
04-10 15:37:17 The best model epoch 1, val-acc 0.3750
04-10 15:37:17 -----Epoch 2/30-----
04-10 15:37:17 current lr: [0.01, 0.01]
04-10 15:37:17 Train-Loss Source Classifier: 0.8472
04-10 15:37:17 Train-Acc Source Data: 0.6701
04-10 15:37:17 Val-Acc Target Data: 0.4531
04-10 15:37:17 The best model epoch 2, val-acc 0.4531
04-10 15:37:17 -----Epoch 3/30-----
04-10 15:37:17 current lr: [0.01, 0.01]
04-10 15:37:18 Train-Loss Source Classifier: 0.6705
04-10 15:37:18 Train-Acc Source Data: 0.7205
04-10 15:37:18 Val-Acc Target Data: 0.4609
04-10 15:37:18 The best model epoch 3, val-acc 0.4609
04-10 15:37:18 -----Epoch 4/30-----
04-10 15:37:18 current lr: [0.01, 0.01]
04-10 15:37:18 Train-Loss Source Classifier: 0.6525
04-10 15:37:18 Train-Acc Source Data: 0.7552
04-10 15:37:19 Val-Acc Target Data: 0.3750
04-10 15:37:19 The best model epoch 3, val-acc 0.4609
04-10 15:37:19 -----Epoch 5/30-----
04-10 15:37:19 current lr: [0.01, 0.01]
04-10 15:37:19 Train-Loss Source Classifier: 0.6075
04-10 15:37:19 Train-Acc Source Data: 0.7812
04-10 15:37:19 Val-Acc Target Data: 0.3750
04-10 15:37:19 The best model epoch 3, val-acc 0.4609
04-10 15:37:19 -----Epoch 6/30-----
04-10 15:37:19 current lr: [0.01, 0.01]
04-10 15:37:20 Train-Loss Source Classifier: 0.4841
04-10 15:37:20 Train-Acc Source Data: 0.8073
04-10 15:37:20 Val-Acc Target Data: 0.3750
04-10 15:37:20 The best model epoch 3, val-acc 0.4609
04-10 15:37:20 -----Epoch 7/30-----
04-10 15:37:20 current lr: [0.01, 0.01]
04-10 15:37:20 Train-Loss Source Classifier: 0.3654
04-10 15:37:20 Train-Acc Source Data: 0.8542
04-10 15:37:21 Val-Acc Target Data: 0.0000
04-10 15:37:21 The best model epoch 3, val-acc 0.4609
04-10 15:37:21 -----Epoch 8/30-----
04-10 15:37:21 current lr: [0.01, 0.01]
04-10 15:37:21 Train-Loss Source Classifier: 0.4970
04-10 15:37:21 Train-Acc Source Data: 0.7882
04-10 15:37:22 Val-Acc Target Data: 0.0000
04-10 15:37:22 The best model epoch 3, val-acc 0.4609
04-10 15:37:22 -----Epoch 9/30-----
04-10 15:37:22 current lr: [0.01, 0.01]
04-10 15:37:22 Train-Loss Source Classifier: 0.4702
04-10 15:37:22 Train-Acc Source Data: 0.8160
04-10 15:37:23 Val-Acc Target Data: 0.0000
04-10 15:37:23 The best model epoch 3, val-acc 0.4609
04-10 15:37:23 -----Epoch 10/30-----
04-10 15:37:23 current lr: [0.01, 0.01]
04-10 15:37:23 Train-Loss Source Classifier: 0.4030
04-10 15:37:23 Train-Acc Source Data: 0.8333
04-10 15:37:23 Val-Acc Target Data: 0.0000
04-10 15:37:23 The best model epoch 3, val-acc 0.4609
04-10 15:37:23 -----Epoch 11/30-----
04-10 15:37:23 current lr: [0.002, 0.002]
04-10 15:37:24 Train-Loss Source Classifier: 0.3596
04-10 15:37:24 Train-Acc Source Data: 0.8802
04-10 15:37:24 Val-Acc Target Data: 0.0000
04-10 15:37:24 The best model epoch 3, val-acc 0.4609
04-10 15:37:24 -----Epoch 12/30-----
04-10 15:37:24 current lr: [0.002, 0.002]
04-10 15:37:24 Train-Loss Source Classifier: 0.2290
04-10 15:37:24 Train-Acc Source Data: 0.9115
04-10 15:37:25 Val-Acc Target Data: 0.0000
04-10 15:37:25 The best model epoch 3, val-acc 0.4609
04-10 15:37:25 -----Epoch 13/30-----
04-10 15:37:25 current lr: [0.002, 0.002]
04-10 15:37:25 Train-Loss Source Classifier: 0.3056
04-10 15:37:25 Train-Acc Source Data: 0.8854
04-10 15:37:25 Val-Acc Target Data: 0.0000
04-10 15:37:25 The best model epoch 3, val-acc 0.4609
04-10 15:37:25 -----Epoch 14/30-----
04-10 15:37:25 current lr: [0.002, 0.002]
04-10 15:37:26 Train-Loss Source Classifier: 0.2754
04-10 15:37:26 Train-Acc Source Data: 0.8854
04-10 15:37:26 Val-Acc Target Data: 0.0000
04-10 15:37:26 The best model epoch 3, val-acc 0.4609
04-10 15:37:26 -----Epoch 15/30-----
04-10 15:37:26 current lr: [0.002, 0.002]
04-10 15:37:26 Train-Loss Source Classifier: 0.2398
04-10 15:37:26 Train-Acc Source Data: 0.9115
04-10 15:37:27 Val-Acc Target Data: 0.0000
04-10 15:37:27 The best model epoch 3, val-acc 0.4609
04-10 15:37:27 -----Epoch 16/30-----
04-10 15:37:27 current lr: [0.002, 0.002]
04-10 15:37:27 Train-Loss Source Classifier: 0.2482
04-10 15:37:27 Train-Acc Source Data: 0.8993
04-10 15:37:28 Val-Acc Target Data: 0.0000
04-10 15:37:28 The best model epoch 3, val-acc 0.4609
04-10 15:37:28 -----Epoch 17/30-----
04-10 15:37:28 current lr: [0.002, 0.002]
04-10 15:37:28 Train-Loss Source Classifier: 0.2760
04-10 15:37:28 Train-Acc Source Data: 0.8854
04-10 15:37:29 Val-Acc Target Data: 0.0000
04-10 15:37:29 The best model epoch 3, val-acc 0.4609
04-10 15:37:29 -----Epoch 18/30-----
04-10 15:37:29 current lr: [0.002, 0.002]
04-10 15:37:29 Train-Loss Source Classifier: 0.2408
04-10 15:37:29 Train-Acc Source Data: 0.8924
04-10 15:37:29 Val-Acc Target Data: 0.0312
04-10 15:37:29 The best model epoch 3, val-acc 0.4609
04-10 15:37:29 -----Epoch 19/30-----
04-10 15:37:29 current lr: [0.002, 0.002]
04-10 15:37:30 Train-Loss Source Classifier: 0.1923
04-10 15:37:30 Train-Acc Source Data: 0.9288
04-10 15:37:30 Val-Acc Target Data: 0.0000
04-10 15:37:30 The best model epoch 3, val-acc 0.4609
04-10 15:37:30 -----Epoch 20/30-----
04-10 15:37:30 current lr: [0.002, 0.002]
04-10 15:37:30 Train-Loss Source Classifier: 0.2452
04-10 15:37:30 Train-Acc Source Data: 0.9045
04-10 15:37:31 Val-Acc Target Data: 0.0078
04-10 15:37:31 The best model epoch 3, val-acc 0.4609
04-10 15:37:31 -----Epoch 21/30-----
04-10 15:37:31 current lr: [0.0004, 0.0004]
04-10 15:37:31 Train-Loss Source Classifier: 0.2371
04-10 15:37:31 Train-Acc Source Data: 0.8993
04-10 15:37:31 Val-Acc Target Data: 0.0078
