04-10 07:37:49 method: DA
04-10 07:37:49 model_name: cnn_features_1d
04-10 07:37:49 data_name: multi_CWRU
04-10 07:37:49 data_dir: /home/workspace/UDA_Bearing_Fault_Diagnosis/Data/CWRU/
04-10 07:37:49 transfer_task: [[1], [0]]
04-10 07:37:49 normlizetype: mean-std
04-10 07:37:49 cuda_device: 0
04-10 07:37:49 checkpoint_dir: ./checkpoint
04-10 07:37:49 pretrained: False
04-10 07:37:49 batch_size: 64
04-10 07:37:49 num_workers: 0
04-10 07:37:49 bottleneck: True
04-10 07:37:49 bottleneck_num: 256
04-10 07:37:49 last_batch: False
04-10 07:37:49 distance_metric: False
04-10 07:37:49 distance_loss: MK-MMD
04-10 07:37:49 trade_off_distance: Step
04-10 07:37:49 lam_distance: 1
04-10 07:37:49 domain_adversarial: True
04-10 07:37:49 adversarial_loss: CDA+E
04-10 07:37:49 hidden_size: 1024
04-10 07:37:49 trade_off_adversarial: Step
04-10 07:37:49 lam_adversarial: 1
04-10 07:37:49 opt: adam
04-10 07:37:49 lr: 0.001
04-10 07:37:49 momentum: 0.9
04-10 07:37:49 weight_decay: 1e-05
04-10 07:37:49 lr_scheduler: step
04-10 07:37:49 gamma: 0.1
04-10 07:37:49 steps: 150, 250
04-10 07:37:49 middle_epoch: 50
04-10 07:37:49 max_epoch: 300
04-10 07:37:49 print_step: 50
04-10 07:37:49 using 1 gpus
04-10 07:37:52 -----Epoch 0/299-----
04-10 07:37:52 current lr: [0.001, 0.001, 0.001, 0.001]
04-10 07:37:52 Epoch: 0 [0/1231], Train Loss: 2.5047 Train Acc: 0.0781,1551.0 examples/sec 0.04 sec/batch
04-10 07:37:52 Epoch: 0 source_train-Loss: 1.8626 source_train-Acc: 0.3485, Cost 0.1 sec
04-10 07:37:52 Epoch: 0 source_val-Loss: 1.5405 source_val-Acc: 0.4513, Cost 0.0 sec
04-10 07:37:52 Epoch: 0 target_val-Loss: 1.8140 target_val-Acc: 0.3602, Cost 0.0 sec
04-10 07:37:52 -----Epoch 1/299-----
04-10 07:37:52 current lr: [0.001, 0.001, 0.001, 0.001]
04-10 07:37:52 Epoch: 1 source_train-Loss: 1.3317 source_train-Acc: 0.5061, Cost 0.1 sec
04-10 07:37:52 Epoch: 1 source_val-Loss: 0.9850 source_val-Acc: 0.6948, Cost 0.0 sec
04-10 07:37:52 Epoch: 1 target_val-Loss: 1.2067 target_val-Acc: 0.6092, Cost 0.0 sec
04-10 07:37:52 -----Epoch 2/299-----
04-10 07:37:52 current lr: [0.001, 0.001, 0.001, 0.001]
04-10 07:37:52 Epoch: 2 [640/1231], Train Loss: 1.4546 Train Acc: 0.4774,9416.0 examples/sec 0.01 sec/batch
04-10 07:37:52 Epoch: 2 source_train-Loss: 0.9409 source_train-Acc: 0.6491, Cost 0.1 sec
04-10 07:37:52 Epoch: 2 source_val-Loss: 0.5573 source_val-Acc: 0.8279, Cost 0.0 sec
04-10 07:37:52 Epoch: 2 target_val-Loss: 0.6654 target_val-Acc: 0.8084, Cost 0.0 sec
04-10 07:37:52 -----Epoch 3/299-----
04-10 07:37:52 current lr: [0.001, 0.001, 0.001, 0.001]
04-10 07:37:52 Epoch: 3 source_train-Loss: 0.6115 source_train-Acc: 0.7717, Cost 0.1 sec
04-10 07:37:52 Epoch: 3 source_val-Loss: 0.2918 source_val-Acc: 0.9156, Cost 0.0 sec
04-10 07:37:52 Epoch: 3 target_val-Loss: 0.4318 target_val-Acc: 0.8582, Cost 0.0 sec
04-10 07:37:52 -----Epoch 4/299-----
04-10 07:37:52 current lr: [0.001, 0.001, 0.001, 0.001]
04-10 07:37:52 Epoch: 4 source_train-Loss: 0.4328 source_train-Acc: 0.8262, Cost 0.1 sec
04-10 07:37:52 Epoch: 4 source_val-Loss: 0.2077 source_val-Acc: 0.9643, Cost 0.0 sec
04-10 07:37:52 Epoch: 4 target_val-Loss: 0.3464 target_val-Acc: 0.8851, Cost 0.0 sec
04-10 07:37:52 -----Epoch 5/299-----
04-10 07:37:52 current lr: [0.001, 0.001, 0.001, 0.001]
04-10 07:37:52 Epoch: 5 [0/1231], Train Loss: 0.5667 Train Acc: 0.7809,8910.2 examples/sec 0.01 sec/batch
04-10 07:37:53 Epoch: 5 source_train-Loss: 0.3334 source_train-Acc: 0.8595, Cost 0.1 sec
04-10 07:37:53 Epoch: 5 source_val-Loss: 0.1626 source_val-Acc: 0.9448, Cost 0.0 sec
04-10 07:37:53 Epoch: 5 target_val-Loss: 0.3084 target_val-Acc: 0.8889, Cost 0.0 sec
04-10 07:37:53 -----Epoch 6/299-----
04-10 07:37:53 current lr: [0.001, 0.001, 0.001, 0.001]
04-10 07:37:53 Epoch: 6 source_train-Loss: 0.2847 source_train-Acc: 0.8993, Cost 0.1 sec
04-10 07:37:53 Epoch: 6 source_val-Loss: 0.0925 source_val-Acc: 0.9838, Cost 0.0 sec
04-10 07:37:53 Epoch: 6 target_val-Loss: 0.1452 target_val-Acc: 0.9502, Cost 0.0 sec
04-10 07:37:53 -----Epoch 7/299-----
04-10 07:37:53 current lr: [0.001, 0.001, 0.001, 0.001]
04-10 07:37:53 Epoch: 7 [640/1231], Train Loss: 0.2805 Train Acc: 0.8910,9586.0 examples/sec 0.01 sec/batch
04-10 07:37:53 Epoch: 7 source_train-Loss: 0.1782 source_train-Acc: 0.9326, Cost 0.1 sec
04-10 07:37:53 Epoch: 7 source_val-Loss: 0.0456 source_val-Acc: 0.9903, Cost 0.0 sec
04-10 07:37:53 Epoch: 7 target_val-Loss: 0.1216 target_val-Acc: 0.9540, Cost 0.0 sec
04-10 07:37:53 -----Epoch 8/299-----
04-10 07:37:53 current lr: [0.001, 0.001, 0.001, 0.001]
04-10 07:37:53 Epoch: 8 source_train-Loss: 0.1355 source_train-Acc: 0.9496, Cost 0.1 sec
04-10 07:37:53 Epoch: 8 source_val-Loss: 0.0291 source_val-Acc: 1.0000, Cost 0.0 sec
04-10 07:37:53 Epoch: 8 target_val-Loss: 0.1483 target_val-Acc: 0.9310, Cost 0.0 sec
04-10 07:37:53 -----Epoch 9/299-----
04-10 07:37:53 current lr: [0.001, 0.001, 0.001, 0.001]
04-10 07:37:53 Epoch: 9 source_train-Loss: 0.0835 source_train-Acc: 0.9748, Cost 0.1 sec
04-10 07:37:53 Epoch: 9 source_val-Loss: 0.0085 source_val-Acc: 1.0000, Cost 0.0 sec
04-10 07:37:53 Epoch: 9 target_val-Loss: 0.1966 target_val-Acc: 0.9310, Cost 0.0 sec
04-10 07:37:53 -----Epoch 10/299-----
04-10 07:37:53 current lr: [0.001, 0.001, 0.001, 0.001]
04-10 07:37:53 Epoch: 10 [0/1231], Train Loss: 0.1170 Train Acc: 0.9591,8616.1 examples/sec 0.01 sec/batch
04-10 07:37:53 Epoch: 10 source_train-Loss: 0.1370 source_train-Acc: 0.9618, Cost 0.1 sec
04-10 07:37:53 Epoch: 10 source_val-Loss: 0.0363 source_val-Acc: 0.9870, Cost 0.0 sec
04-10 07:37:53 Epoch: 10 target_val-Loss: 0.0550 target_val-Acc: 0.9808, Cost 0.0 sec
04-10 07:37:53 -----Epoch 11/299-----
04-10 07:37:53 current lr: [0.001, 0.001, 0.001, 0.001]
04-10 07:37:53 Epoch: 11 source_train-Loss: 0.1062 source_train-Acc: 0.9643, Cost 0.1 sec
04-10 07:37:53 Epoch: 11 source_val-Loss: 0.0036 source_val-Acc: 1.0000, Cost 0.0 sec
04-10 07:37:53 Epoch: 11 target_val-Loss: 0.0372 target_val-Acc: 0.9847, Cost 0.0 sec
04-10 07:37:53 -----Epoch 12/299-----
04-10 07:37:53 current lr: [0.001, 0.001, 0.001, 0.001]
04-10 07:37:53 Epoch: 12 [640/1231], Train Loss: 0.1097 Train Acc: 0.9668,9726.0 examples/sec 0.01 sec/batch
04-10 07:37:54 Epoch: 12 source_train-Loss: 0.0566 source_train-Acc: 0.9829, Cost 0.1 sec
04-10 07:37:54 Epoch: 12 source_val-Loss: 0.0029 source_val-Acc: 1.0000, Cost 0.0 sec
04-10 07:37:54 Epoch: 12 target_val-Loss: 0.0444 target_val-Acc: 0.9847, Cost 0.0 sec
04-10 07:37:54 -----Epoch 13/299-----
04-10 07:37:54 current lr: [0.001, 0.001, 0.001, 0.001]
04-10 07:37:54 Epoch: 13 source_train-Loss: 0.0583 source_train-Acc: 0.9838, Cost 0.1 sec
04-10 07:37:54 Epoch: 13 source_val-Loss: 0.0040 source_val-Acc: 1.0000, Cost 0.0 sec
04-10 07:37:54 Epoch: 13 target_val-Loss: 0.0944 target_val-Acc: 0.9617, Cost 0.0 sec
04-10 07:37:54 -----Epoch 14/299-----
04-10 07:37:54 current lr: [0.001, 0.001, 0.001, 0.001]
04-10 07:37:54 Epoch: 14 source_train-Loss: 0.0341 source_train-Acc: 0.9903, Cost 0.1 sec
04-10 07:37:54 Epoch: 14 source_val-Loss: 0.0013 source_val-Acc: 1.0000, Cost 0.0 sec
04-10 07:37:54 Epoch: 14 target_val-Loss: 0.0603 target_val-Acc: 0.9770, Cost 0.0 sec
04-10 07:37:54 -----Epoch 15/299-----
04-10 07:37:54 current lr: [0.001, 0.001, 0.001, 0.001]
04-10 07:37:54 Epoch: 15 [0/1231], Train Loss: 0.0456 Train Acc: 0.9872,8725.2 examples/sec 0.01 sec/batch
04-10 07:37:54 Epoch: 15 source_train-Loss: 0.0230 source_train-Acc: 0.9919, Cost 0.1 sec
04-10 07:37:54 Epoch: 15 source_val-Loss: 0.0012 source_val-Acc: 1.0000, Cost 0.0 sec
04-10 07:37:54 Epoch: 15 target_val-Loss: 0.0605 target_val-Acc: 0.9808, Cost 0.0 sec
04-10 07:37:54 -----Epoch 16/299-----
04-10 07:37:54 current lr: [0.001, 0.001, 0.001, 0.001]
04-10 07:37:54 Epoch: 16 source_train-Loss: 0.0271 source_train-Acc: 0.9911, Cost 0.1 sec
04-10 07:37:54 Epoch: 16 source_val-Loss: 0.0003 source_val-Acc: 1.0000, Cost 0.0 sec
04-10 07:37:54 Epoch: 16 target_val-Loss: 0.0037 target_val-Acc: 1.0000, Cost 0.0 sec
04-10 07:37:54 -----Epoch 17/299-----
04-10 07:37:54 current lr: [0.001, 0.001, 0.001, 0.001]
04-10 07:37:54 Epoch: 17 [640/1231], Train Loss: 0.0267 Train Acc: 0.9910,10174.1 examples/sec 0.01 sec/batch
04-10 07:37:54 Epoch: 17 source_train-Loss: 0.0233 source_train-Acc: 0.9935, Cost 0.1 sec
04-10 07:37:54 Epoch: 17 source_val-Loss: 0.0002 source_val-Acc: 1.0000, Cost 0.0 sec
04-10 07:37:54 Epoch: 17 target_val-Loss: 0.0097 target_val-Acc: 0.9962, Cost 0.0 sec
04-10 07:37:54 -----Epoch 18/299-----
04-10 07:37:54 current lr: [0.001, 0.001, 0.001, 0.001]
04-10 07:37:54 Epoch: 18 source_train-Loss: 0.0335 source_train-Acc: 0.9911, Cost 0.1 sec
04-10 07:37:54 Epoch: 18 source_val-Loss: 0.0245 source_val-Acc: 0.9838, Cost 0.0 sec
04-10 07:37:54 Epoch: 18 target_val-Loss: 0.0293 target_val-Acc: 0.9923, Cost 0.0 sec
04-10 07:37:54 -----Epoch 19/299-----
04-10 07:37:54 current lr: [0.001, 0.001, 0.001, 0.001]
04-10 07:37:54 Epoch: 19 source_train-Loss: 0.0266 source_train-Acc: 0.9919, Cost 0.1 sec
04-10 07:37:54 Epoch: 19 source_val-Loss: 0.0009 source_val-Acc: 1.0000, Cost 0.0 sec
04-10 07:37:54 Epoch: 19 target_val-Loss: 0.0219 target_val-Acc: 0.9923, Cost 0.0 sec
04-10 07:37:54 -----Epoch 20/299-----
04-10 07:37:54 current lr: [0.001, 0.001, 0.001, 0.001]
04-10 07:37:54 Epoch: 20 [0/1231], Train Loss: 0.0266 Train Acc: 0.9928,9139.2 examples/sec 0.01 sec/batch
04-10 07:37:55 Epoch: 20 source_train-Loss: 0.0425 source_train-Acc: 0.9886, Cost 0.1 sec
04-10 07:37:55 Epoch: 20 source_val-Loss: 0.0004 source_val-Acc: 1.0000, Cost 0.0 sec
04-10 07:37:55 Epoch: 20 target_val-Loss: 0.0310 target_val-Acc: 0.9923, Cost 0.0 sec
04-10 07:37:55 -----Epoch 21/299-----
04-10 07:37:55 current lr: [0.001, 0.001, 0.001, 0.001]
04-10 07:37:55 Epoch: 21 source_train-Loss: 0.0232 source_train-Acc: 0.9927, Cost 0.1 sec
04-10 07:37:55 Epoch: 21 source_val-Loss: 0.0081 source_val-Acc: 0.9935, Cost 0.0 sec
04-10 07:37:55 Epoch: 21 target_val-Loss: 0.0951 target_val-Acc: 0.9732, Cost 0.0 sec
04-10 07:37:55 -----Epoch 22/299-----
04-10 07:37:55 current lr: [0.001, 0.001, 0.001, 0.001]
04-10 07:37:55 Epoch: 22 [640/1231], Train Loss: 0.0334 Train Acc: 0.9897,10163.7 examples/sec 0.01 sec/batch
04-10 07:37:55 Epoch: 22 source_train-Loss: 0.0307 source_train-Acc: 0.9894, Cost 0.1 sec
04-10 07:37:55 Epoch: 22 source_val-Loss: 0.0003 source_val-Acc: 1.0000, Cost 0.0 sec
04-10 07:37:55 Epoch: 22 target_val-Loss: 0.0037 target_val-Acc: 1.0000, Cost 0.0 sec
04-10 07:37:55 -----Epoch 23/299-----
04-10 07:37:55 current lr: [0.001, 0.001, 0.001, 0.001]
04-10 07:37:55 Epoch: 23 source_train-Loss: 0.0213 source_train-Acc: 0.9927, Cost 0.1 sec
04-10 07:37:55 Epoch: 23 source_val-Loss: 0.0001 source_val-Acc: 1.0000, Cost 0.0 sec
04-10 07:37:55 Epoch: 23 target_val-Loss: 0.0078 target_val-Acc: 1.0000, Cost 0.0 sec
04-10 07:37:55 -----Epoch 24/299-----
04-10 07:37:55 current lr: [0.001, 0.001, 0.001, 0.001]
04-10 07:37:55 Epoch: 24 source_train-Loss: 0.0263 source_train-Acc: 0.9919, Cost 0.1 sec
04-10 07:37:55 Epoch: 24 source_val-Loss: 0.0003 source_val-Acc: 1.0000, Cost 0.0 sec
04-10 07:37:55 Epoch: 24 target_val-Loss: 0.0378 target_val-Acc: 0.9808, Cost 0.0 sec
04-10 07:37:55 -----Epoch 25/299-----
04-10 07:37:55 current lr: [0.001, 0.001, 0.001, 0.001]
04-10 07:37:55 Epoch: 25 [0/1231], Train Loss: 0.0245 Train Acc: 0.9921,9175.8 examples/sec 0.01 sec/batch
04-10 07:37:55 Epoch: 25 source_train-Loss: 0.0217 source_train-Acc: 0.9919, Cost 0.1 sec
04-10 07:37:55 Epoch: 25 source_val-Loss: 0.0005 source_val-Acc: 1.0000, Cost 0.0 sec
04-10 07:37:55 Epoch: 25 target_val-Loss: 0.0457 target_val-Acc: 0.9808, Cost 0.0 sec
04-10 07:37:55 -----Epoch 26/299-----
04-10 07:37:55 current lr: [0.001, 0.001, 0.001, 0.001]
04-10 07:37:55 Epoch: 26 source_train-Loss: 0.0248 source_train-Acc: 0.9903, Cost 0.1 sec
04-10 07:37:55 Epoch: 26 source_val-Loss: 0.0001 source_val-Acc: 1.0000, Cost 0.0 sec
04-10 07:37:55 Epoch: 26 target_val-Loss: 0.0091 target_val-Acc: 0.9962, Cost 0.0 sec
04-10 07:37:55 -----Epoch 27/299-----
04-10 07:37:55 current lr: [0.001, 0.001, 0.001, 0.001]
04-10 07:37:55 Epoch: 27 [640/1231], Train Loss: 0.0237 Train Acc: 0.9907,10199.0 examples/sec 0.01 sec/batch
04-10 07:37:55 Epoch: 27 source_train-Loss: 0.0214 source_train-Acc: 0.9919, Cost 0.1 sec
04-10 07:37:55 Epoch: 27 source_val-Loss: 0.0066 source_val-Acc: 0.9968, Cost 0.0 sec
04-10 07:37:55 Epoch: 27 target_val-Loss: 0.0572 target_val-Acc: 0.9808, Cost 0.0 sec
04-10 07:37:55 -----Epoch 28/299-----
04-10 07:37:55 current lr: [0.001, 0.001, 0.001, 0.001]
04-10 07:37:56 Epoch: 28 source_train-Loss: 0.0376 source_train-Acc: 0.9846, Cost 0.1 sec
04-10 07:37:56 Epoch: 28 source_val-Loss: 0.0020 source_val-Acc: 1.0000, Cost 0.0 sec
04-10 07:37:56 Epoch: 28 target_val-Loss: 0.0018 target_val-Acc: 1.0000, Cost 0.0 sec
04-10 07:37:56 -----Epoch 29/299-----
04-10 07:37:56 current lr: [0.001, 0.001, 0.001, 0.001]
04-10 07:37:56 Epoch: 29 source_train-Loss: 0.0967 source_train-Acc: 0.9667, Cost 0.1 sec
04-10 07:37:56 Epoch: 29 source_val-Loss: 0.0030 source_val-Acc: 1.0000, Cost 0.0 sec
04-10 07:37:56 Epoch: 29 target_val-Loss: 0.1326 target_val-Acc: 0.9579, Cost 0.0 sec
04-10 07:37:56 -----Epoch 30/299-----
04-10 07:37:56 current lr: [0.001, 0.001, 0.001, 0.001]
04-10 07:37:56 Epoch: 30 [0/1231], Train Loss: 0.0587 Train Acc: 0.9794,9291.0 examples/sec 0.01 sec/batch
04-10 07:37:56 Epoch: 30 source_train-Loss: 0.0530 source_train-Acc: 0.9846, Cost 0.1 sec
04-10 07:37:56 Epoch: 30 source_val-Loss: 0.0108 source_val-Acc: 0.9968, Cost 0.0 sec
04-10 07:37:56 Epoch: 30 target_val-Loss: 0.0180 target_val-Acc: 0.9885, Cost 0.0 sec
04-10 07:37:56 -----Epoch 31/299-----
04-10 07:37:56 current lr: [0.001, 0.001, 0.001, 0.001]
04-10 07:37:56 Epoch: 31 source_train-Loss: 0.0373 source_train-Acc: 0.9886, Cost 0.1 sec
04-10 07:37:56 Epoch: 31 source_val-Loss: 0.0014 source_val-Acc: 1.0000, Cost 0.0 sec
04-10 07:37:56 Epoch: 31 target_val-Loss: 0.0475 target_val-Acc: 0.9847, Cost 0.0 sec
04-10 07:37:56 -----Epoch 32/299-----
04-10 07:37:56 current lr: [0.001, 0.001, 0.001, 0.001]
04-10 07:37:56 Epoch: 32 [640/1231], Train Loss: 0.0385 Train Acc: 0.9887,10118.2 examples/sec 0.01 sec/batch
04-10 07:37:56 Epoch: 32 source_train-Loss: 0.0228 source_train-Acc: 0.9935, Cost 0.1 sec
04-10 07:37:56 Epoch: 32 source_val-Loss: 0.0010 source_val-Acc: 1.0000, Cost 0.0 sec
04-10 07:37:56 Epoch: 32 target_val-Loss: 0.0041 target_val-Acc: 0.9962, Cost 0.0 sec
04-10 07:37:56 -----Epoch 33/299-----
04-10 07:37:56 current lr: [0.001, 0.001, 0.001, 0.001]
04-10 07:37:56 Epoch: 33 source_train-Loss: 0.0158 source_train-Acc: 0.9968, Cost 0.1 sec
04-10 07:37:56 Epoch: 33 source_val-Loss: 0.0001 source_val-Acc: 1.0000, Cost 0.0 sec
04-10 07:37:56 Epoch: 33 target_val-Loss: 0.0095 target_val-Acc: 0.9923, Cost 0.0 sec
04-10 07:37:56 -----Epoch 34/299-----
04-10 07:37:56 current lr: [0.001, 0.001, 0.001, 0.001]
04-10 07:37:56 Epoch: 34 source_train-Loss: 0.0154 source_train-Acc: 0.9959, Cost 0.1 sec
04-10 07:37:56 Epoch: 34 source_val-Loss: 0.0004 source_val-Acc: 1.0000, Cost 0.0 sec
04-10 07:37:56 Epoch: 34 target_val-Loss: 0.0162 target_val-Acc: 0.9962, Cost 0.0 sec
04-10 07:37:56 -----Epoch 35/299-----
04-10 07:37:56 current lr: [0.001, 0.001, 0.001, 0.001]
04-10 07:37:56 Epoch: 35 [0/1231], Train Loss: 0.0174 Train Acc: 0.9954,9261.1 examples/sec 0.01 sec/batch
04-10 07:37:56 Epoch: 35 source_train-Loss: 0.0086 source_train-Acc: 0.9976, Cost 0.1 sec
04-10 07:37:56 Epoch: 35 source_val-Loss: 0.0001 source_val-Acc: 1.0000, Cost 0.0 sec
04-10 07:37:57 Epoch: 35 target_val-Loss: 0.0137 target_val-Acc: 0.9962, Cost 0.0 sec
04-10 07:37:57 -----Epoch 36/299-----
04-10 07:37:57 current lr: [0.001, 0.001, 0.001, 0.001]
04-10 07:37:57 Epoch: 36 source_train-Loss: 0.0166 source_train-Acc: 0.9943, Cost 0.1 sec
04-10 07:37:57 Epoch: 36 source_val-Loss: 0.0118 source_val-Acc: 0.9968, Cost 0.0 sec
04-10 07:37:57 Epoch: 36 target_val-Loss: 0.0633 target_val-Acc: 0.9808, Cost 0.0 sec
04-10 07:37:57 -----Epoch 37/299-----
04-10 07:37:57 current lr: [0.001, 0.001, 0.001, 0.001]
04-10 07:37:57 Epoch: 37 [640/1231], Train Loss: 0.0127 Train Acc: 0.9958,9601.2 examples/sec 0.01 sec/batch
04-10 07:37:57 Epoch: 37 source_train-Loss: 0.0171 source_train-Acc: 0.9943, Cost 0.1 sec
04-10 07:37:57 Epoch: 37 source_val-Loss: 0.0007 source_val-Acc: 1.0000, Cost 0.0 sec
04-10 07:37:57 Epoch: 37 target_val-Loss: 0.0731 target_val-Acc: 0.9808, Cost 0.0 sec
04-10 07:37:57 -----Epoch 38/299-----
04-10 07:37:57 current lr: [0.001, 0.001, 0.001, 0.001]
04-10 07:37:57 Epoch: 38 source_train-Loss: 0.0104 source_train-Acc: 0.9968, Cost 0.1 sec
04-10 07:37:57 Epoch: 38 source_val-Loss: 0.0001 source_val-Acc: 1.0000, Cost 0.0 sec
04-10 07:37:57 Epoch: 38 target_val-Loss: 0.0028 target_val-Acc: 1.0000, Cost 0.0 sec
04-10 07:37:57 -----Epoch 39/299-----
04-10 07:37:57 current lr: [0.001, 0.001, 0.001, 0.001]
04-10 07:37:57 Epoch: 39 source_train-Loss: 0.0087 source_train-Acc: 0.9968, Cost 0.1 sec
04-10 07:37:57 Epoch: 39 source_val-Loss: 0.0019 source_val-Acc: 1.0000, Cost 0.0 sec
04-10 07:37:57 Epoch: 39 target_val-Loss: 0.0123 target_val-Acc: 0.9962, Cost 0.0 sec
04-10 07:37:57 -----Epoch 40/299-----
04-10 07:37:57 current lr: [0.001, 0.001, 0.001, 0.001]
04-10 07:37:57 Epoch: 40 [0/1231], Train Loss: 0.0119 Train Acc: 0.9961,9031.7 examples/sec 0.01 sec/batch
04-10 07:37:57 Epoch: 40 source_train-Loss: 0.0220 source_train-Acc: 0.9951, Cost 0.1 sec
04-10 07:37:57 Epoch: 40 source_val-Loss: 0.0005 source_val-Acc: 1.0000, Cost 0.0 sec
04-10 07:37:57 Epoch: 40 target_val-Loss: 0.0161 target_val-Acc: 0.9923, Cost 0.0 sec
04-10 07:37:57 -----Epoch 41/299-----
04-10 07:37:57 current lr: [0.001, 0.001, 0.001, 0.001]
04-10 07:37:57 Epoch: 41 source_train-Loss: 0.0074 source_train-Acc: 0.9984, Cost 0.1 sec
04-10 07:37:57 Epoch: 41 source_val-Loss: 0.0013 source_val-Acc: 1.0000, Cost 0.0 sec
04-10 07:37:57 Epoch: 41 target_val-Loss: 0.0213 target_val-Acc: 0.9923, Cost 0.0 sec
04-10 07:37:57 -----Epoch 42/299-----
04-10 07:37:57 current lr: [0.001, 0.001, 0.001, 0.001]
04-10 07:37:57 Epoch: 42 [640/1231], Train Loss: 0.0134 Train Acc: 0.9968,10101.9 examples/sec 0.01 sec/batch
04-10 07:37:57 Epoch: 42 source_train-Loss: 0.0087 source_train-Acc: 0.9976, Cost 0.1 sec
04-10 07:37:57 Epoch: 42 source_val-Loss: 0.0005 source_val-Acc: 1.0000, Cost 0.0 sec
04-10 07:37:57 Epoch: 42 target_val-Loss: 0.0315 target_val-Acc: 0.9885, Cost 0.0 sec
04-10 07:37:57 -----Epoch 43/299-----
04-10 07:37:57 current lr: [0.001, 0.001, 0.001, 0.001]
04-10 07:37:58 Epoch: 43 source_train-Loss: 0.0153 source_train-Acc: 0.9951, Cost 0.1 sec
04-10 07:37:58 Epoch: 43 source_val-Loss: 0.0006 source_val-Acc: 1.0000, Cost 0.0 sec
04-10 07:37:58 Epoch: 43 target_val-Loss: 0.0007 target_val-Acc: 1.0000, Cost 0.0 sec
04-10 07:37:58 -----Epoch 44/299-----
04-10 07:37:58 current lr: [0.001, 0.001, 0.001, 0.001]
04-10 07:37:58 Epoch: 44 source_train-Loss: 0.0062 source_train-Acc: 0.9992, Cost 0.1 sec
04-10 07:37:58 Epoch: 44 source_val-Loss: 0.0012 source_val-Acc: 1.0000, Cost 0.0 sec
04-10 07:37:58 Epoch: 44 target_val-Loss: 0.0018 target_val-Acc: 1.0000, Cost 0.0 sec
04-10 07:37:58 -----Epoch 45/299-----
04-10 07:37:58 current lr: [0.001, 0.001, 0.001, 0.001]
04-10 07:37:58 Epoch: 45 [0/1231], Train Loss: 0.0105 Train Acc: 0.9974,9062.1 examples/sec 0.01 sec/batch
04-10 07:37:58 Epoch: 45 source_train-Loss: 0.0056 source_train-Acc: 0.9984, Cost 0.1 sec
04-10 07:37:58 Epoch: 45 source_val-Loss: 0.0000 source_val-Acc: 1.0000, Cost 0.0 sec
04-10 07:37:58 Epoch: 45 target_val-Loss: 0.0017 target_val-Acc: 1.0000, Cost 0.0 sec
04-10 07:37:58 -----Epoch 46/299-----
04-10 07:37:58 current lr: [0.001, 0.001, 0.001, 0.001]
04-10 07:37:58 Epoch: 46 source_train-Loss: 0.0082 source_train-Acc: 0.9976, Cost 0.1 sec
04-10 07:37:58 Epoch: 46 source_val-Loss: 0.0003 source_val-Acc: 1.0000, Cost 0.0 sec
04-10 07:37:58 Epoch: 46 target_val-Loss: 0.0235 target_val-Acc: 0.9962, Cost 0.0 sec
04-10 07:37:58 -----Epoch 47/299-----
04-10 07:37:58 current lr: [0.001, 0.001, 0.001, 0.001]
04-10 07:37:58 Epoch: 47 [640/1231], Train Loss: 0.0057 Train Acc: 0.9984,9898.3 examples/sec 0.01 sec/batch
04-10 07:37:58 Epoch: 47 source_train-Loss: 0.0017 source_train-Acc: 1.0000, Cost 0.1 sec
04-10 07:37:58 Epoch: 47 source_val-Loss: 0.0000 source_val-Acc: 1.0000, Cost 0.0 sec
04-10 07:37:58 Epoch: 47 target_val-Loss: 0.0230 target_val-Acc: 0.9962, Cost 0.0 sec
04-10 07:37:58 -----Epoch 48/299-----
04-10 07:37:58 current lr: [0.001, 0.001, 0.001, 0.001]
04-10 07:37:58 Epoch: 48 source_train-Loss: 0.0040 source_train-Acc: 0.9992, Cost 0.1 sec
04-10 07:37:58 Epoch: 48 source_val-Loss: 0.0000 source_val-Acc: 1.0000, Cost 0.0 sec
04-10 07:37:58 Epoch: 48 target_val-Loss: 0.0238 target_val-Acc: 0.9885, Cost 0.0 sec
04-10 07:37:58 -----Epoch 49/299-----
04-10 07:37:58 current lr: [0.001, 0.001, 0.001, 0.001]
04-10 07:37:58 Epoch: 49 source_train-Loss: 0.0055 source_train-Acc: 0.9976, Cost 0.1 sec
04-10 07:37:58 Epoch: 49 source_val-Loss: 0.0000 source_val-Acc: 1.0000, Cost 0.0 sec
04-10 07:37:58 Epoch: 49 target_val-Loss: 0.0093 target_val-Acc: 0.9962, Cost 0.0 sec
04-10 07:37:58 -----Epoch 50/299-----
04-10 07:37:58 current lr: [0.001, 0.001, 0.001, 0.001]
04-10 07:37:58 Epoch: 50 [0/1231], Train Loss: 0.0202 Train Acc: 0.9987,8869.4 examples/sec 0.01 sec/batch
04-10 07:37:59 Epoch: 50 source_train-Loss: 0.7512 source_train-Acc: 1.0000, Cost 0.2 sec
04-10 07:37:59 Epoch: 50 source_val-Loss: 0.0000 source_val-Acc: 1.0000, Cost 0.0 sec
04-10 07:37:59 Epoch: 50 target_val-Loss: 0.0016 target_val-Acc: 1.0000, Cost 0.0 sec
04-10 07:37:59 save best model epoch 50, acc 1.0000
04-10 07:37:59 -----Epoch 51/299-----
04-10 07:37:59 current lr: [0.001, 0.001, 0.001, 0.001]
04-10 07:37:59 Epoch: 51 source_train-Loss: 0.7246 source_train-Acc: 1.0000, Cost 0.2 sec
04-10 07:37:59 Epoch: 51 source_val-Loss: 0.0000 source_val-Acc: 1.0000, Cost 0.0 sec
