04-10 15:59:08 model_name: MFSAN
04-10 15:59:08 source: CWRU_0,CWRU_1
04-10 15:59:08 target: CWRU_2
04-10 15:59:08 data_dir: ./datasets
04-10 15:59:08 train_mode: multi_source
04-10 15:59:08 cuda_device: 0
04-10 15:59:08 save_dir: ./ckpt
04-10 15:59:08 max_epoch: 30
04-10 15:59:08 batch_size: 64
04-10 15:59:08 num_workers: 4
04-10 15:59:08 signal_size: 2048
04-10 15:59:08 random_state: 1
04-10 15:59:08 normlizetype: mean-std
04-10 15:59:08 opt: sgd
04-10 15:59:08 lr: 0.01
04-10 15:59:08 momentum: 0.9
04-10 15:59:08 betas: (0.9, 0.999)
04-10 15:59:08 weight_decay: 0.0005
04-10 15:59:08 lr_scheduler: stepLR
04-10 15:59:08 gamma: 0.2
04-10 15:59:08 steps: 10
04-10 15:59:08 tradeoff: ['exp', 'exp', 'exp']
04-10 15:59:08 dropout: 0.0
04-10 15:59:08 save: False
04-10 15:59:08 load_path: 
04-10 15:59:08 save_path: ./ckpt/MFSAN/multi_source/[CWRU_0CWRU_1]To[CWRU_2]_0410-155908
04-10 15:59:08 Detect 4 classes: ['ball', 'inner', 'normal', 'outer']
04-10 15:59:08 using 1 / 1 gpus
04-10 15:59:11 Source set CWRU_0 number of samples 708.
04-10 15:59:11 Source set CWRU_1 number of samples 708.
04-10 15:59:11 Training set number of samples 310.
04-10 15:59:11 Validation set number of samples 144.
