04-10 15:53:27 model_name: MFSAN
04-10 15:53:27 source: CWRU_0,CWRU_1
04-10 15:53:27 target: CWRU_2
04-10 15:53:27 data_dir: ./datasets
04-10 15:53:27 train_mode: multi_source
04-10 15:53:27 cuda_device: 0
04-10 15:53:27 save_dir: ./ckpt
04-10 15:53:27 max_epoch: 30
04-10 15:53:27 batch_size: 64
04-10 15:53:27 num_workers: 4
04-10 15:53:27 signal_size: 2048
04-10 15:53:27 random_state: 1
04-10 15:53:27 normlizetype: mean-std
04-10 15:53:27 opt: sgd
04-10 15:53:27 lr: 0.01
04-10 15:53:27 momentum: 0.9
04-10 15:53:27 betas: (0.9, 0.999)
04-10 15:53:27 weight_decay: 0.0005
04-10 15:53:27 lr_scheduler: stepLR
04-10 15:53:27 gamma: 0.2
04-10 15:53:27 steps: 10
04-10 15:53:27 tradeoff: ['exp', 'exp', 'exp']
04-10 15:53:27 dropout: 0.0
04-10 15:53:27 save: False
04-10 15:53:27 load_path: 
04-10 15:53:27 save_path: ./ckpt/MFSAN/multi_source/[CWRU_0CWRU_1]To[CWRU_2]_0410-155327
04-10 15:53:27 Detect 4 classes: ['ball', 'inner', 'normal', 'outer']
04-10 15:53:28 using 1 / 1 gpus
04-10 15:53:30 Source set CWRU_0 number of samples 708.
04-10 15:53:30 Source set CWRU_1 number of samples 708.
