04-10 15:58:33 model_name: MFSAN
04-10 15:58:33 source: CWRU_0,CWRU_1
04-10 15:58:33 target: CWRU_2
04-10 15:58:33 data_dir: ./datasets
04-10 15:58:33 train_mode: multi_source
04-10 15:58:33 cuda_device: 0
04-10 15:58:33 save_dir: ./ckpt
04-10 15:58:33 max_epoch: 30
04-10 15:58:33 batch_size: 64
04-10 15:58:33 num_workers: 4
04-10 15:58:33 signal_size: 2048
04-10 15:58:33 random_state: 1
04-10 15:58:33 normlizetype: mean-std
04-10 15:58:33 opt: sgd
04-10 15:58:33 lr: 0.01
04-10 15:58:33 momentum: 0.9
04-10 15:58:33 betas: (0.9, 0.999)
04-10 15:58:33 weight_decay: 0.0005
04-10 15:58:33 lr_scheduler: stepLR
04-10 15:58:33 gamma: 0.2
04-10 15:58:33 steps: 10
04-10 15:58:33 tradeoff: ['exp', 'exp', 'exp']
04-10 15:58:33 dropout: 0.0
04-10 15:58:33 save: False
04-10 15:58:33 load_path: 
04-10 15:58:33 save_path: ./ckpt/MFSAN/multi_source/[CWRU_0CWRU_1]To[CWRU_2]_0410-155833
04-10 15:58:33 Detect 4 classes: ['ball', 'inner', 'normal', 'outer']
04-10 15:58:33 using 1 / 1 gpus
