04-10 15:58:11 model_name: MFSAN
04-10 15:58:11 source: CWRU_0,CWRU_1
04-10 15:58:11 target: CWRU_2
04-10 15:58:11 data_dir: ./datasets
04-10 15:58:11 train_mode: multi_source
04-10 15:58:11 cuda_device: 0
04-10 15:58:11 save_dir: ./ckpt
04-10 15:58:11 max_epoch: 30
04-10 15:58:11 batch_size: 64
04-10 15:58:11 num_workers: 4
04-10 15:58:11 signal_size: 2048
04-10 15:58:11 random_state: 1
04-10 15:58:11 normlizetype: mean-std
04-10 15:58:11 opt: sgd
04-10 15:58:11 lr: 0.01
04-10 15:58:11 momentum: 0.9
04-10 15:58:11 betas: (0.9, 0.999)
04-10 15:58:11 weight_decay: 0.0005
04-10 15:58:11 lr_scheduler: stepLR
04-10 15:58:11 gamma: 0.2
04-10 15:58:11 steps: 10
04-10 15:58:11 tradeoff: ['exp', 'exp', 'exp']
04-10 15:58:11 dropout: 0.0
04-10 15:58:11 save: False
04-10 15:58:11 load_path: 
04-10 15:58:11 save_path: ./ckpt/MFSAN/multi_source/[CWRU_0CWRU_1]To[CWRU_2]_0410-155811
04-10 15:58:11 Detect 4 classes: ['ball', 'inner', 'normal', 'outer']
04-10 15:58:11 using 1 / 1 gpus
04-10 15:58:13 Source set CWRU_0 number of samples 708.
04-10 15:58:13 Source set CWRU_1 number of samples 708.
