04-10 15:58:42 model_name: MFSAN
04-10 15:58:42 source: CWRU_0,CWRU_1
04-10 15:58:42 target: CWRU_2
04-10 15:58:42 data_dir: ./datasets
04-10 15:58:42 train_mode: multi_source
04-10 15:58:42 cuda_device: 0
04-10 15:58:42 save_dir: ./ckpt
04-10 15:58:42 max_epoch: 30
04-10 15:58:42 batch_size: 64
04-10 15:58:42 num_workers: 4
04-10 15:58:42 signal_size: 2048
04-10 15:58:42 random_state: 1
04-10 15:58:42 normlizetype: mean-std
04-10 15:58:42 opt: sgd
04-10 15:58:42 lr: 0.01
04-10 15:58:42 momentum: 0.9
04-10 15:58:42 betas: (0.9, 0.999)
04-10 15:58:42 weight_decay: 0.0005
04-10 15:58:42 lr_scheduler: stepLR
04-10 15:58:42 gamma: 0.2
04-10 15:58:42 steps: 10
04-10 15:58:42 tradeoff: ['exp', 'exp', 'exp']
04-10 15:58:42 dropout: 0.0
04-10 15:58:42 save: False
04-10 15:58:42 load_path: 
04-10 15:58:42 save_path: ./ckpt/MFSAN/multi_source/[CWRU_0CWRU_1]To[CWRU_2]_0410-155842
04-10 15:58:42 Detect 4 classes: ['ball', 'inner', 'normal', 'outer']
04-10 15:58:42 using 1 / 1 gpus
04-10 15:58:45 Source set CWRU_0 number of samples 708.
04-10 15:58:45 Source set CWRU_1 number of samples 708.
04-10 15:58:45 Training set number of samples 310.
04-10 15:58:45 Validation set number of samples 144.
04-10 15:58:45 -----Epoch 1/30-----
04-10 15:58:45 current lr: [0.01, 0.01]
04-10 15:58:46 Train-Loss Source Classifier: 1.3582
04-10 15:58:46 Train-Loss MMD: 0.3337
04-10 15:58:46 Train-Loss L1: 0.0299
04-10 15:58:46 Train-Acc Source Data: 0.2812
04-10 15:58:46 Val-Acc Target Data: 0.3594
04-10 15:58:46 The best model epoch 1, val-acc 0.3594
04-10 15:58:46 -----Epoch 2/30-----
04-10 15:58:46 current lr: [0.01, 0.01]
