04-10 15:51:09 model_name: MFSAN
04-10 15:51:09 source: CWRU_0,CWRU_1
04-10 15:51:09 target: CWRU_2
04-10 15:51:09 data_dir: ./datasets
04-10 15:51:09 train_mode: multi_source
04-10 15:51:09 cuda_device: 0
04-10 15:51:09 save_dir: ./ckpt
04-10 15:51:09 max_epoch: 30
04-10 15:51:09 batch_size: 64
04-10 15:51:09 num_workers: 4
04-10 15:51:09 signal_size: 2048
04-10 15:51:09 random_state: 1
04-10 15:51:09 normlizetype: mean-std
04-10 15:51:09 opt: sgd
04-10 15:51:09 lr: 0.01
04-10 15:51:09 momentum: 0.9
04-10 15:51:09 betas: (0.9, 0.999)
04-10 15:51:09 weight_decay: 0.0005
04-10 15:51:09 lr_scheduler: stepLR
04-10 15:51:09 gamma: 0.2
04-10 15:51:09 steps: 10
04-10 15:51:09 tradeoff: ['exp', 'exp', 'exp']
04-10 15:51:09 dropout: 0.0
04-10 15:51:09 save: False
04-10 15:51:09 load_path: 
04-10 15:51:09 save_path: ./ckpt/MFSAN/multi_source/[CWRU_0CWRU_1]To[CWRU_2]_0410-155109
04-10 15:51:09 Detect 4 classes: ['ball', 'inner', 'normal', 'outer']
04-10 15:51:09 using 1 / 1 gpus
04-10 15:51:12 Source set CWRU_0 number of samples 708.
04-10 15:51:12 Source set CWRU_1 number of samples 708.
