04-10 16:01:47 model_name: MFSAN
04-10 16:01:47 source: CWRU_0,CWRU_1
04-10 16:01:47 target: CWRU_2
04-10 16:01:47 data_dir: ./datasets
04-10 16:01:47 train_mode: multi_source
04-10 16:01:47 cuda_device: 0
04-10 16:01:47 save_dir: ./ckpt
04-10 16:01:47 max_epoch: 30
04-10 16:01:47 batch_size: 64
04-10 16:01:47 num_workers: 4
04-10 16:01:47 signal_size: 2048
04-10 16:01:47 random_state: 1
04-10 16:01:47 normlizetype: mean-std
04-10 16:01:47 opt: sgd
04-10 16:01:47 lr: 0.01
04-10 16:01:47 momentum: 0.9
04-10 16:01:47 betas: (0.9, 0.999)
04-10 16:01:47 weight_decay: 0.0005
04-10 16:01:47 lr_scheduler: stepLR
04-10 16:01:47 gamma: 0.2
04-10 16:01:47 steps: 10
04-10 16:01:47 tradeoff: ['exp', 'exp', 'exp']
04-10 16:01:47 dropout: 0.0
04-10 16:01:47 save: False
04-10 16:01:47 load_path: 
04-10 16:01:47 save_path: ./ckpt/MFSAN/multi_source/[CWRU_0CWRU_1]To[CWRU_2]_0410-160147
04-10 16:01:47 Detect 4 classes: ['ball', 'inner', 'normal', 'outer']
04-10 16:01:47 using 1 / 1 gpus
04-10 16:01:50 Source set CWRU_0 number of samples 708.
04-10 16:01:50 Source set CWRU_1 number of samples 708.
04-10 16:01:50 Training set number of samples 183.
04-10 16:01:50 Validation set number of samples 144.
04-10 16:01:50 -----Epoch 1/30-----
04-10 16:01:50 current lr: [0.01, 0.01]
04-10 16:01:50 Train-Loss Source Classifier: 1.3978
04-10 16:01:50 Train-Loss MMD: 0.8372
04-10 16:01:50 Train-Loss L1: 0.0321
04-10 16:01:50 Train-Acc Source Data: 0.2812
04-10 16:01:50 Val-Acc Target Data: 0.2812
04-10 16:01:50 The best model epoch 1, val-acc 0.2812
04-10 16:01:50 -----Epoch 2/30-----
04-10 16:01:50 current lr: [0.01, 0.01]
