04-10 07:28:47 method: multiDA
04-10 07:28:47 model_name: cnn_features_1d
04-10 07:28:47 data_name: multi_CWRU
04-10 07:28:47 data_dir: /home/workspace/UDA_Bearing_Fault_Diagnosis/Data/CWRU/
04-10 07:28:47 transfer_task: [[1, 2], [0]]
04-10 07:28:47 normlizetype: mean-std
04-10 07:28:47 cuda_device: 0
04-10 07:28:47 checkpoint_dir: ./checkpoint
04-10 07:28:47 pretrained: False
04-10 07:28:47 batch_size: 64
04-10 07:28:47 num_workers: 0
04-10 07:28:47 bottleneck: True
04-10 07:28:47 bottleneck_num: 256
04-10 07:28:47 last_batch: False
04-10 07:28:47 distance_metric: False
04-10 07:28:47 distance_loss: MK-MMD
04-10 07:28:47 trade_off_distance: Step
04-10 07:28:47 lam_distance: 1
04-10 07:28:47 domain_adversarial: True
04-10 07:28:47 adversarial_loss: CDA+E
04-10 07:28:47 hidden_size: 1024
04-10 07:28:47 trade_off_adversarial: Step
04-10 07:28:47 lam_adversarial: 1
04-10 07:28:47 opt: adam
04-10 07:28:47 lr: 0.001
04-10 07:28:47 momentum: 0.9
04-10 07:28:47 weight_decay: 1e-05
04-10 07:28:47 lr_scheduler: step
04-10 07:28:47 gamma: 0.1
04-10 07:28:47 steps: 150, 250
04-10 07:28:47 middle_epoch: 50
04-10 07:28:47 max_epoch: 300
04-10 07:28:47 print_step: 50
