04-10 08:27:53 method: multiDA
04-10 08:27:53 model_name: cnn_features_1d
04-10 08:27:53 data_name: JNU
04-10 08:27:53 data_dir: /home/workspace/UDA_Bearing_Fault_Diagnosis/Data
04-10 08:27:53 transfer_task: [[1, 2], [0]]
04-10 08:27:53 normlizetype: mean-std
04-10 08:27:53 adabn: False
04-10 08:27:53 eval_all: False
04-10 08:27:53 adabn_epochs: 3
04-10 08:27:53 cuda_device: 0
04-10 08:27:53 checkpoint_dir: ./checkpoint
04-10 08:27:53 pretrained: False
04-10 08:27:53 batch_size: 64
04-10 08:27:53 num_workers: 0
04-10 08:27:53 bottleneck: True
04-10 08:27:53 bottleneck_num: 256
04-10 08:27:53 last_batch: False
04-10 08:27:53 distance_metric: False
04-10 08:27:53 distance_loss: MK-MMD
04-10 08:27:53 trade_off_distance: Step
04-10 08:27:53 lam_distance: 1
04-10 08:27:53 domain_adversarial: False
04-10 08:27:53 adversarial_loss: CDA+E
04-10 08:27:53 hidden_size: 1024
04-10 08:27:53 trade_off_adversarial: Step
04-10 08:27:53 lam_adversarial: 1
04-10 08:27:53 opt: adam
04-10 08:27:53 lr: 0.001
04-10 08:27:53 momentum: 0.9
04-10 08:27:53 weight_decay: 1e-05
04-10 08:27:53 lr_scheduler: step
04-10 08:27:53 gamma: 0.1
04-10 08:27:53 steps: 150, 250
04-10 08:27:53 middle_epoch: 50
04-10 08:27:53 max_epoch: 300
04-10 08:27:53 print_step: 50
04-10 08:27:53 using 1 gpus
