04-10 16:06:55 model_name: CNN
04-10 16:06:55 source: CWRU_0
04-10 16:06:55 target: CWRU_2
04-10 16:06:55 data_dir: ./datasets
04-10 16:06:55 train_mode: single_source
04-10 16:06:55 cuda_device: 0
04-10 16:06:55 save_dir: ./ckpt
04-10 16:06:55 max_epoch: 30
04-10 16:06:55 batch_size: 64
04-10 16:06:55 num_workers: 4
04-10 16:06:55 signal_size: 2048
04-10 16:06:55 random_state: 1
04-10 16:06:55 normlizetype: mean-std
04-10 16:06:55 opt: sgd
04-10 16:06:55 lr: 0.01
04-10 16:06:55 momentum: 0.9
04-10 16:06:55 betas: (0.9, 0.999)
04-10 16:06:55 weight_decay: 0.0005
04-10 16:06:55 lr_scheduler: stepLR
04-10 16:06:55 gamma: 0.2
04-10 16:06:55 steps: 10
04-10 16:06:55 tradeoff: ['exp', 'exp', 'exp']
04-10 16:06:55 dropout: 0.0
04-10 16:06:55 save: False
04-10 16:06:55 load_path: 
04-10 16:06:55 save_path: ./ckpt/CNN/single_source/[CWRU_0]To[CWRU_2]_0410-160655
04-10 16:06:55 Detect 4 classes: ['ball', 'inner', 'normal', 'outer']
04-10 16:06:55 using 1 / 1 gpus
