04-10 16:09:09 model_name: CNN
04-10 16:09:09 source: CWRU_0
04-10 16:09:09 target: CWRU_2
04-10 16:09:09 data_dir: ./datasets
04-10 16:09:09 train_mode: single_source
04-10 16:09:09 cuda_device: 0
04-10 16:09:09 save_dir: ./ckpt
04-10 16:09:09 max_epoch: 30
04-10 16:09:09 batch_size: 64
04-10 16:09:09 num_workers: 4
04-10 16:09:09 signal_size: 2048
04-10 16:09:09 random_state: 1
04-10 16:09:09 normlizetype: mean-std
04-10 16:09:09 opt: sgd
04-10 16:09:09 lr: 0.01
04-10 16:09:09 momentum: 0.9
04-10 16:09:09 betas: (0.9, 0.999)
04-10 16:09:09 weight_decay: 0.0005
04-10 16:09:09 lr_scheduler: stepLR
04-10 16:09:09 gamma: 0.2
04-10 16:09:09 steps: 10
04-10 16:09:09 tradeoff: ['exp', 'exp', 'exp']
04-10 16:09:09 dropout: 0.0
04-10 16:09:09 save: False
04-10 16:09:09 load_path: 
04-10 16:09:09 save_path: ./ckpt/CNN/single_source/[CWRU_0]To[CWRU_2]_0410-160909
04-10 16:09:09 Detect 4 classes: ['ball', 'inner', 'normal', 'outer']
04-10 16:09:09 using 1 / 1 gpus
04-10 16:09:12 Source set CWRU_0 number of samples 708.
04-10 16:09:12 Training set number of samples 564.
04-10 16:09:12 Validation set number of samples 144.
04-10 16:09:13 -----Epoch 1/30-----
04-10 16:09:13 current lr: [0.01]
04-10 16:09:13 Train-Loss Source Classifier: 1.2512
04-10 16:09:13 Train-Acc Source Data: 0.3906
04-10 16:09:13 Val-Acc Target Data: 0.2812
04-10 16:09:14 The best model epoch 1, val-acc 0.2812
04-10 16:09:14 -----Epoch 2/30-----
04-10 16:09:14 current lr: [0.01]
04-10 16:09:14 Train-Loss Source Classifier: 0.7474
04-10 16:09:14 Train-Acc Source Data: 0.6758
