04-10 14:59:34 model_name: CNN
04-10 14:59:34 source: CWRU_0
04-10 14:59:34 target: JNU_1
04-10 14:59:34 data_dir: ./datasets
04-10 14:59:34 train_mode: single_source
04-10 14:59:34 cuda_device: 0
04-10 14:59:34 save_dir: ./ckpt
04-10 14:59:34 max_epoch: 30
04-10 14:59:34 batch_size: 64
04-10 14:59:34 num_workers: 4
04-10 14:59:34 signal_size: 1024
04-10 14:59:34 random_state: 1
04-10 14:59:34 normlizetype: -1-1
04-10 14:59:34 opt: sgd
04-10 14:59:34 lr: 0.01
04-10 14:59:34 momentum: 0.9
04-10 14:59:34 betas: (0.9, 0.999)
04-10 14:59:34 weight_decay: 0.0005
04-10 14:59:34 lr_scheduler: stepLR
04-10 14:59:34 gamma: 0.2
04-10 14:59:34 steps: 10
04-10 14:59:34 tradeoff: ['exp', 'exp', 'exp']
04-10 14:59:34 dropout: 0.0
04-10 14:59:34 save: True
04-10 14:59:34 load_path: 
04-10 14:59:34 save_path: ./ckpt/CNN/single_source/[CWRU_0]To[JNU_1]_0410-145934
04-10 14:59:34 Detect 4 classes: ['ball', 'inner', 'normal', 'outer']
04-10 14:59:34 using 1 / 1 gpus
