04-10 16:22:56 model_name: CNN
04-10 16:22:56 source: CWRU_0
04-10 16:22:56 target: CWRU_2
04-10 16:22:56 data_dir: ./datasets
04-10 16:22:56 train_mode: single_source
04-10 16:22:56 cuda_device: 0
04-10 16:22:56 save_dir: ./ckpt
04-10 16:22:56 max_epoch: 30
04-10 16:22:56 batch_size: 64
04-10 16:22:56 num_workers: 4
04-10 16:22:56 signal_size: 2048
04-10 16:22:56 random_state: 1
04-10 16:22:56 normlizetype: mean-std
04-10 16:22:56 opt: sgd
04-10 16:22:56 lr: 0.01
04-10 16:22:56 momentum: 0.9
04-10 16:22:56 betas: (0.9, 0.999)
04-10 16:22:56 weight_decay: 0.0005
04-10 16:22:56 lr_scheduler: stepLR
04-10 16:22:56 gamma: 0.2
04-10 16:22:56 steps: 10
04-10 16:22:56 tradeoff: ['exp', 'exp', 'exp']
04-10 16:22:56 dropout: 0.0
04-10 16:22:56 save: False
04-10 16:22:56 load_path: 
04-10 16:22:56 save_path: ./ckpt/CNN/single_source/[CWRU_0]To[CWRU_2]_0410-162256
04-10 16:22:56 Detect 4 classes: ['ball', 'inner', 'normal', 'outer']
04-10 16:22:57 using 1 / 1 gpus
04-10 16:22:59 Source set CWRU_0 number of samples 708.
04-10 16:22:59 target training set number of samples 36.
04-10 16:22:59 target validation set number of samples 144.
04-10 16:23:00 -----Epoch 1/30-----
04-10 16:23:00 current lr: [0.01]
