04-10 16:10:30 model_name: CNN
04-10 16:10:30 source: CWRU_0
04-10 16:10:30 target: CWRU_2
04-10 16:10:30 data_dir: ./datasets
04-10 16:10:30 train_mode: single_source
04-10 16:10:30 cuda_device: 0
04-10 16:10:30 save_dir: ./ckpt
04-10 16:10:30 max_epoch: 30
04-10 16:10:30 batch_size: 64
04-10 16:10:30 num_workers: 4
04-10 16:10:30 signal_size: 2048
04-10 16:10:30 random_state: 1
04-10 16:10:30 normlizetype: mean-std
04-10 16:10:30 opt: sgd
04-10 16:10:30 lr: 0.01
04-10 16:10:30 momentum: 0.9
04-10 16:10:30 betas: (0.9, 0.999)
04-10 16:10:30 weight_decay: 0.0005
04-10 16:10:30 lr_scheduler: stepLR
04-10 16:10:30 gamma: 0.2
04-10 16:10:30 steps: 10
04-10 16:10:30 tradeoff: ['exp', 'exp', 'exp']
04-10 16:10:30 dropout: 0.0
04-10 16:10:30 save: False
04-10 16:10:30 load_path: 
04-10 16:10:30 save_path: ./ckpt/CNN/single_source/[CWRU_0]To[CWRU_2]_0410-161030
04-10 16:10:30 Detect 4 classes: ['ball', 'inner', 'normal', 'outer']
04-10 16:10:30 using 1 / 1 gpus
04-10 16:10:33 Source set CWRU_0 number of samples 708.
04-10 16:10:33 Training set number of samples 564.
04-10 16:10:33 Validation set number of samples 144.
04-10 16:10:33 -----Epoch 1/30-----
04-10 16:10:33 current lr: [0.01]
04-10 16:10:34 Train-Loss Source Classifier: 1.2512
04-10 16:10:34 Train-Acc Source Data: 0.3906
04-10 16:10:34 Val-Acc Target Data: 0.2812
04-10 16:10:34 The best model epoch 1, val-acc 0.2812
04-10 16:10:34 -----Epoch 2/30-----
04-10 16:10:34 current lr: [0.01]
