04-10 16:10:05 model_name: CNN
04-10 16:10:05 source: CWRU_0
04-10 16:10:05 target: CWRU_2
04-10 16:10:05 data_dir: ./datasets
04-10 16:10:05 train_mode: single_source
04-10 16:10:05 cuda_device: 0
04-10 16:10:05 save_dir: ./ckpt
04-10 16:10:05 max_epoch: 30
04-10 16:10:05 batch_size: 64
04-10 16:10:05 num_workers: 4
04-10 16:10:05 signal_size: 2048
04-10 16:10:05 random_state: 1
04-10 16:10:05 normlizetype: mean-std
04-10 16:10:05 opt: sgd
04-10 16:10:05 lr: 0.01
04-10 16:10:05 momentum: 0.9
04-10 16:10:05 betas: (0.9, 0.999)
04-10 16:10:05 weight_decay: 0.0005
04-10 16:10:05 lr_scheduler: stepLR
04-10 16:10:05 gamma: 0.2
04-10 16:10:05 steps: 10
04-10 16:10:05 tradeoff: ['exp', 'exp', 'exp']
04-10 16:10:05 dropout: 0.0
04-10 16:10:05 save: False
04-10 16:10:05 load_path: 
04-10 16:10:05 save_path: ./ckpt/CNN/single_source/[CWRU_0]To[CWRU_2]_0410-161005
04-10 16:10:05 Detect 4 classes: ['ball', 'inner', 'normal', 'outer']
04-10 16:10:05 using 1 / 1 gpus
04-10 16:10:08 Source set CWRU_0 number of samples 708.
04-10 16:10:08 Training set number of samples 56.
04-10 16:10:08 Validation set number of samples 144.
04-10 16:10:08 -----Epoch 1/30-----
04-10 16:10:08 current lr: [0.01]
04-10 16:10:09 Val-Acc Target Data: 0.2812
04-10 16:10:09 The best model epoch 1, val-acc 0.2812
04-10 16:10:09 -----Epoch 2/30-----
04-10 16:10:09 current lr: [0.01]
04-10 16:10:09 Val-Acc Target Data: 0.2812
04-10 16:10:09 The best model epoch 2, val-acc 0.2812
04-10 16:10:09 -----Epoch 3/30-----
04-10 16:10:09 current lr: [0.01]
04-10 16:10:09 Val-Acc Target Data: 0.2812
04-10 16:10:09 The best model epoch 3, val-acc 0.2812
04-10 16:10:09 -----Epoch 4/30-----
04-10 16:10:09 current lr: [0.01]
04-10 16:10:10 Val-Acc Target Data: 0.2812
04-10 16:10:10 The best model epoch 4, val-acc 0.2812
04-10 16:10:10 -----Epoch 5/30-----
04-10 16:10:10 current lr: [0.01]
04-10 16:10:10 Val-Acc Target Data: 0.2812
04-10 16:10:10 The best model epoch 5, val-acc 0.2812
04-10 16:10:10 -----Epoch 6/30-----
04-10 16:10:10 current lr: [0.01]
