04-10 14:58:30 model_name: CNN
04-10 14:58:30 source: CWRU_0
04-10 14:58:30 target: JNU_1
04-10 14:58:30 data_dir: ./datasets
04-10 14:58:30 train_mode: single_source
04-10 14:58:30 cuda_device: 0
04-10 14:58:30 save_dir: ./ckpt
04-10 14:58:30 max_epoch: 30
04-10 14:58:30 batch_size: 64
04-10 14:58:30 num_workers: 4
04-10 14:58:30 signal_size: 1024
04-10 14:58:30 random_state: 1
04-10 14:58:30 normlizetype: -1-1
04-10 14:58:30 opt: sgd
04-10 14:58:30 lr: 0.01
04-10 14:58:30 momentum: 0.9
04-10 14:58:30 betas: (0.9, 0.999)
04-10 14:58:30 weight_decay: 0.0005
04-10 14:58:30 lr_scheduler: stepLR
04-10 14:58:30 gamma: 0.2
04-10 14:58:30 steps: 10
04-10 14:58:30 tradeoff: ['exp', 'exp', 'exp']
04-10 14:58:30 dropout: 0.0
04-10 14:58:30 save: True
04-10 14:58:30 load_path: 
04-10 14:58:30 save_path: ./ckpt/CNN/single_source/[CWRU_0]To[JNU_1]_0410-145830
04-10 14:58:30 Detect 4 classes: ['ball', 'inner', 'normal', 'outer']
04-10 14:58:30 using 1 / 1 gpus
04-10 14:58:33 Source set CWRU_0 number of samples 1544.
