04-10 16:23:17 model_name: CNN
04-10 16:23:17 source: CWRU_0
04-10 16:23:17 target: CWRU_2
04-10 16:23:17 data_dir: ./datasets
04-10 16:23:17 train_mode: single_source
04-10 16:23:17 cuda_device: 0
04-10 16:23:17 save_dir: ./ckpt
04-10 16:23:17 max_epoch: 30
04-10 16:23:17 batch_size: 64
04-10 16:23:17 num_workers: 4
04-10 16:23:17 signal_size: 2048
04-10 16:23:17 random_state: 1
04-10 16:23:17 normlizetype: mean-std
04-10 16:23:17 opt: sgd
04-10 16:23:17 lr: 0.01
04-10 16:23:17 momentum: 0.9
04-10 16:23:17 betas: (0.9, 0.999)
04-10 16:23:17 weight_decay: 0.0005
04-10 16:23:17 lr_scheduler: stepLR
04-10 16:23:17 gamma: 0.2
04-10 16:23:17 steps: 10
04-10 16:23:17 tradeoff: ['exp', 'exp', 'exp']
04-10 16:23:17 dropout: 0.0
04-10 16:23:17 save: False
04-10 16:23:17 load_path: 
04-10 16:23:17 save_path: ./ckpt/CNN/single_source/[CWRU_0]To[CWRU_2]_0410-162317
04-10 16:23:17 Detect 4 classes: ['ball', 'inner', 'normal', 'outer']
04-10 16:23:17 using 1 / 1 gpus
04-10 16:23:20 Source set CWRU_0 number of samples 708.
04-10 16:23:20 target training set number of samples 176.
04-10 16:23:20 target validation set number of samples 144.
04-10 16:23:21 -----Epoch 1/30-----
04-10 16:23:21 current lr: [0.01]
04-10 16:23:21 Train-Loss: 1.3699, Precision: 0.2171, Recall: 0.2816, F1 Score: 0.2441
04-10 16:23:21 Train-Loss Source Classifier: 1.3699
04-10 16:23:21 Train-Acc Source Data: 0.2891
