04-10 14:47:36 model_name: CNN
04-10 14:47:36 source: CWRU_0
04-10 14:47:36 target: JNU_1
04-10 14:47:36 data_dir: ./datasets
04-10 14:47:36 train_mode: single_source
04-10 14:47:36 cuda_device: 0
04-10 14:47:36 save_dir: ./ckpt
04-10 14:47:36 max_epoch: 30
04-10 14:47:36 batch_size: 64
04-10 14:47:36 num_workers: 4
04-10 14:47:36 signal_size: 1024
04-10 14:47:36 random_state: 1
04-10 14:47:36 normlizetype: -1-1
04-10 14:47:36 opt: sgd
04-10 14:47:36 lr: 0.01
04-10 14:47:36 momentum: 0.9
04-10 14:47:36 betas: (0.9, 0.999)
04-10 14:47:36 weight_decay: 0.0005
04-10 14:47:36 lr_scheduler: stepLR
04-10 14:47:36 gamma: 0.2
04-10 14:47:36 steps: 10
04-10 14:47:36 tradeoff: ['exp', 'exp', 'exp']
04-10 14:47:36 dropout: 0.0
04-10 14:47:36 save: True
04-10 14:47:36 load_path: 
04-10 14:47:36 save_path: ./ckpt/CNN/single_source/[CWRU_0]To[JNU_1]_0410-144736
04-10 14:47:36 Detect 4 classes: ['ball', 'inner', 'normal', 'outer']
04-10 14:47:36 using 1 / 1 gpus
04-10 14:47:39 Source set CWRU_0 number of samples 1544.
04-10 14:47:47 Training set number of samples 2342.
04-10 14:47:47 Validation set number of samples 588.
04-10 14:47:47 -----Epoch 1/30-----
04-10 14:47:47 current lr: [0.01]
04-10 14:47:48 Train-Loss Source Classifier: 0.5885
04-10 14:47:48 Train-Acc Source Data: 0.7609
04-10 14:47:49 Val-Acc Target Data: 0.2205
04-10 14:47:49 The best model epoch 1, val-acc 0.2205
04-10 14:47:49 -----Epoch 2/30-----
04-10 14:47:49 current lr: [0.01]
04-10 14:47:50 Train-Loss Source Classifier: 0.0147
04-10 14:47:50 Train-Acc Source Data: 0.9961
04-10 14:47:50 Val-Acc Target Data: 0.1892
04-10 14:47:50 The best model epoch 1, val-acc 0.2205
04-10 14:47:50 -----Epoch 3/30-----
04-10 14:47:50 current lr: [0.01]
04-10 14:47:51 Train-Loss Source Classifier: 0.0012
04-10 14:47:51 Train-Acc Source Data: 1.0000
04-10 14:47:52 Val-Acc Target Data: 0.1806
04-10 14:47:52 The best model epoch 1, val-acc 0.2205
04-10 14:47:52 -----Epoch 4/30-----
04-10 14:47:52 current lr: [0.01]
04-10 14:47:53 Train-Loss Source Classifier: 0.0006
04-10 14:47:53 Train-Acc Source Data: 1.0000
04-10 14:47:53 Val-Acc Target Data: 0.1840
04-10 14:47:53 The best model epoch 1, val-acc 0.2205
04-10 14:47:53 -----Epoch 5/30-----
04-10 14:47:53 current lr: [0.01]
04-10 14:47:54 Train-Loss Source Classifier: 0.0012
04-10 14:47:54 Train-Acc Source Data: 1.0000
04-10 14:47:54 Val-Acc Target Data: 0.1632
04-10 14:47:54 The best model epoch 1, val-acc 0.2205
04-10 14:47:54 -----Epoch 6/30-----
04-10 14:47:54 current lr: [0.01]
04-10 14:47:55 Train-Loss Source Classifier: 0.0052
04-10 14:47:55 Train-Acc Source Data: 0.9978
04-10 14:47:56 Val-Acc Target Data: 0.1528
04-10 14:47:56 The best model epoch 1, val-acc 0.2205
04-10 14:47:56 -----Epoch 7/30-----
04-10 14:47:56 current lr: [0.01]
04-10 14:47:57 Train-Loss Source Classifier: 0.0163
04-10 14:47:57 Train-Acc Source Data: 0.9970
04-10 14:47:57 Val-Acc Target Data: 0.1649
04-10 14:47:57 The best model epoch 1, val-acc 0.2205
04-10 14:47:57 -----Epoch 8/30-----
04-10 14:47:57 current lr: [0.01]
04-10 14:47:58 Train-Loss Source Classifier: 0.0016
04-10 14:47:58 Train-Acc Source Data: 0.9996
04-10 14:47:59 Val-Acc Target Data: 0.1493
04-10 14:47:59 The best model epoch 1, val-acc 0.2205
04-10 14:47:59 -----Epoch 9/30-----
04-10 14:47:59 current lr: [0.01]
04-10 14:48:00 Train-Loss Source Classifier: 0.0003
04-10 14:48:00 Train-Acc Source Data: 1.0000
04-10 14:48:00 Val-Acc Target Data: 0.1510
04-10 14:48:00 The best model epoch 1, val-acc 0.2205
04-10 14:48:00 -----Epoch 10/30-----
04-10 14:48:00 current lr: [0.01]
04-10 14:48:01 Train-Loss Source Classifier: 0.0002
04-10 14:48:01 Train-Acc Source Data: 1.0000
04-10 14:48:01 Val-Acc Target Data: 0.1510
04-10 14:48:01 The best model epoch 1, val-acc 0.2205
04-10 14:48:01 -----Epoch 11/30-----
04-10 14:48:01 current lr: [0.002]
04-10 14:48:03 Train-Loss Source Classifier: 0.0002
04-10 14:48:03 Train-Acc Source Data: 1.0000
04-10 14:48:03 Val-Acc Target Data: 0.1510
04-10 14:48:03 The best model epoch 1, val-acc 0.2205
04-10 14:48:03 -----Epoch 12/30-----
04-10 14:48:03 current lr: [0.002]
04-10 14:48:04 Train-Loss Source Classifier: 0.0002
04-10 14:48:04 Train-Acc Source Data: 1.0000
04-10 14:48:04 Val-Acc Target Data: 0.1510
04-10 14:48:04 The best model epoch 1, val-acc 0.2205
04-10 14:48:04 -----Epoch 13/30-----
04-10 14:48:04 current lr: [0.002]
