04-10 14:47:19 model_name: CNN
04-10 14:47:19 source: CWRU_0
04-10 14:47:19 target: JNU_1
04-10 14:47:19 data_dir: ./datasets
04-10 14:47:19 train_mode: single_source
04-10 14:47:19 cuda_device: 0
04-10 14:47:19 save_dir: ./ckpt
04-10 14:47:19 max_epoch: 30
04-10 14:47:19 batch_size: 64
04-10 14:47:19 num_workers: 4
04-10 14:47:19 signal_size: 1024
04-10 14:47:19 random_state: 1
04-10 14:47:19 normlizetype: -1-1
04-10 14:47:19 opt: sgd
04-10 14:47:19 lr: 0.01
04-10 14:47:19 momentum: 0.9
04-10 14:47:19 betas: (0.9, 0.999)
04-10 14:47:19 weight_decay: 0.0005
04-10 14:47:19 lr_scheduler: stepLR
04-10 14:47:19 gamma: 0.2
04-10 14:47:19 steps: 10
04-10 14:47:19 tradeoff: ['exp', 'exp', 'exp']
04-10 14:47:19 dropout: 0.0
04-10 14:47:19 save: True
04-10 14:47:19 load_path: 
04-10 14:47:19 save_path: ./ckpt/CNN/single_source/[CWRU_0]To[JNU_1]_0410-144719
04-10 14:47:19 Detect 4 classes: ['ball', 'inner', 'normal', 'outer']
04-10 14:47:19 using 1 / 1 gpus
04-10 14:47:22 Source set CWRU_0 number of samples 1544.
