04-10 14:32:14 model_name: CNN
04-10 14:32:14 source: CWRU_0
04-10 14:32:14 target: CWRU_1
04-10 14:32:14 data_dir: ./datasets
04-10 14:32:14 train_mode: single_source
04-10 14:32:14 cuda_device: 0
04-10 14:32:14 save_dir: ./ckpt
04-10 14:32:14 max_epoch: 30
04-10 14:32:14 batch_size: 64
04-10 14:32:14 num_workers: 4
04-10 14:32:14 signal_size: 1024
04-10 14:32:14 random_state: 1
04-10 14:32:14 normlizetype: -1-1
04-10 14:32:14 opt: sgd
04-10 14:32:14 lr: 0.01
04-10 14:32:14 momentum: 0.9
04-10 14:32:14 betas: (0.9, 0.999)
04-10 14:32:14 weight_decay: 0.0005
04-10 14:32:14 lr_scheduler: stepLR
04-10 14:32:14 gamma: 0.2
04-10 14:32:14 steps: 10
04-10 14:32:14 tradeoff: ['exp', 'exp', 'exp']
04-10 14:32:14 dropout: 0.0
04-10 14:32:14 save: True
04-10 14:32:14 load_path: 
04-10 14:32:14 save_path: ./ckpt/CNN/single_source/[CWRU_0]To[CWRU_1]_0410-143214
04-10 14:32:14 Detect 4 classes: ['ball', 'inner', 'normal', 'outer']
04-10 14:32:14 using 1 / 1 gpus
04-10 14:32:17 Source set CWRU_0 number of samples 1544.
04-10 14:32:17 Training set number of samples 1230.
04-10 14:32:17 Validation set number of samples 309.
04-10 14:32:18 -----Epoch 1/30-----
04-10 14:32:18 current lr: [0.01]
04-10 14:32:18 Train-Loss Source Classifier: 0.9491
04-10 14:32:18 Train-Acc Source Data: 0.5987
04-10 14:32:19 Val-Acc Target Data: 0.2773
04-10 14:32:19 The best model epoch 1, val-acc 0.2773
04-10 14:32:19 -----Epoch 2/30-----
04-10 14:32:19 current lr: [0.01]
