04-10 16:08:31 model_name: CNN
04-10 16:08:31 source: CWRU_0
04-10 16:08:31 target: CWRU_2
04-10 16:08:31 data_dir: ./datasets
04-10 16:08:31 train_mode: single_source
04-10 16:08:31 cuda_device: 0
04-10 16:08:31 save_dir: ./ckpt
04-10 16:08:31 max_epoch: 30
04-10 16:08:31 batch_size: 64
04-10 16:08:31 num_workers: 4
04-10 16:08:31 signal_size: 2048
04-10 16:08:31 random_state: 1
04-10 16:08:31 normlizetype: mean-std
04-10 16:08:31 opt: sgd
04-10 16:08:31 lr: 0.01
04-10 16:08:31 momentum: 0.9
04-10 16:08:31 betas: (0.9, 0.999)
04-10 16:08:31 weight_decay: 0.0005
04-10 16:08:31 lr_scheduler: stepLR
04-10 16:08:31 gamma: 0.2
04-10 16:08:31 steps: 10
04-10 16:08:31 tradeoff: ['exp', 'exp', 'exp']
04-10 16:08:31 dropout: 0.0
04-10 16:08:31 save: False
04-10 16:08:31 load_path: 
04-10 16:08:31 save_path: ./ckpt/CNN/single_source/[CWRU_0]To[CWRU_2]_0410-160831
04-10 16:08:31 Detect 4 classes: ['ball', 'inner', 'normal', 'outer']
04-10 16:08:31 using 1 / 1 gpus
04-10 16:08:33 Source set CWRU_0 number of samples 708.
04-10 16:08:33 Training set number of samples 183.
04-10 16:08:33 Validation set number of samples 144.
04-10 16:08:34 -----Epoch 1/30-----
04-10 16:08:34 current lr: [0.01]
04-10 16:08:34 Train-Loss Source Classifier: 1.3699
04-10 16:08:34 Train-Acc Source Data: 0.2891
04-10 16:08:35 Val-Acc Target Data: 0.2812
04-10 16:08:35 The best model epoch 1, val-acc 0.2812
04-10 16:08:35 -----Epoch 2/30-----
04-10 16:08:35 current lr: [0.01]
04-10 16:08:35 Train-Loss Source Classifier: 1.3107
04-10 16:08:35 Train-Acc Source Data: 0.1875
04-10 16:08:35 Val-Acc Target Data: 0.2812
04-10 16:08:35 The best model epoch 2, val-acc 0.2812
04-10 16:08:35 -----Epoch 3/30-----
04-10 16:08:35 current lr: [0.01]
04-10 16:08:35 Train-Loss Source Classifier: 1.2020
04-10 16:08:35 Train-Acc Source Data: 0.4688
