04-10 16:10:39 model_name: CNN
04-10 16:10:39 source: CWRU_0
04-10 16:10:39 target: CWRU_2
04-10 16:10:39 data_dir: ./datasets
04-10 16:10:39 train_mode: single_source
04-10 16:10:39 cuda_device: 0
04-10 16:10:39 save_dir: ./ckpt
04-10 16:10:39 max_epoch: 30
04-10 16:10:39 batch_size: 64
04-10 16:10:39 num_workers: 4
04-10 16:10:39 signal_size: 2048
04-10 16:10:39 random_state: 1
04-10 16:10:39 normlizetype: mean-std
04-10 16:10:39 opt: sgd
04-10 16:10:39 lr: 0.01
04-10 16:10:39 momentum: 0.9
04-10 16:10:39 betas: (0.9, 0.999)
04-10 16:10:39 weight_decay: 0.0005
04-10 16:10:39 lr_scheduler: stepLR
04-10 16:10:39 gamma: 0.2
04-10 16:10:39 steps: 10
04-10 16:10:39 tradeoff: ['exp', 'exp', 'exp']
04-10 16:10:39 dropout: 0.0
04-10 16:10:39 save: False
04-10 16:10:39 load_path: 
04-10 16:10:39 save_path: ./ckpt/CNN/single_source/[CWRU_0]To[CWRU_2]_0410-161039
04-10 16:10:39 Detect 4 classes: ['ball', 'inner', 'normal', 'outer']
04-10 16:10:39 using 1 / 1 gpus
04-10 16:10:41 Source set CWRU_0 number of samples 708.
04-10 16:10:41 Training set number of samples 56.
04-10 16:10:41 Validation set number of samples 144.
04-10 16:10:42 -----Epoch 1/30-----
04-10 16:10:42 current lr: [0.01]
04-10 16:10:42 Val-Acc Target Data: 0.2812
04-10 16:10:42 The best model epoch 1, val-acc 0.2812
04-10 16:10:42 -----Epoch 2/30-----
04-10 16:10:42 current lr: [0.01]
04-10 16:10:42 Val-Acc Target Data: 0.2812
04-10 16:10:42 The best model epoch 2, val-acc 0.2812
04-10 16:10:42 -----Epoch 3/30-----
04-10 16:10:42 current lr: [0.01]
04-10 16:10:43 Val-Acc Target Data: 0.2812
04-10 16:10:43 The best model epoch 3, val-acc 0.2812
04-10 16:10:43 -----Epoch 4/30-----
04-10 16:10:43 current lr: [0.01]
04-10 16:10:43 Val-Acc Target Data: 0.2812
04-10 16:10:43 The best model epoch 4, val-acc 0.2812
04-10 16:10:43 -----Epoch 5/30-----
04-10 16:10:43 current lr: [0.01]
04-10 16:10:43 Val-Acc Target Data: 0.2812
04-10 16:10:43 The best model epoch 5, val-acc 0.2812
04-10 16:10:43 -----Epoch 6/30-----
04-10 16:10:43 current lr: [0.01]
04-10 16:10:43 Val-Acc Target Data: 0.2812
04-10 16:10:43 The best model epoch 6, val-acc 0.2812
04-10 16:10:43 -----Epoch 7/30-----
04-10 16:10:43 current lr: [0.01]
04-10 16:10:44 Val-Acc Target Data: 0.2812
04-10 16:10:44 The best model epoch 7, val-acc 0.2812
04-10 16:10:44 -----Epoch 8/30-----
04-10 16:10:44 current lr: [0.01]
04-10 16:10:44 Val-Acc Target Data: 0.2812
04-10 16:10:44 The best model epoch 8, val-acc 0.2812
04-10 16:10:44 -----Epoch 9/30-----
04-10 16:10:44 current lr: [0.01]
04-10 16:10:44 Val-Acc Target Data: 0.2812
04-10 16:10:44 The best model epoch 9, val-acc 0.2812
04-10 16:10:44 -----Epoch 10/30-----
04-10 16:10:44 current lr: [0.01]
04-10 16:10:44 Val-Acc Target Data: 0.2812
04-10 16:10:45 The best model epoch 10, val-acc 0.2812
04-10 16:10:45 -----Epoch 11/30-----
04-10 16:10:45 current lr: [0.002]
04-10 16:10:45 Val-Acc Target Data: 0.2812
04-10 16:10:45 The best model epoch 11, val-acc 0.2812
04-10 16:10:45 -----Epoch 12/30-----
04-10 16:10:45 current lr: [0.002]
04-10 16:10:45 Val-Acc Target Data: 0.2812
04-10 16:10:45 The best model epoch 12, val-acc 0.2812
04-10 16:10:45 -----Epoch 13/30-----
04-10 16:10:45 current lr: [0.002]
04-10 16:10:45 Val-Acc Target Data: 0.2812
04-10 16:10:45 The best model epoch 13, val-acc 0.2812
04-10 16:10:45 -----Epoch 14/30-----
04-10 16:10:45 current lr: [0.002]
