04-10 16:40:06 model_name: CNN
04-10 16:40:06 source: JNU_0
04-10 16:40:06 target: JNU_2
04-10 16:40:06 data_dir: ./datasets
04-10 16:40:06 train_mode: single_source
04-10 16:40:06 cuda_device: 0
04-10 16:40:06 save_dir: ./ckpt
04-10 16:40:06 max_epoch: 30
04-10 16:40:06 batch_size: 64
04-10 16:40:06 num_workers: 4
04-10 16:40:06 signal_size: 2048
04-10 16:40:06 random_state: 1
04-10 16:40:06 normlizetype: mean-std
04-10 16:40:06 opt: sgd
04-10 16:40:06 lr: 0.01
04-10 16:40:06 momentum: 0.9
04-10 16:40:06 betas: (0.9, 0.999)
04-10 16:40:06 weight_decay: 0.0005
04-10 16:40:06 lr_scheduler: stepLR
04-10 16:40:06 gamma: 0.2
04-10 16:40:06 steps: 10
04-10 16:40:06 tradeoff: ['exp', 'exp', 'exp']
04-10 16:40:06 dropout: 0.0
04-10 16:40:06 save: False
04-10 16:40:06 load_path: 
04-10 16:40:06 save_path: ./ckpt/CNN/single_source/[JNU_0]To[JNU_2]_0410-164006
04-10 16:40:06 Detect 4 classes: ['ball', 'inner', 'normal', 'outer']
04-10 16:40:06 using 1 / 1 gpus
04-10 16:40:16 Source set JNU_0 number of samples 976.
