04-10 16:18:39 model_name: CNN
04-10 16:18:39 source: JNU_0
04-10 16:18:39 target: JNU_2
04-10 16:18:39 data_dir: ./datasets
04-10 16:18:39 train_mode: single_source
04-10 16:18:39 cuda_device: 0
04-10 16:18:39 save_dir: ./ckpt
04-10 16:18:39 max_epoch: 30
04-10 16:18:39 batch_size: 64
04-10 16:18:39 num_workers: 4
04-10 16:18:39 signal_size: 2048
04-10 16:18:39 random_state: 1
04-10 16:18:39 normlizetype: mean-std
04-10 16:18:39 opt: sgd
04-10 16:18:39 lr: 0.01
04-10 16:18:39 momentum: 0.9
04-10 16:18:39 betas: (0.9, 0.999)
04-10 16:18:39 weight_decay: 0.0005
04-10 16:18:39 lr_scheduler: stepLR
04-10 16:18:39 gamma: 0.2
04-10 16:18:39 steps: 10
04-10 16:18:39 tradeoff: ['exp', 'exp', 'exp']
04-10 16:18:39 dropout: 0.0
04-10 16:18:39 save: False
04-10 16:18:39 load_path: 
04-10 16:18:39 save_path: ./ckpt/CNN/single_source/[JNU_0]To[JNU_2]_0410-161839
04-10 16:18:39 Detect 4 classes: ['ball', 'inner', 'normal', 'outer']
04-10 16:18:39 using 1 / 1 gpus
