04-10 08:17:56 method: base
04-10 08:17:56 model_name: cnn_features_1d
04-10 08:17:56 data_name: CWRU
04-10 08:17:56 data_dir: /home/workspace/UDA_Bearing_Fault_Diagnosis/Data/CWRU/
04-10 08:17:56 transfer_task: [[1], [0]]
04-10 08:17:56 normlizetype: mean-std
04-10 08:17:56 cuda_device: 0
04-10 08:17:56 checkpoint_dir: ./checkpoint
04-10 08:17:56 pretrained: False
04-10 08:17:56 batch_size: 64
04-10 08:17:56 num_workers: 0
04-10 08:17:56 bottleneck: True
04-10 08:17:56 bottleneck_num: 256
04-10 08:17:56 last_batch: False
04-10 08:17:56 distance_metric: False
04-10 08:17:56 distance_loss: MK-MMD
04-10 08:17:56 trade_off_distance: Step
04-10 08:17:56 lam_distance: 1
04-10 08:17:56 domain_adversarial: False
04-10 08:17:56 adversarial_loss: CDA+E
04-10 08:17:56 hidden_size: 1024
04-10 08:17:56 trade_off_adversarial: Step
04-10 08:17:56 lam_adversarial: 1
04-10 08:17:56 opt: adam
04-10 08:17:56 lr: 0.001
04-10 08:17:56 momentum: 0.9
04-10 08:17:56 weight_decay: 1e-05
04-10 08:17:56 lr_scheduler: step
04-10 08:17:56 gamma: 0.1
04-10 08:17:56 steps: 150, 250
04-10 08:17:56 middle_epoch: 50
04-10 08:17:56 max_epoch: 300
04-10 08:17:56 print_step: 50
04-10 08:17:56 using 1 gpus
