04-10 07:35:59 method: base
04-10 07:35:59 model_name: cnn_features_1d
04-10 07:35:59 data_name: multi_CWRU
04-10 07:35:59 data_dir: /home/workspace/UDA_Bearing_Fault_Diagnosis/Data/CWRU/
04-10 07:35:59 transfer_task: [[1], [0]]
04-10 07:35:59 normlizetype: mean-std
04-10 07:35:59 cuda_device: 0
04-10 07:35:59 checkpoint_dir: ./checkpoint
04-10 07:35:59 pretrained: False
04-10 07:35:59 batch_size: 64
04-10 07:35:59 num_workers: 0
04-10 07:35:59 bottleneck: True
04-10 07:35:59 bottleneck_num: 256
04-10 07:35:59 last_batch: False
04-10 07:35:59 distance_metric: False
04-10 07:35:59 distance_loss: MK-MMD
04-10 07:35:59 trade_off_distance: Step
04-10 07:35:59 lam_distance: 1
04-10 07:35:59 domain_adversarial: True
04-10 07:35:59 adversarial_loss: CDA+E
04-10 07:35:59 hidden_size: 1024
04-10 07:35:59 trade_off_adversarial: Step
04-10 07:35:59 lam_adversarial: 1
04-10 07:35:59 opt: adam
04-10 07:35:59 lr: 0.001
04-10 07:35:59 momentum: 0.9
04-10 07:35:59 weight_decay: 1e-05
04-10 07:35:59 lr_scheduler: step
04-10 07:35:59 gamma: 0.1
04-10 07:35:59 steps: 150, 250
04-10 07:35:59 middle_epoch: 50
04-10 07:35:59 max_epoch: 300
04-10 07:35:59 print_step: 50
04-10 07:35:59 using 1 gpus
