04-10 07:42:16 method: base
04-10 07:42:16 model_name: cnn_features_1d
04-10 07:42:16 data_name: CWRU
04-10 07:42:16 data_dir: /home/workspace/UDA_Bearing_Fault_Diagnosis/Data/CWRU/
04-10 07:42:16 transfer_task: [[1], [0]]
04-10 07:42:16 normlizetype: mean-std
04-10 07:42:16 cuda_device: 0
04-10 07:42:16 checkpoint_dir: ./checkpoint
04-10 07:42:16 pretrained: False
04-10 07:42:16 batch_size: 64
04-10 07:42:16 num_workers: 0
04-10 07:42:16 bottleneck: True
04-10 07:42:16 bottleneck_num: 256
04-10 07:42:16 last_batch: False
04-10 07:42:16 distance_metric: False
04-10 07:42:16 distance_loss: MK-MMD
04-10 07:42:16 trade_off_distance: Step
04-10 07:42:16 lam_distance: 1
04-10 07:42:16 domain_adversarial: False
04-10 07:42:16 adversarial_loss: CDA+E
04-10 07:42:16 hidden_size: 1024
04-10 07:42:16 trade_off_adversarial: Step
04-10 07:42:16 lam_adversarial: 1
04-10 07:42:16 opt: adam
04-10 07:42:16 lr: 0.001
04-10 07:42:16 momentum: 0.9
04-10 07:42:16 weight_decay: 1e-05
04-10 07:42:16 lr_scheduler: step
04-10 07:42:16 gamma: 0.1
04-10 07:42:16 steps: 150, 250
04-10 07:42:16 middle_epoch: 50
04-10 07:42:16 max_epoch: 300
04-10 07:42:16 print_step: 50
04-10 07:42:16 using 1 gpus
