04-10 07:42:44 method: base
04-10 07:42:44 model_name: cnn_features_1d
04-10 07:42:44 data_name: CWRU
04-10 07:42:44 data_dir: /home/workspace/UDA_Bearing_Fault_Diagnosis/Data/CWRU/
04-10 07:42:44 transfer_task: [[1], [0]]
04-10 07:42:44 normlizetype: mean-std
04-10 07:42:44 cuda_device: 0
04-10 07:42:44 checkpoint_dir: ./checkpoint
04-10 07:42:44 pretrained: False
04-10 07:42:44 batch_size: 64
04-10 07:42:44 num_workers: 0
04-10 07:42:44 bottleneck: True
04-10 07:42:44 bottleneck_num: 256
04-10 07:42:44 last_batch: False
04-10 07:42:44 distance_metric: False
04-10 07:42:44 distance_loss: MK-MMD
04-10 07:42:44 trade_off_distance: Step
04-10 07:42:44 lam_distance: 1
04-10 07:42:44 domain_adversarial: False
04-10 07:42:44 adversarial_loss: CDA+E
04-10 07:42:44 hidden_size: 1024
04-10 07:42:44 trade_off_adversarial: Step
04-10 07:42:44 lam_adversarial: 1
04-10 07:42:44 opt: adam
04-10 07:42:44 lr: 0.001
04-10 07:42:44 momentum: 0.9
04-10 07:42:44 weight_decay: 1e-05
04-10 07:42:44 lr_scheduler: step
04-10 07:42:44 gamma: 0.1
04-10 07:42:44 steps: 150, 250
04-10 07:42:44 middle_epoch: 50
04-10 07:42:44 max_epoch: 300
04-10 07:42:44 print_step: 50
04-10 07:42:44 using 1 gpus
