04-16 05:36:59 imba: True
04-16 05:36:59 model_name: DANN
04-16 05:36:59 Domain: exp
04-16 05:36:59 source: JNU_0
04-16 05:36:59 target: JNU_1
04-16 05:36:59 data_dir: /home/workspace/UDA_Bearing_Fault_Diagnosis/datasets
04-16 05:36:59 train_mode: single_source
04-16 05:36:59 cuda_device: 0
04-16 05:36:59 save_dir: ./ckpt/DANN/single_source
04-16 05:36:59 max_epoch: 100
04-16 05:36:59 batch_size: 64
04-16 05:36:59 num_workers: 0
04-16 05:36:59 signal_size: 2048
04-16 05:36:59 random_state: 75
04-16 05:36:59 normlizetype: mean-std
04-16 05:36:59 opt: sgd
04-16 05:36:59 lr: 0.001
04-16 05:36:59 momentum: 0.9
04-16 05:36:59 betas: (0.9, 0.999)
04-16 05:36:59 weight_decay: 0.0005
04-16 05:36:59 lr_scheduler: stepLR
04-16 05:36:59 gamma: 0.2
04-16 05:36:59 steps: 10
04-16 05:36:59 tradeoff: ['exp', 'exp', 'exp']
04-16 05:36:59 dropout: 0.0
04-16 05:36:59 save: False
04-16 05:36:59 load_path: 
04-16 05:36:59 tsne: True
04-16 05:36:59 save_path: ./ckpt/DANN/single_source/[JNU_0]To[JNU_1]_0416-053659
04-16 05:36:59 Detect 4 classes: ['1normal', 'ball', 'inner', 'outer']
04-16 05:37:01 using 1 / 1 gpus
