04-16 05:16:33 imba: True
04-16 05:16:33 model_name: DANN
04-16 05:16:33 Domain: exp
04-16 05:16:33 source: JNU_0
04-16 05:16:33 target: JNU_1
04-16 05:16:33 data_dir: /home/workspace/UDA_Bearing_Fault_Diagnosis/datasets
04-16 05:16:33 train_mode: single_source
04-16 05:16:33 cuda_device: 0
04-16 05:16:33 save_dir: ./ckpt/DANN/single_source
04-16 05:16:33 max_epoch: 100
04-16 05:16:33 batch_size: 64
04-16 05:16:33 num_workers: 0
04-16 05:16:33 signal_size: 2048
04-16 05:16:33 random_state: 75
04-16 05:16:33 normlizetype: mean-std
04-16 05:16:33 opt: sgd
04-16 05:16:33 lr: 0.001
04-16 05:16:33 momentum: 0.9
04-16 05:16:33 betas: (0.9, 0.999)
04-16 05:16:33 weight_decay: 0.0005
04-16 05:16:33 lr_scheduler: stepLR
04-16 05:16:33 gamma: 0.2
04-16 05:16:33 steps: 10
04-16 05:16:33 tradeoff: ['exp', 'exp', 'exp']
04-16 05:16:33 dropout: 0.0
04-16 05:16:33 save: False
04-16 05:16:33 load_path: 
04-16 05:16:33 tsne: True
04-16 05:16:33 save_path: ./ckpt/DANN/single_source/[JNU_0]To[JNU_1]_0416-051633
04-16 05:16:33 Detect 4 classes: ['1normal', 'ball', 'inner', 'outer']
04-16 05:16:34 using 1 / 1 gpus
04-16 05:16:44 Source set JNU_0 number of samples 976.
04-16 05:16:52 target training set number of samples 125.
04-16 05:16:52 target validation set number of samples 488.
04-16 05:16:52 -----Epoch 1/100-----
04-16 05:16:52 current lr: [0.001, 0.001]
04-16 05:16:52 Train-Loss Source Classifier: 1.4384
04-16 05:16:52 Train-Loss Discriminator: 0.6943
04-16 05:16:52 Train-Acc Source Data: 0.1719
04-16 05:16:52 Train-Acc Discriminator: 50.0000
04-16 05:16:52 Val-Acc Target Data: 0.2383
04-16 05:16:52 The best model epoch 1, val-acc 0.2383
