04-10 07:38:04 method: multiDA
04-10 07:38:04 model_name: cnn_features_1d
04-10 07:38:04 data_name: multi_CWRU
04-10 07:38:04 data_dir: /home/workspace/UDA_Bearing_Fault_Diagnosis/Data/CWRU/
04-10 07:38:04 transfer_task: [[1], [0]]
04-10 07:38:04 normlizetype: mean-std
04-10 07:38:04 cuda_device: 0
04-10 07:38:04 checkpoint_dir: ./checkpoint
04-10 07:38:04 pretrained: False
04-10 07:38:04 batch_size: 64
04-10 07:38:04 num_workers: 0
04-10 07:38:04 bottleneck: True
04-10 07:38:04 bottleneck_num: 256
04-10 07:38:04 last_batch: False
04-10 07:38:04 distance_metric: False
04-10 07:38:04 distance_loss: MK-MMD
04-10 07:38:04 trade_off_distance: Step
04-10 07:38:04 lam_distance: 1
04-10 07:38:04 domain_adversarial: True
04-10 07:38:04 adversarial_loss: CDA+E
04-10 07:38:04 hidden_size: 1024
04-10 07:38:04 trade_off_adversarial: Step
04-10 07:38:04 lam_adversarial: 1
04-10 07:38:04 opt: adam
04-10 07:38:04 lr: 0.001
04-10 07:38:04 momentum: 0.9
04-10 07:38:04 weight_decay: 1e-05
04-10 07:38:04 lr_scheduler: step
04-10 07:38:04 gamma: 0.1
04-10 07:38:04 steps: 150, 250
04-10 07:38:04 middle_epoch: 50
04-10 07:38:04 max_epoch: 300
04-10 07:38:04 print_step: 50
04-10 07:38:04 using 1 gpus
