04-10 08:22:39 method: multiDA
04-10 08:22:39 model_name: cnn_features_1d
04-10 08:22:39 data_name: JNU
04-10 08:22:39 data_dir: /home/workspace/UDA_Bearing_Fault_Diagnosis/Data/CWRU/
04-10 08:22:39 transfer_task: [[1, 2], [0]]
04-10 08:22:39 normlizetype: mean-std
04-10 08:22:39 adabn: False
04-10 08:22:39 eval_all: False
04-10 08:22:39 adabn_epochs: 3
04-10 08:22:39 cuda_device: 0
04-10 08:22:39 checkpoint_dir: ./checkpoint
04-10 08:22:39 pretrained: False
04-10 08:22:39 batch_size: 64
04-10 08:22:39 num_workers: 0
04-10 08:22:39 bottleneck: True
04-10 08:22:39 bottleneck_num: 256
04-10 08:22:39 last_batch: False
04-10 08:22:39 distance_metric: False
04-10 08:22:39 distance_loss: MK-MMD
04-10 08:22:39 trade_off_distance: Step
04-10 08:22:39 lam_distance: 1
04-10 08:22:39 domain_adversarial: False
04-10 08:22:39 adversarial_loss: CDA+E
04-10 08:22:39 hidden_size: 1024
04-10 08:22:39 trade_off_adversarial: Step
04-10 08:22:39 lam_adversarial: 1
04-10 08:22:39 opt: adam
04-10 08:22:39 lr: 0.001
04-10 08:22:39 momentum: 0.9
04-10 08:22:39 weight_decay: 1e-05
04-10 08:22:39 lr_scheduler: step
04-10 08:22:39 gamma: 0.1
04-10 08:22:39 steps: 150, 250
04-10 08:22:39 middle_epoch: 50
04-10 08:22:39 max_epoch: 300
04-10 08:22:39 print_step: 50
04-10 08:22:39 using 1 gpus
