04-10 08:20:21 method: DG
04-10 08:20:21 model_name: cnn_features_1d
04-10 08:20:21 data_name: CWRU
04-10 08:20:21 data_dir: /home/workspace/UDA_Bearing_Fault_Diagnosis/Data/CWRU/
04-10 08:20:21 transfer_task: [[1, 2], [0]]
04-10 08:20:21 normlizetype: mean-std
04-10 08:20:21 adabn: False
04-10 08:20:21 eval_all: False
04-10 08:20:21 adabn_epochs: 3
04-10 08:20:21 cuda_device: 0
04-10 08:20:21 checkpoint_dir: ./checkpoint
04-10 08:20:21 pretrained: False
04-10 08:20:21 batch_size: 64
04-10 08:20:21 num_workers: 0
04-10 08:20:21 bottleneck: True
04-10 08:20:21 bottleneck_num: 256
04-10 08:20:21 last_batch: False
04-10 08:20:21 distance_metric: False
04-10 08:20:21 distance_loss: MK-MMD
04-10 08:20:21 trade_off_distance: Step
04-10 08:20:21 lam_distance: 1
04-10 08:20:21 domain_adversarial: False
04-10 08:20:21 adversarial_loss: CDA+E
04-10 08:20:21 hidden_size: 1024
04-10 08:20:21 trade_off_adversarial: Step
04-10 08:20:21 lam_adversarial: 1
04-10 08:20:21 opt: adam
04-10 08:20:21 lr: 0.001
04-10 08:20:21 momentum: 0.9
04-10 08:20:21 weight_decay: 1e-05
04-10 08:20:21 lr_scheduler: step
04-10 08:20:21 gamma: 0.1
04-10 08:20:21 steps: 150, 250
04-10 08:20:21 middle_epoch: 50
04-10 08:20:21 max_epoch: 300
04-10 08:20:21 print_step: 50
04-10 08:20:21 using 1 gpus
04-10 08:20:24 -----Epoch 0/299-----
04-10 08:20:24 current lr: [0.001, 0.001, 0.001]
04-10 08:20:24 Epoch: 0 [0/2462], Train Loss: 2.3992 Train Acc: 0.0625,887.2 examples/sec 0.07 sec/batch
04-10 08:20:25 Epoch: 0 source_train-Loss: 1.5927 source_train-Acc: 0.4147, Cost 0.3 sec
04-10 08:20:25 Epoch: 0 source_val-Loss: 1.0312 source_val-Acc: 0.6867, Cost 0.0 sec
04-10 08:20:25 Epoch: 0 target_val-Loss: 1.2506 target_val-Acc: 0.6552, Cost 0.0 sec
04-10 08:20:25 -----Epoch 1/299-----
04-10 08:20:25 current lr: [0.001, 0.001, 0.001]
04-10 08:20:25 Epoch: 1 [704/2462], Train Loss: 1.4524 Train Acc: 0.4624,9898.6 examples/sec 0.01 sec/batch
04-10 08:20:25 Epoch: 1 source_train-Loss: 0.8233 source_train-Acc: 0.6860, Cost 0.2 sec
04-10 08:20:25 Epoch: 1 source_val-Loss: 0.3226 source_val-Acc: 0.9107, Cost 0.0 sec
04-10 08:20:25 Epoch: 1 target_val-Loss: 0.4853 target_val-Acc: 0.8008, Cost 0.0 sec
04-10 08:20:25 -----Epoch 2/299-----
04-10 08:20:25 current lr: [0.001, 0.001, 0.001]
04-10 08:20:25 Epoch: 2 [1408/2462], Train Loss: 0.5733 Train Acc: 0.7893,10459.1 examples/sec 0.01 sec/batch
04-10 08:20:25 Epoch: 2 source_train-Loss: 0.3794 source_train-Acc: 0.8635, Cost 0.2 sec
04-10 08:20:25 Epoch: 2 source_val-Loss: 0.1317 source_val-Acc: 0.9740, Cost 0.0 sec
04-10 08:20:25 Epoch: 2 target_val-Loss: 0.2460 target_val-Acc: 0.9157, Cost 0.0 sec
04-10 08:20:25 -----Epoch 3/299-----
04-10 08:20:25 current lr: [0.001, 0.001, 0.001]
04-10 08:20:25 Epoch: 3 [2112/2462], Train Loss: 0.2741 Train Acc: 0.8964,10092.0 examples/sec 0.01 sec/batch
04-10 08:20:25 Epoch: 3 source_train-Loss: 0.2449 source_train-Acc: 0.9082, Cost 0.2 sec
04-10 08:20:25 Epoch: 3 source_val-Loss: 0.0696 source_val-Acc: 0.9838, Cost 0.0 sec
04-10 08:20:25 Epoch: 3 target_val-Loss: 0.1469 target_val-Acc: 0.9617, Cost 0.0 sec
04-10 08:20:25 -----Epoch 4/299-----
04-10 08:20:25 current lr: [0.001, 0.001, 0.001]
04-10 08:20:26 Epoch: 4 source_train-Loss: 0.1448 source_train-Acc: 0.9488, Cost 0.2 sec
04-10 08:20:26 Epoch: 4 source_val-Loss: 0.0896 source_val-Acc: 0.9692, Cost 0.0 sec
04-10 08:20:26 Epoch: 4 target_val-Loss: 0.1829 target_val-Acc: 0.9272, Cost 0.0 sec
04-10 08:20:26 -----Epoch 5/299-----
04-10 08:20:26 current lr: [0.001, 0.001, 0.001]
04-10 08:20:26 Epoch: 5 [320/2462], Train Loss: 0.1411 Train Acc: 0.9511,9257.0 examples/sec 0.01 sec/batch
04-10 08:20:26 Epoch: 5 source_train-Loss: 0.0925 source_train-Acc: 0.9703, Cost 0.2 sec
04-10 08:20:26 Epoch: 5 source_val-Loss: 0.0580 source_val-Acc: 0.9773, Cost 0.0 sec
04-10 08:20:26 Epoch: 5 target_val-Loss: 0.0744 target_val-Acc: 0.9732, Cost 0.0 sec
04-10 08:20:26 -----Epoch 6/299-----
04-10 08:20:26 current lr: [0.001, 0.001, 0.001]
04-10 08:20:26 Epoch: 6 [1024/2462], Train Loss: 0.0912 Train Acc: 0.9675,9676.5 examples/sec 0.01 sec/batch
04-10 08:20:26 Epoch: 6 source_train-Loss: 0.0817 source_train-Acc: 0.9691, Cost 0.2 sec
04-10 08:20:26 Epoch: 6 source_val-Loss: 0.0423 source_val-Acc: 0.9838, Cost 0.0 sec
04-10 08:20:26 Epoch: 6 target_val-Loss: 0.0687 target_val-Acc: 0.9732, Cost 0.0 sec
04-10 08:20:26 -----Epoch 7/299-----
04-10 08:20:26 current lr: [0.001, 0.001, 0.001]
04-10 08:20:26 Epoch: 7 [1728/2462], Train Loss: 0.0607 Train Acc: 0.9795,10400.9 examples/sec 0.01 sec/batch
04-10 08:20:26 Epoch: 7 source_train-Loss: 0.0495 source_train-Acc: 0.9838, Cost 0.2 sec
04-10 08:20:26 Epoch: 7 source_val-Loss: 0.0268 source_val-Acc: 0.9919, Cost 0.0 sec
04-10 08:20:26 Epoch: 7 target_val-Loss: 0.1465 target_val-Acc: 0.9464, Cost 0.0 sec
04-10 08:20:26 -----Epoch 8/299-----
04-10 08:20:26 current lr: [0.001, 0.001, 0.001]
04-10 08:20:27 Epoch: 8 [1140/2462], Train Loss: 0.0501 Train Acc: 0.9821,10045.2 examples/sec 0.01 sec/batch
04-10 08:20:27 Epoch: 8 source_train-Loss: 0.0496 source_train-Acc: 0.9825, Cost 0.2 sec
04-10 08:20:27 Epoch: 8 source_val-Loss: 0.0102 source_val-Acc: 0.9984, Cost 0.0 sec
04-10 08:20:27 Epoch: 8 target_val-Loss: 0.2647 target_val-Acc: 0.9004, Cost 0.0 sec
04-10 08:20:27 -----Epoch 9/299-----
04-10 08:20:27 current lr: [0.001, 0.001, 0.001]
04-10 08:20:27 Epoch: 9 source_train-Loss: 0.0689 source_train-Acc: 0.9736, Cost 0.2 sec
04-10 08:20:27 Epoch: 9 source_val-Loss: 0.0403 source_val-Acc: 0.9854, Cost 0.0 sec
04-10 08:20:27 Epoch: 9 target_val-Loss: 0.0503 target_val-Acc: 0.9847, Cost 0.0 sec
04-10 08:20:27 -----Epoch 10/299-----
04-10 08:20:27 current lr: [0.001, 0.001, 0.001]
04-10 08:20:27 Epoch: 10 [640/2462], Train Loss: 0.0677 Train Acc: 0.9747,9259.9 examples/sec 0.01 sec/batch
04-10 08:20:27 Epoch: 10 source_train-Loss: 0.0416 source_train-Acc: 0.9866, Cost 0.2 sec
04-10 08:20:27 Epoch: 10 source_val-Loss: 0.0123 source_val-Acc: 0.9935, Cost 0.0 sec
04-10 08:20:27 Epoch: 10 target_val-Loss: 0.0268 target_val-Acc: 0.9847, Cost 0.0 sec
04-10 08:20:27 -----Epoch 11/299-----
04-10 08:20:27 current lr: [0.001, 0.001, 0.001]
04-10 08:20:27 Epoch: 11 [1344/2462], Train Loss: 0.0295 Train Acc: 0.9905,10387.7 examples/sec 0.01 sec/batch
04-10 08:20:27 Epoch: 11 source_train-Loss: 0.0342 source_train-Acc: 0.9886, Cost 0.2 sec
04-10 08:20:27 Epoch: 11 source_val-Loss: 0.0201 source_val-Acc: 0.9968, Cost 0.0 sec
04-10 08:20:27 Epoch: 11 target_val-Loss: 0.2865 target_val-Acc: 0.8966, Cost 0.0 sec
04-10 08:20:27 -----Epoch 12/299-----
04-10 08:20:27 current lr: [0.001, 0.001, 0.001]
04-10 08:20:28 Epoch: 12 [2048/2462], Train Loss: 0.0451 Train Acc: 0.9852,10347.3 examples/sec 0.01 sec/batch
04-10 08:20:28 Epoch: 12 source_train-Loss: 0.0420 source_train-Acc: 0.9866, Cost 0.2 sec
04-10 08:20:28 Epoch: 12 source_val-Loss: 0.0281 source_val-Acc: 0.9935, Cost 0.0 sec
04-10 08:20:28 Epoch: 12 target_val-Loss: 0.0691 target_val-Acc: 0.9770, Cost 0.0 sec
04-10 08:20:28 -----Epoch 13/299-----
04-10 08:20:28 current lr: [0.001, 0.001, 0.001]
04-10 08:20:28 Epoch: 13 source_train-Loss: 0.0358 source_train-Acc: 0.9878, Cost 0.2 sec
04-10 08:20:28 Epoch: 13 source_val-Loss: 0.0089 source_val-Acc: 0.9984, Cost 0.0 sec
04-10 08:20:28 Epoch: 13 target_val-Loss: 0.1091 target_val-Acc: 0.9617, Cost 0.0 sec
04-10 08:20:28 -----Epoch 14/299-----
04-10 08:20:28 current lr: [0.001, 0.001, 0.001]
04-10 08:20:28 Epoch: 14 [256/2462], Train Loss: 0.0343 Train Acc: 0.9891,8980.7 examples/sec 0.01 sec/batch
04-10 08:20:28 Epoch: 14 source_train-Loss: 0.0155 source_train-Acc: 0.9951, Cost 0.2 sec
04-10 08:20:28 Epoch: 14 source_val-Loss: 0.0017 source_val-Acc: 1.0000, Cost 0.0 sec
04-10 08:20:28 Epoch: 14 target_val-Loss: 0.0362 target_val-Acc: 0.9847, Cost 0.0 sec
04-10 08:20:28 -----Epoch 15/299-----
04-10 08:20:28 current lr: [0.001, 0.001, 0.001]
04-10 08:20:28 Epoch: 15 [960/2462], Train Loss: 0.0181 Train Acc: 0.9931,10134.8 examples/sec 0.01 sec/batch
04-10 08:20:28 Epoch: 15 source_train-Loss: 0.0321 source_train-Acc: 0.9890, Cost 0.2 sec
04-10 08:20:28 Epoch: 15 source_val-Loss: 0.0179 source_val-Acc: 0.9919, Cost 0.0 sec
04-10 08:20:28 Epoch: 15 target_val-Loss: 0.1920 target_val-Acc: 0.9425, Cost 0.0 sec
04-10 08:20:28 -----Epoch 16/299-----
04-10 08:20:28 current lr: [0.001, 0.001, 0.001]
04-10 08:20:29 Epoch: 16 [1664/2462], Train Loss: 0.0291 Train Acc: 0.9912,10372.1 examples/sec 0.01 sec/batch
04-10 08:20:29 Epoch: 16 source_train-Loss: 0.0225 source_train-Acc: 0.9935, Cost 0.2 sec
04-10 08:20:29 Epoch: 16 source_val-Loss: 0.0044 source_val-Acc: 0.9984, Cost 0.0 sec
04-10 08:20:29 Epoch: 16 target_val-Loss: 0.0582 target_val-Acc: 0.9770, Cost 0.0 sec
04-10 08:20:29 -----Epoch 17/299-----
04-10 08:20:29 current lr: [0.001, 0.001, 0.001]
04-10 08:20:29 Epoch: 17 [2368/2462], Train Loss: 0.0087 Train Acc: 0.9978,9957.0 examples/sec 0.01 sec/batch
04-10 08:20:29 Epoch: 17 source_train-Loss: 0.0059 source_train-Acc: 0.9984, Cost 0.2 sec
04-10 08:20:29 Epoch: 17 source_val-Loss: 0.0006 source_val-Acc: 1.0000, Cost 0.0 sec
04-10 08:20:29 Epoch: 17 target_val-Loss: 0.0248 target_val-Acc: 0.9885, Cost 0.0 sec
04-10 08:20:29 -----Epoch 18/299-----
04-10 08:20:29 current lr: [0.001, 0.001, 0.001]
04-10 08:20:29 Epoch: 18 source_train-Loss: 0.0053 source_train-Acc: 0.9988, Cost 0.2 sec
04-10 08:20:29 Epoch: 18 source_val-Loss: 0.0002 source_val-Acc: 1.0000, Cost 0.0 sec
04-10 08:20:29 Epoch: 18 target_val-Loss: 0.0488 target_val-Acc: 0.9847, Cost 0.0 sec
04-10 08:20:29 -----Epoch 19/299-----
04-10 08:20:29 current lr: [0.001, 0.001, 0.001]
04-10 08:20:29 Epoch: 19 [576/2462], Train Loss: 0.0062 Train Acc: 0.9987,9091.2 examples/sec 0.01 sec/batch
04-10 08:20:29 Epoch: 19 source_train-Loss: 0.0117 source_train-Acc: 0.9963, Cost 0.2 sec
04-10 08:20:29 Epoch: 19 source_val-Loss: 0.0071 source_val-Acc: 0.9968, Cost 0.0 sec
04-10 08:20:29 Epoch: 19 target_val-Loss: 0.0049 target_val-Acc: 1.0000, Cost 0.0 sec
04-10 08:20:29 -----Epoch 20/299-----
04-10 08:20:29 current lr: [0.001, 0.001, 0.001]
04-10 08:20:30 Epoch: 20 [1280/2462], Train Loss: 0.0102 Train Acc: 0.9965,10148.7 examples/sec 0.01 sec/batch
04-10 08:20:30 Epoch: 20 source_train-Loss: 0.0079 source_train-Acc: 0.9984, Cost 0.2 sec
04-10 08:20:30 Epoch: 20 source_val-Loss: 0.0012 source_val-Acc: 1.0000, Cost 0.0 sec
04-10 08:20:30 Epoch: 20 target_val-Loss: 0.0093 target_val-Acc: 0.9962, Cost 0.0 sec
04-10 08:20:30 -----Epoch 21/299-----
04-10 08:20:30 current lr: [0.001, 0.001, 0.001]
04-10 08:20:30 Epoch: 21 [1984/2462], Train Loss: 0.0107 Train Acc: 0.9975,10221.1 examples/sec 0.01 sec/batch
04-10 08:20:30 Epoch: 21 source_train-Loss: 0.0116 source_train-Acc: 0.9963, Cost 0.2 sec
04-10 08:20:30 Epoch: 21 source_val-Loss: 0.0003 source_val-Acc: 1.0000, Cost 0.0 sec
04-10 08:20:30 Epoch: 21 target_val-Loss: 0.0003 target_val-Acc: 1.0000, Cost 0.0 sec
04-10 08:20:30 -----Epoch 22/299-----
04-10 08:20:30 current lr: [0.001, 0.001, 0.001]
04-10 08:20:30 Epoch: 22 source_train-Loss: 0.0122 source_train-Acc: 0.9968, Cost 0.2 sec
04-10 08:20:30 Epoch: 22 source_val-Loss: 0.0005 source_val-Acc: 1.0000, Cost 0.0 sec
04-10 08:20:30 Epoch: 22 target_val-Loss: 0.0056 target_val-Acc: 0.9962, Cost 0.0 sec
04-10 08:20:30 -----Epoch 23/299-----
04-10 08:20:30 current lr: [0.001, 0.001, 0.001]
04-10 08:20:30 Epoch: 23 [192/2462], Train Loss: 0.0115 Train Acc: 0.9968,9203.4 examples/sec 0.01 sec/batch
