04-10 07:36:34 method: DG
04-10 07:36:34 model_name: cnn_features_1d
04-10 07:36:34 data_name: multi_CWRU
04-10 07:36:34 data_dir: /home/workspace/UDA_Bearing_Fault_Diagnosis/Data/CWRU/
04-10 07:36:34 transfer_task: [[1], [0]]
04-10 07:36:34 normlizetype: mean-std
04-10 07:36:34 cuda_device: 0
04-10 07:36:34 checkpoint_dir: ./checkpoint
04-10 07:36:34 pretrained: False
04-10 07:36:34 batch_size: 64
04-10 07:36:34 num_workers: 0
04-10 07:36:34 bottleneck: True
04-10 07:36:34 bottleneck_num: 256
04-10 07:36:34 last_batch: False
04-10 07:36:34 distance_metric: False
04-10 07:36:34 distance_loss: MK-MMD
04-10 07:36:34 trade_off_distance: Step
04-10 07:36:34 lam_distance: 1
04-10 07:36:34 domain_adversarial: True
04-10 07:36:34 adversarial_loss: CDA+E
04-10 07:36:34 hidden_size: 1024
04-10 07:36:34 trade_off_adversarial: Step
04-10 07:36:34 lam_adversarial: 1
04-10 07:36:34 opt: adam
04-10 07:36:34 lr: 0.001
04-10 07:36:34 momentum: 0.9
04-10 07:36:34 weight_decay: 1e-05
04-10 07:36:34 lr_scheduler: step
04-10 07:36:34 gamma: 0.1
04-10 07:36:34 steps: 150, 250
04-10 07:36:34 middle_epoch: 50
04-10 07:36:34 max_epoch: 300
04-10 07:36:34 print_step: 50
04-10 07:36:34 using 1 gpus
