04-10 07:36:02 method: base
04-10 07:36:02 model_name: cnn_features_1d
04-10 07:36:02 data_name: multi_CWRU
04-10 07:36:02 data_dir: /home/workspace/UDA_Bearing_Fault_Diagnosis/Data/CWRU/
04-10 07:36:02 transfer_task: [[1], [0]]
04-10 07:36:02 normlizetype: mean-std
04-10 07:36:02 cuda_device: 0
04-10 07:36:02 checkpoint_dir: ./checkpoint
04-10 07:36:02 pretrained: False
04-10 07:36:02 batch_size: 64
04-10 07:36:02 num_workers: 0
04-10 07:36:02 bottleneck: True
04-10 07:36:02 bottleneck_num: 256
04-10 07:36:02 last_batch: False
04-10 07:36:02 distance_metric: False
04-10 07:36:02 distance_loss: MK-MMD
04-10 07:36:02 trade_off_distance: Step
04-10 07:36:02 lam_distance: 1
04-10 07:36:02 domain_adversarial: True
04-10 07:36:02 adversarial_loss: CDA+E
04-10 07:36:02 hidden_size: 1024
04-10 07:36:02 trade_off_adversarial: Step
04-10 07:36:02 lam_adversarial: 1
04-10 07:36:02 opt: adam
04-10 07:36:02 lr: 0.001
04-10 07:36:02 momentum: 0.9
04-10 07:36:02 weight_decay: 1e-05
04-10 07:36:02 lr_scheduler: step
04-10 07:36:02 gamma: 0.1
04-10 07:36:02 steps: 150, 250
04-10 07:36:02 middle_epoch: 50
04-10 07:36:02 max_epoch: 300
04-10 07:36:02 print_step: 50
04-10 07:36:02 using 1 gpus
