04-10 07:30:52 method: multiDA
04-10 07:30:52 model_name: cnn_features_1d
04-10 07:30:52 data_name: multi_CWRU
04-10 07:30:52 data_dir: /home/workspace/UDA_Bearing_Fault_Diagnosis/Data/CWRU/
04-10 07:30:52 transfer_task: [[1, 2], [0]]
04-10 07:30:52 normlizetype: mean-std
04-10 07:30:52 cuda_device: 0
04-10 07:30:52 checkpoint_dir: ./checkpoint
04-10 07:30:52 pretrained: False
04-10 07:30:52 batch_size: 64
04-10 07:30:52 num_workers: 0
04-10 07:30:52 bottleneck: True
04-10 07:30:52 bottleneck_num: 256
04-10 07:30:52 last_batch: False
04-10 07:30:52 distance_metric: False
04-10 07:30:52 distance_loss: MK-MMD
04-10 07:30:52 trade_off_distance: Step
04-10 07:30:52 lam_distance: 1
04-10 07:30:52 domain_adversarial: True
04-10 07:30:52 adversarial_loss: CDA+E
04-10 07:30:52 hidden_size: 1024
04-10 07:30:52 trade_off_adversarial: Step
04-10 07:30:52 lam_adversarial: 1
04-10 07:30:52 opt: adam
04-10 07:30:52 lr: 0.001
04-10 07:30:52 momentum: 0.9
04-10 07:30:52 weight_decay: 1e-05
04-10 07:30:52 lr_scheduler: step
04-10 07:30:52 gamma: 0.1
04-10 07:30:52 steps: 150, 250
04-10 07:30:52 middle_epoch: 50
04-10 07:30:52 max_epoch: 300
04-10 07:30:52 print_step: 50
04-10 07:30:52 using 1 gpus
