04-10 08:14:05 method: base
04-10 08:14:05 model_name: cnn_features_1d
04-10 08:14:05 data_name: CWRU
04-10 08:14:05 data_dir: /home/workspace/UDA_Bearing_Fault_Diagnosis/Data/CWRU/
04-10 08:14:05 transfer_task: [[1], [0]]
04-10 08:14:05 normlizetype: mean-std
04-10 08:14:05 cuda_device: 0
04-10 08:14:05 checkpoint_dir: ./checkpoint
04-10 08:14:05 pretrained: False
04-10 08:14:05 batch_size: 64
04-10 08:14:05 num_workers: 0
04-10 08:14:05 bottleneck: True
04-10 08:14:05 bottleneck_num: 256
04-10 08:14:05 last_batch: False
04-10 08:14:05 distance_metric: False
04-10 08:14:05 distance_loss: MK-MMD
04-10 08:14:05 trade_off_distance: Step
04-10 08:14:05 lam_distance: 1
04-10 08:14:05 domain_adversarial: False
04-10 08:14:05 adversarial_loss: CDA+E
04-10 08:14:05 hidden_size: 1024
04-10 08:14:05 trade_off_adversarial: Step
04-10 08:14:05 lam_adversarial: 1
04-10 08:14:05 opt: adam
04-10 08:14:05 lr: 0.001
04-10 08:14:05 momentum: 0.9
04-10 08:14:05 weight_decay: 1e-05
04-10 08:14:05 lr_scheduler: step
04-10 08:14:05 gamma: 0.1
04-10 08:14:05 steps: 150, 250
04-10 08:14:05 middle_epoch: 50
04-10 08:14:05 max_epoch: 300
04-10 08:14:05 print_step: 50
04-10 08:14:05 using 1 gpus
