04-10 08:28:09 method: multiDA
04-10 08:28:09 model_name: cnn_features_1d
04-10 08:28:09 data_name: CWRU
04-10 08:28:09 data_dir: /home/workspace/UDA_Bearing_Fault_Diagnosis/Data
04-10 08:28:09 transfer_task: [[1, 2], [0]]
04-10 08:28:09 normlizetype: mean-std
04-10 08:28:09 adabn: False
04-10 08:28:09 eval_all: False
04-10 08:28:09 adabn_epochs: 3
04-10 08:28:09 cuda_device: 0
04-10 08:28:09 checkpoint_dir: ./checkpoint
04-10 08:28:09 pretrained: False
04-10 08:28:09 batch_size: 64
04-10 08:28:09 num_workers: 0
04-10 08:28:09 bottleneck: True
04-10 08:28:09 bottleneck_num: 256
04-10 08:28:09 last_batch: False
04-10 08:28:09 distance_metric: False
04-10 08:28:09 distance_loss: MK-MMD
04-10 08:28:09 trade_off_distance: Step
04-10 08:28:09 lam_distance: 1
04-10 08:28:09 domain_adversarial: False
04-10 08:28:09 adversarial_loss: CDA+E
04-10 08:28:09 hidden_size: 1024
04-10 08:28:09 trade_off_adversarial: Step
04-10 08:28:09 lam_adversarial: 1
04-10 08:28:09 opt: adam
04-10 08:28:09 lr: 0.001
04-10 08:28:09 momentum: 0.9
04-10 08:28:09 weight_decay: 1e-05
04-10 08:28:09 lr_scheduler: step
04-10 08:28:09 gamma: 0.1
04-10 08:28:09 steps: 150, 250
04-10 08:28:09 middle_epoch: 50
04-10 08:28:09 max_epoch: 300
04-10 08:28:09 print_step: 50
04-10 08:28:09 using 1 gpus
04-10 08:28:12 -----Epoch 0/299-----
04-10 08:28:12 current lr: [0.001, 0.001, 0.001]
04-10 08:28:12 Epoch: 0 [0/2462], Train Loss: 2.4608 Train Acc: 0.1094,1051.6 examples/sec 0.06 sec/batch
04-10 08:28:12 Epoch: 0 source_train-Loss: 1.5377 source_train-Acc: 0.4517, Cost 0.3 sec
04-10 08:28:12 Epoch: 0 source_val-Loss: 0.8040 source_val-Acc: 0.8068, Cost 0.0 sec
04-10 08:28:12 Epoch: 0 target_val-Loss: 1.0368 target_val-Acc: 0.7701, Cost 0.0 sec
04-10 08:28:12 -----Epoch 1/299-----
04-10 08:28:12 current lr: [0.001, 0.001, 0.001]
04-10 08:28:12 Epoch: 1 [704/2462], Train Loss: 1.3669 Train Acc: 0.5054,10286.8 examples/sec 0.01 sec/batch
04-10 08:28:13 Epoch: 1 source_train-Loss: 0.6991 source_train-Acc: 0.7258, Cost 0.2 sec
04-10 08:28:13 Epoch: 1 source_val-Loss: 0.3013 source_val-Acc: 0.8977, Cost 0.0 sec
04-10 08:28:13 Epoch: 1 target_val-Loss: 0.5202 target_val-Acc: 0.8046, Cost 0.0 sec
04-10 08:28:13 -----Epoch 2/299-----
04-10 08:28:13 current lr: [0.001, 0.001, 0.001]
