04-10 07:36:13 method: DA
04-10 07:36:13 model_name: cnn_features_1d
04-10 07:36:13 data_name: multi_CWRU
04-10 07:36:13 data_dir: /home/workspace/UDA_Bearing_Fault_Diagnosis/Data/CWRU/
04-10 07:36:13 transfer_task: [[1], [0]]
04-10 07:36:13 normlizetype: mean-std
04-10 07:36:13 cuda_device: 0
04-10 07:36:13 checkpoint_dir: ./checkpoint
04-10 07:36:13 pretrained: False
04-10 07:36:13 batch_size: 64
04-10 07:36:13 num_workers: 0
04-10 07:36:13 bottleneck: True
04-10 07:36:13 bottleneck_num: 256
04-10 07:36:13 last_batch: False
04-10 07:36:13 distance_metric: False
04-10 07:36:13 distance_loss: MK-MMD
04-10 07:36:13 trade_off_distance: Step
04-10 07:36:13 lam_distance: 1
04-10 07:36:13 domain_adversarial: True
04-10 07:36:13 adversarial_loss: CDA+E
04-10 07:36:13 hidden_size: 1024
04-10 07:36:13 trade_off_adversarial: Step
04-10 07:36:13 lam_adversarial: 1
04-10 07:36:13 opt: adam
04-10 07:36:13 lr: 0.001
04-10 07:36:13 momentum: 0.9
04-10 07:36:13 weight_decay: 1e-05
04-10 07:36:13 lr_scheduler: step
04-10 07:36:13 gamma: 0.1
04-10 07:36:13 steps: 150, 250
04-10 07:36:13 middle_epoch: 50
04-10 07:36:13 max_epoch: 300
04-10 07:36:13 print_step: 50
04-10 07:36:13 using 1 gpus
